{"C:\\ProLaunch.MVP.V2\\frontend\\src\\setupTests.ts": {"path":"C:\\ProLaunch.MVP.V2\\frontend\\src\\setupTests.ts","statementMap":{"0":{"start":{"line":5,"column":25},"end":{"line":17,"column":1}},"1":{"start":{"line":7,"column":28},"end":{"line":7,"column":63}},"2":{"start":{"line":9,"column":4},"end":{"line":9,"column":47}},"3":{"start":{"line":12,"column":4},"end":{"line":12,"column":38}},"4":{"start":{"line":15,"column":4},"end":{"line":15,"column":31}},"5":{"start":{"line":19,"column":0},"end":{"line":19,"column":74}},"6":{"start":{"line":22,"column":0},"end":{"line":31,"column":3}},"7":{"start":{"line":22,"column":54},"end":{"line":31,"column":1}}},"fnMap":{"0":{"name":"(anonymous_0)","decl":{"start":{"line":7,"column":19},"end":{"line":7,"column":20}},"loc":{"start":{"line":7,"column":28},"end":{"line":7,"column":63}},"line":7},"1":{"name":"(anonymous_1)","decl":{"start":{"line":8,"column":19},"end":{"line":8,"column":20}},"loc":{"start":{"line":8,"column":35},"end":{"line":10,"column":3}},"line":8},"2":{"name":"(anonymous_2)","decl":{"start":{"line":11,"column":22},"end":{"line":11,"column":23}},"loc":{"start":{"line":11,"column":31},"end":{"line":13,"column":3}},"line":11},"3":{"name":"(anonymous_3)","decl":{"start":{"line":14,"column":17},"end":{"line":14,"column":18}},"loc":{"start":{"line":14,"column":23},"end":{"line":16,"column":3}},"line":14},"4":{"name":"(anonymous_4)","decl":{"start":{"line":22,"column":42},"end":{"line":22,"column":43}},"loc":{"start":{"line":22,"column":54},"end":{"line":31,"column":1}},"line":22},"5":{"name":"(anonymous_5)","decl":{"start":{"line":26,"column":15},"end":{"line":26,"column":16}},"loc":{"start":{"line":26,"column":21},"end":{"line":26,"column":23}},"line":26},"6":{"name":"(anonymous_6)","decl":{"start":{"line":27,"column":18},"end":{"line":27,"column":19}},"loc":{"start":{"line":27,"column":24},"end":{"line":27,"column":26}},"line":27},"7":{"name":"(anonymous_7)","decl":{"start":{"line":28,"column":20},"end":{"line":28,"column":21}},"loc":{"start":{"line":28,"column":26},"end":{"line":28,"column":28}},"line":28},"8":{"name":"(anonymous_8)","decl":{"start":{"line":29,"column":23},"end":{"line":29,"column":24}},"loc":{"start":{"line":29,"column":29},"end":{"line":29,"column":31}},"line":29},"9":{"name":"(anonymous_9)","decl":{"start":{"line":30,"column":17},"end":{"line":30,"column":18}},"loc":{"start":{"line":30,"column":23},"end":{"line":30,"column":25}},"line":30}},"branchMap":{"0":{"loc":{"start":{"line":7,"column":28},"end":{"line":7,"column":63}},"type":"binary-expr","locations":[{"start":{"line":7,"column":28},"end":{"line":7,"column":55}},{"start":{"line":7,"column":59},"end":{"line":7,"column":63}}],"line":7},"1":{"loc":{"start":{"line":22,"column":20},"end":{"line":31,"column":3}},"type":"binary-expr","locations":[{"start":{"line":22,"column":20},"end":{"line":22,"column":37}},{"start":{"line":22,"column":42},"end":{"line":31,"column":2}}],"line":22}},"s":{"0":0,"1":0,"2":0,"3":0,"4":0,"5":0,"6":0,"7":0},"f":{"0":0,"1":0,"2":0,"3":0,"4":0,"5":0,"6":0,"7":0,"8":0,"9":0},"b":{"0":[0,0],"1":[0,0]}}
,"C:\\ProLaunch.MVP.V2\\frontend\\src\\components\\auth\\ForgotPasswordForm.tsx": {"path":"C:\\ProLaunch.MVP.V2\\frontend\\src\\components\\auth\\ForgotPasswordForm.tsx","statementMap":{"0":{"start":{"line":10,"column":34},"end":{"line":97,"column":1}},"1":{"start":{"line":11,"column":36},"end":{"line":11,"column":51}},"2":{"start":{"line":12,"column":28},"end":{"line":12,"column":40}},"3":{"start":{"line":13,"column":36},"end":{"line":13,"column":51}},"4":{"start":{"line":19,"column":6},"end":{"line":21,"column":4}},"5":{"start":{"line":23,"column":19},"end":{"line":36,"column":3}},"6":{"start":{"line":24,"column":4},"end":{"line":35,"column":5}},"7":{"start":{"line":25,"column":6},"end":{"line":25,"column":25}},"8":{"start":{"line":26,"column":6},"end":{"line":26,"column":19}},"9":{"start":{"line":28,"column":6},"end":{"line":28,"column":49}},"10":{"start":{"line":29,"column":6},"end":{"line":29,"column":25}},"11":{"start":{"line":31,"column":6},"end":{"line":31,"column":69}},"12":{"start":{"line":32,"column":6},"end":{"line":32,"column":26}},"13":{"start":{"line":34,"column":6},"end":{"line":34,"column":26}},"14":{"start":{"line":38,"column":2},"end":{"line":55,"column":3}},"15":{"start":{"line":39,"column":4},"end":{"line":54,"column":6}},"16":{"start":{"line":57,"column":2},"end":{"line":96,"column":4}}},"fnMap":{"0":{"name":"(anonymous_0)","decl":{"start":{"line":10,"column":34},"end":{"line":10,"column":35}},"loc":{"start":{"line":10,"column":40},"end":{"line":97,"column":1}},"line":10},"1":{"name":"(anonymous_1)","decl":{"start":{"line":23,"column":19},"end":{"line":23,"column":20}},"loc":{"start":{"line":23,"column":55},"end":{"line":36,"column":3}},"line":23}},"branchMap":{"0":{"loc":{"start":{"line":38,"column":2},"end":{"line":55,"column":3}},"type":"if","locations":[{"start":{"line":38,"column":2},"end":{"line":55,"column":3}},{"start":{},"end":{}}],"line":38},"1":{"loc":{"start":{"line":59,"column":7},"end":{"line":63,"column":7}},"type":"binary-expr","locations":[{"start":{"line":59,"column":7},"end":{"line":59,"column":12}},{"start":{"line":60,"column":8},"end":{"line":62,"column":16}}],"line":59}},"s":{"0":0,"1":0,"2":0,"3":0,"4":0,"5":0,"6":0,"7":0,"8":0,"9":0,"10":0,"11":0,"12":0,"13":0,"14":0,"15":0,"16":0},"f":{"0":0,"1":0},"b":{"0":[0,0],"1":[0,0]}}
,"C:\\ProLaunch.MVP.V2\\frontend\\src\\components\\auth\\LoginForm.tsx": {"path":"C:\\ProLaunch.MVP.V2\\frontend\\src\\components\\auth\\LoginForm.tsx","statementMap":{"0":{"start":{"line":36,"column":51},"end":{"line":177,"column":1}},"1":{"start":{"line":37,"column":36},"end":{"line":37,"column":51}},"2":{"start":{"line":38,"column":42},"end":{"line":38,"column":57}},"3":{"start":{"line":39,"column":22},"end":{"line":39,"column":39}},"4":{"start":{"line":40,"column":16},"end":{"line":40,"column":26}},"5":{"start":{"line":48,"column":6},"end":{"line":48,"column":32}},"6":{"start":{"line":50,"column":19},"end":{"line":93,"column":3}},"7":{"start":{"line":51,"column":4},"end":{"line":92,"column":5}},"8":{"start":{"line":52,"column":6},"end":{"line":52,"column":24}},"9":{"start":{"line":54,"column":6},"end":{"line":54,"column":77}},"10":{"start":{"line":56,"column":6},"end":{"line":58,"column":7}},"11":{"start":{"line":57,"column":8},"end":{"line":57,"column":60}},"12":{"start":{"line":60,"column":6},"end":{"line":60,"column":19}},"13":{"start":{"line":62,"column":6},"end":{"line":67,"column":8}},"14":{"start":{"line":69,"column":6},"end":{"line":72,"column":8}},"15":{"start":{"line":74,"column":6},"end":{"line":74,"column":22}},"16":{"start":{"line":76,"column":6},"end":{"line":82,"column":8}},"17":{"start":{"line":85,"column":6},"end":{"line":89,"column":7}},"18":{"start":{"line":86,"column":8},"end":{"line":86,"column":25}},"19":{"start":{"line":87,"column":13},"end":{"line":89,"column":7}},"20":{"start":{"line":88,"column":8},"end":{"line":88,"column":28}},"21":{"start":{"line":91,"column":6},"end":{"line":91,"column":25}},"22":{"start":{"line":95,"column":2},"end":{"line":176,"column":3}},"23":{"start":{"line":130,"column":31},"end":{"line":130,"column":61}}},"fnMap":{"0":{"name":"(anonymous_0)","decl":{"start":{"line":36,"column":51},"end":{"line":36,"column":52}},"loc":{"start":{"line":36,"column":91},"end":{"line":177,"column":1}},"line":36},"1":{"name":"(anonymous_1)","decl":{"start":{"line":50,"column":19},"end":{"line":50,"column":20}},"loc":{"start":{"line":50,"column":52},"end":{"line":93,"column":3}},"line":50},"2":{"name":"(anonymous_2)","decl":{"start":{"line":130,"column":25},"end":{"line":130,"column":26}},"loc":{"start":{"line":130,"column":31},"end":{"line":130,"column":61}},"line":130}},"branchMap":{"0":{"loc":{"start":{"line":56,"column":6},"end":{"line":58,"column":7}},"type":"if","locations":[{"start":{"line":56,"column":6},"end":{"line":58,"column":7}},{"start":{},"end":{}}],"line":56},"1":{"loc":{"start":{"line":85,"column":6},"end":{"line":89,"column":7}},"type":"if","locations":[{"start":{"line":85,"column":6},"end":{"line":89,"column":7}},{"start":{"line":87,"column":13},"end":{"line":89,"column":7}}],"line":85},"2":{"loc":{"start":{"line":87,"column":13},"end":{"line":89,"column":7}},"type":"if","locations":[{"start":{"line":87,"column":13},"end":{"line":89,"column":7}},{"start":{},"end":{}}],"line":87},"3":{"loc":{"start":{"line":120,"column":20},"end":{"line":120,"column":54}},"type":"cond-expr","locations":[{"start":{"line":120,"column":35},"end":{"line":120,"column":41}},{"start":{"line":120,"column":44},"end":{"line":120,"column":54}}],"line":120},"4":{"loc":{"start":{"line":131,"column":28},"end":{"line":131,"column":76}},"type":"cond-expr","locations":[{"start":{"line":131,"column":43},"end":{"line":131,"column":58}},{"start":{"line":131,"column":61},"end":{"line":131,"column":76}}],"line":131},"5":{"loc":{"start":{"line":133,"column":17},"end":{"line":133,"column":47}},"type":"cond-expr","locations":[{"start":{"line":133,"column":32},"end":{"line":133,"column":38}},{"start":{"line":133,"column":41},"end":{"line":133,"column":47}}],"line":133},"6":{"loc":{"start":{"line":152,"column":9},"end":{"line":156,"column":9}},"type":"binary-expr","locations":[{"start":{"line":152,"column":9},"end":{"line":152,"column":20}},{"start":{"line":153,"column":10},"end":{"line":155,"column":17}}],"line":152}},"s":{"0":0,"1":0,"2":0,"3":0,"4":0,"5":0,"6":0,"7":0,"8":0,"9":0,"10":0,"11":0,"12":0,"13":0,"14":0,"15":0,"16":0,"17":0,"18":0,"19":0,"20":0,"21":0,"22":0,"23":0},"f":{"0":0,"1":0,"2":0},"b":{"0":[0,0],"1":[0,0],"2":[0,0],"3":[0,0],"4":[0,0],"5":[0,0],"6":[0,0]}}
,"C:\\ProLaunch.MVP.V2\\frontend\\src\\components\\auth\\SignInForm.tsx": {"path":"C:\\ProLaunch.MVP.V2\\frontend\\src\\components\\auth\\SignInForm.tsx","statementMap":{"0":{"start":{"line":10,"column":26},"end":{"line":98,"column":1}},"1":{"start":{"line":11,"column":36},"end":{"line":11,"column":51}},"2":{"start":{"line":12,"column":28},"end":{"line":12,"column":40}},"3":{"start":{"line":18,"column":6},"end":{"line":20,"column":4}},"4":{"start":{"line":22,"column":19},"end":{"line":33,"column":3}},"5":{"start":{"line":23,"column":4},"end":{"line":32,"column":5}},"6":{"start":{"line":24,"column":6},"end":{"line":24,"column":25}},"7":{"start":{"line":25,"column":6},"end":{"line":25,"column":19}},"8":{"start":{"line":27,"column":6},"end":{"line":27,"column":41}},"9":{"start":{"line":29,"column":6},"end":{"line":29,"column":51}},"10":{"start":{"line":31,"column":6},"end":{"line":31,"column":26}},"11":{"start":{"line":35,"column":2},"end":{"line":97,"column":4}}},"fnMap":{"0":{"name":"(anonymous_0)","decl":{"start":{"line":10,"column":26},"end":{"line":10,"column":27}},"loc":{"start":{"line":10,"column":32},"end":{"line":98,"column":1}},"line":10},"1":{"name":"(anonymous_1)","decl":{"start":{"line":22,"column":19},"end":{"line":22,"column":20}},"loc":{"start":{"line":22,"column":47},"end":{"line":33,"column":3}},"line":22}},"branchMap":{"0":{"loc":{"start":{"line":37,"column":7},"end":{"line":41,"column":7}},"type":"binary-expr","locations":[{"start":{"line":37,"column":7},"end":{"line":37,"column":12}},{"start":{"line":38,"column":8},"end":{"line":40,"column":16}}],"line":37}},"s":{"0":0,"1":0,"2":0,"3":0,"4":0,"5":0,"6":0,"7":0,"8":0,"9":0,"10":0,"11":0},"f":{"0":0,"1":0},"b":{"0":[0,0]}}
,"C:\\ProLaunch.MVP.V2\\frontend\\src\\components\\auth\\SignUpForm.tsx": {"path":"C:\\ProLaunch.MVP.V2\\frontend\\src\\components\\auth\\SignUpForm.tsx","statementMap":{"0":{"start":{"line":10,"column":26},"end":{"line":137,"column":1}},"1":{"start":{"line":11,"column":36},"end":{"line":11,"column":51}},"2":{"start":{"line":12,"column":28},"end":{"line":12,"column":40}},"3":{"start":{"line":19,"column":6},"end":{"line":21,"column":4}},"4":{"start":{"line":23,"column":19},"end":{"line":23,"column":36}},"5":{"start":{"line":25,"column":19},"end":{"line":36,"column":3}},"6":{"start":{"line":26,"column":4},"end":{"line":35,"column":5}},"7":{"start":{"line":27,"column":6},"end":{"line":27,"column":25}},"8":{"start":{"line":28,"column":6},"end":{"line":28,"column":19}},"9":{"start":{"line":30,"column":6},"end":{"line":30,"column":41}},"10":{"start":{"line":32,"column":6},"end":{"line":32,"column":51}},"11":{"start":{"line":34,"column":6},"end":{"line":34,"column":26}},"12":{"start":{"line":38,"column":2},"end":{"line":136,"column":4}},"13":{"start":{"line":80,"column":31},"end":{"line":80,"column":77}}},"fnMap":{"0":{"name":"(anonymous_0)","decl":{"start":{"line":10,"column":26},"end":{"line":10,"column":27}},"loc":{"start":{"line":10,"column":32},"end":{"line":137,"column":1}},"line":10},"1":{"name":"(anonymous_1)","decl":{"start":{"line":25,"column":19},"end":{"line":25,"column":20}},"loc":{"start":{"line":25,"column":47},"end":{"line":36,"column":3}},"line":25},"2":{"name":"(anonymous_2)","decl":{"start":{"line":80,"column":22},"end":{"line":80,"column":23}},"loc":{"start":{"line":80,"column":31},"end":{"line":80,"column":77}},"line":80}},"branchMap":{"0":{"loc":{"start":{"line":40,"column":7},"end":{"line":44,"column":7}},"type":"binary-expr","locations":[{"start":{"line":40,"column":7},"end":{"line":40,"column":12}},{"start":{"line":41,"column":8},"end":{"line":43,"column":16}}],"line":40},"1":{"loc":{"start":{"line":80,"column":31},"end":{"line":80,"column":77}},"type":"binary-expr","locations":[{"start":{"line":80,"column":31},"end":{"line":80,"column":49}},{"start":{"line":80,"column":53},"end":{"line":80,"column":77}}],"line":80},"2":{"loc":{"start":{"line":115,"column":9},"end":{"line":117,"column":9}},"type":"binary-expr","locations":[{"start":{"line":115,"column":9},"end":{"line":115,"column":21}},{"start":{"line":116,"column":10},"end":{"line":116,"column":72}}],"line":115}},"s":{"0":0,"1":0,"2":0,"3":0,"4":0,"5":0,"6":0,"7":0,"8":0,"9":0,"10":0,"11":0,"12":0,"13":0},"f":{"0":0,"1":0,"2":0},"b":{"0":[0,0],"1":[0,0],"2":[0,0]}}
,"C:\\ProLaunch.MVP.V2\\frontend\\src\\components\\auth\\index.ts": {"path":"C:\\ProLaunch.MVP.V2\\frontend\\src\\components\\auth\\index.ts","statementMap":{},"fnMap":{},"branchMap":{},"s":{},"f":{},"b":{}}
,"C:\\ProLaunch.MVP.V2\\frontend\\src\\components\\auth\\__tests__\\Wrapper.tsx": {"path":"C:\\ProLaunch.MVP.V2\\frontend\\src\\components\\auth\\__tests__\\Wrapper.tsx","statementMap":{"0":{"start":{"line":5,"column":20},"end":{"line":10,"column":2}},"1":{"start":{"line":12,"column":64},"end":{"line":20,"column":1}},"2":{"start":{"line":13,"column":2},"end":{"line":19,"column":3}}},"fnMap":{"0":{"name":"(anonymous_0)","decl":{"start":{"line":12,"column":64},"end":{"line":12,"column":65}},"loc":{"start":{"line":12,"column":82},"end":{"line":20,"column":1}},"line":12}},"branchMap":{},"s":{"0":0,"1":0,"2":0},"f":{"0":0},"b":{}}
,"C:\\ProLaunch.MVP.V2\\frontend\\src\\components\\auth\\__tests__\\setup.ts": {"path":"C:\\ProLaunch.MVP.V2\\frontend\\src\\components\\auth\\__tests__\\setup.ts","statementMap":{"0":{"start":{"line":4,"column":21},"end":{"line":4,"column":87}},"1":{"start":{"line":4,"column":43},"end":{"line":4,"column":87}}},"fnMap":{"0":{"name":"(anonymous_0)","decl":{"start":{"line":4,"column":21},"end":{"line":4,"column":22}},"loc":{"start":{"line":4,"column":43},"end":{"line":4,"column":87}},"line":4}},"branchMap":{"0":{"loc":{"start":{"line":4,"column":26},"end":{"line":4,"column":38}},"type":"default-arg","locations":[{"start":{"line":4,"column":36},"end":{"line":4,"column":38}}],"line":4}},"s":{"0":0,"1":0},"f":{"0":0},"b":{"0":[0]}}
,"C:\\ProLaunch.MVP.V2\\frontend\\src\\components\\auth\\__tests__\\setup.tsx": {"path":"C:\\ProLaunch.MVP.V2\\frontend\\src\\components\\auth\\__tests__\\setup.tsx","statementMap":{"0":{"start":{"line":6,"column":20},"end":{"line":15,"column":2}},"1":{"start":{"line":17,"column":16},"end":{"line":23,"column":1}},"2":{"start":{"line":18,"column":2},"end":{"line":22,"column":3}},"3":{"start":{"line":25,"column":21},"end":{"line":26,"column":46}},"4":{"start":{"line":26,"column":2},"end":{"line":26,"column":46}}},"fnMap":{"0":{"name":"(anonymous_0)","decl":{"start":{"line":17,"column":16},"end":{"line":17,"column":17}},"loc":{"start":{"line":17,"column":65},"end":{"line":23,"column":1}},"line":17},"1":{"name":"(anonymous_1)","decl":{"start":{"line":25,"column":21},"end":{"line":25,"column":22}},"loc":{"start":{"line":26,"column":2},"end":{"line":26,"column":46}},"line":26}},"branchMap":{"0":{"loc":{"start":{"line":25,"column":46},"end":{"line":25,"column":58}},"type":"default-arg","locations":[{"start":{"line":25,"column":56},"end":{"line":25,"column":58}}],"line":25}},"s":{"0":0,"1":0,"2":0,"3":0,"4":0},"f":{"0":0,"1":0},"b":{"0":[0]}}
,"C:\\ProLaunch.MVP.V2\\frontend\\src\\components\\auth\\__tests__\\setupTestEnv.ts": {"path":"C:\\ProLaunch.MVP.V2\\frontend\\src\\components\\auth\\__tests__\\setupTestEnv.ts","statementMap":{"0":{"start":{"line":3,"column":0},"end":{"line":6,"column":2}},"1":{"start":{"line":4,"column":2},"end":{"line":4,"column":11}},"2":{"start":{"line":5,"column":2},"end":{"line":5,"column":22}}},"fnMap":{"0":{"name":"(anonymous_0)","decl":{"start":{"line":3,"column":10},"end":{"line":3,"column":11}},"loc":{"start":{"line":3,"column":16},"end":{"line":6,"column":1}},"line":3}},"branchMap":{},"s":{"0":0,"1":0,"2":0},"f":{"0":0},"b":{}}
,"C:\\ProLaunch.MVP.V2\\frontend\\src\\components\\chat\\ChatErrorBoundary.tsx": {"path":"C:\\ProLaunch.MVP.V2\\frontend\\src\\components\\chat\\ChatErrorBoundary.tsx","statementMap":{"0":{"start":{"line":16,"column":8},"end":{"line":16,"column":21}},"1":{"start":{"line":17,"column":8},"end":{"line":17,"column":41}},"2":{"start":{"line":21,"column":8},"end":{"line":24,"column":10}},"3":{"start":{"line":28,"column":8},"end":{"line":28,"column":55}},"4":{"start":{"line":31,"column":18},"end":{"line":34,"column":5}},"5":{"start":{"line":32,"column":8},"end":{"line":32,"column":61}},"6":{"start":{"line":33,"column":8},"end":{"line":33,"column":31}},"7":{"start":{"line":37,"column":8},"end":{"line":63,"column":9}},"8":{"start":{"line":38,"column":12},"end":{"line":62,"column":14}},"9":{"start":{"line":65,"column":8},"end":{"line":65,"column":35}}},"fnMap":{"0":{"name":"(anonymous_0)","decl":{"start":{"line":15,"column":4},"end":{"line":15,"column":5}},"loc":{"start":{"line":15,"column":43},"end":{"line":18,"column":5}},"line":15},"1":{"name":"(anonymous_1)","decl":{"start":{"line":20,"column":4},"end":{"line":20,"column":5}},"loc":{"start":{"line":20,"column":70},"end":{"line":25,"column":5}},"line":20},"2":{"name":"(anonymous_2)","decl":{"start":{"line":27,"column":4},"end":{"line":27,"column":5}},"loc":{"start":{"line":27,"column":64},"end":{"line":29,"column":5}},"line":27},"3":{"name":"(anonymous_3)","decl":{"start":{"line":31,"column":18},"end":{"line":31,"column":19}},"loc":{"start":{"line":31,"column":24},"end":{"line":34,"column":5}},"line":31},"4":{"name":"(anonymous_4)","decl":{"start":{"line":36,"column":4},"end":{"line":36,"column":5}},"loc":{"start":{"line":36,"column":13},"end":{"line":66,"column":5}},"line":36}},"branchMap":{"0":{"loc":{"start":{"line":37,"column":8},"end":{"line":63,"column":9}},"type":"if","locations":[{"start":{"line":37,"column":8},"end":{"line":63,"column":9}},{"start":{},"end":{}}],"line":37},"1":{"loc":{"start":{"line":55,"column":29},"end":{"line":55,"column":100}},"type":"binary-expr","locations":[{"start":{"line":55,"column":29},"end":{"line":55,"column":54}},{"start":{"line":55,"column":58},"end":{"line":55,"column":100}}],"line":55}},"s":{"0":0,"1":0,"2":0,"3":0,"4":0,"5":0,"6":0,"7":0,"8":0,"9":0},"f":{"0":0,"1":0,"2":0,"3":0,"4":0},"b":{"0":[0,0],"1":[0,0]}}
,"C:\\ProLaunch.MVP.V2\\frontend\\src\\components\\chat\\ChatInterface.tsx": {"path":"C:\\ProLaunch.MVP.V2\\frontend\\src\\components\\chat\\ChatInterface.tsx","statementMap":{"0":{"start":{"line":29,"column":8},"end":{"line":29,"column":14}},"1":{"start":{"line":31,"column":40},"end":{"line":31,"column":71}},"2":{"start":{"line":32,"column":21},"end":{"line":32,"column":66}},"3":{"start":{"line":33,"column":54},"end":{"line":33,"column":68}},"4":{"start":{"line":47,"column":8},"end":{"line":47,"column":33}},"5":{"start":{"line":49,"column":29},"end":{"line":60,"column":5}},"6":{"start":{"line":50,"column":8},"end":{"line":59,"column":9}},"7":{"start":{"line":51,"column":12},"end":{"line":53,"column":13}},"8":{"start":{"line":52,"column":16},"end":{"line":52,"column":41}},"9":{"start":{"line":54,"column":12},"end":{"line":54,"column":32}},"10":{"start":{"line":55,"column":12},"end":{"line":55,"column":30}},"11":{"start":{"line":56,"column":12},"end":{"line":58,"column":13}},"12":{"start":{"line":57,"column":16},"end":{"line":57,"column":44}},"13":{"start":{"line":62,"column":30},"end":{"line":64,"column":5}},"14":{"start":{"line":63,"column":8},"end":{"line":63,"column":35}},"15":{"start":{"line":66,"column":4},"end":{"line":135,"column":6}},"16":{"start":{"line":108,"column":28},"end":{"line":108,"column":72}},"17":{"start":{"line":111,"column":28},"end":{"line":111,"column":62}},"18":{"start":{"line":114,"column":28},"end":{"line":114,"column":59}},"19":{"start":{"line":117,"column":28},"end":{"line":117,"column":65}}},"fnMap":{"0":{"name":"ChatInterface","decl":{"start":{"line":19,"column":24},"end":{"line":19,"column":37}},"loc":{"start":{"line":24,"column":23},"end":{"line":136,"column":1}},"line":24},"1":{"name":"(anonymous_1)","decl":{"start":{"line":49,"column":29},"end":{"line":49,"column":30}},"loc":{"start":{"line":49,"column":49},"end":{"line":60,"column":5}},"line":49},"2":{"name":"(anonymous_2)","decl":{"start":{"line":62,"column":30},"end":{"line":62,"column":31}},"loc":{"start":{"line":62,"column":36},"end":{"line":64,"column":5}},"line":62},"3":{"name":"(anonymous_3)","decl":{"start":{"line":107,"column":39},"end":{"line":107,"column":40}},"loc":{"start":{"line":108,"column":28},"end":{"line":108,"column":72}},"line":108},"4":{"name":"(anonymous_4)","decl":{"start":{"line":110,"column":34},"end":{"line":110,"column":35}},"loc":{"start":{"line":111,"column":28},"end":{"line":111,"column":62}},"line":111},"5":{"name":"(anonymous_5)","decl":{"start":{"line":113,"column":36},"end":{"line":113,"column":37}},"loc":{"start":{"line":114,"column":28},"end":{"line":114,"column":59}},"line":114},"6":{"name":"(anonymous_6)","decl":{"start":{"line":116,"column":36},"end":{"line":116,"column":37}},"loc":{"start":{"line":117,"column":28},"end":{"line":117,"column":65}},"line":117}},"branchMap":{"0":{"loc":{"start":{"line":22,"column":4},"end":{"line":22,"column":21}},"type":"default-arg","locations":[{"start":{"line":22,"column":19},"end":{"line":22,"column":21}}],"line":22},"1":{"loc":{"start":{"line":23,"column":4},"end":{"line":23,"column":15}},"type":"default-arg","locations":[{"start":{"line":23,"column":13},"end":{"line":23,"column":15}}],"line":23},"2":{"loc":{"start":{"line":26,"column":8},"end":{"line":26,"column":26}},"type":"default-arg","locations":[{"start":{"line":26,"column":23},"end":{"line":26,"column":26}}],"line":26},"3":{"loc":{"start":{"line":27,"column":8},"end":{"line":27,"column":26}},"type":"default-arg","locations":[{"start":{"line":27,"column":23},"end":{"line":27,"column":26}}],"line":27},"4":{"loc":{"start":{"line":28,"column":8},"end":{"line":28,"column":26}},"type":"default-arg","locations":[{"start":{"line":28,"column":22},"end":{"line":28,"column":26}}],"line":28},"5":{"loc":{"start":{"line":50,"column":8},"end":{"line":59,"column":9}},"type":"if","locations":[{"start":{"line":50,"column":8},"end":{"line":59,"column":9}},{"start":{},"end":{}}],"line":50},"6":{"loc":{"start":{"line":51,"column":12},"end":{"line":53,"column":13}},"type":"if","locations":[{"start":{"line":51,"column":12},"end":{"line":53,"column":13}},{"start":{},"end":{}}],"line":51},"7":{"loc":{"start":{"line":56,"column":12},"end":{"line":58,"column":13}},"type":"if","locations":[{"start":{"line":56,"column":12},"end":{"line":58,"column":13}},{"start":{},"end":{}}],"line":56},"8":{"loc":{"start":{"line":74,"column":13},"end":{"line":92,"column":13}},"type":"binary-expr","locations":[{"start":{"line":74,"column":13},"end":{"line":74,"column":24}},{"start":{"line":74,"column":30},"end":{"line":74,"column":39}},{"start":{"line":74,"column":43},"end":{"line":74,"column":60}},{"start":{"line":75,"column":16},"end":{"line":91,"column":22}}],"line":74},"9":{"loc":{"start":{"line":76,"column":23},"end":{"line":76,"column":62}},"type":"cond-expr","locations":[{"start":{"line":76,"column":34},"end":{"line":76,"column":40}},{"start":{"line":76,"column":43},"end":{"line":76,"column":62}}],"line":76},"10":{"loc":{"start":{"line":80,"column":30},"end":{"line":80,"column":64}},"type":"cond-expr","locations":[{"start":{"line":80,"column":41},"end":{"line":80,"column":51}},{"start":{"line":80,"column":54},"end":{"line":80,"column":64}}],"line":80},"11":{"loc":{"start":{"line":97,"column":22},"end":{"line":97,"column":61}},"type":"cond-expr","locations":[{"start":{"line":97,"column":33},"end":{"line":97,"column":39}},{"start":{"line":97,"column":42},"end":{"line":97,"column":61}}],"line":97},"12":{"loc":{"start":{"line":100,"column":25},"end":{"line":100,"column":73}},"type":"cond-expr","locations":[{"start":{"line":100,"column":57},"end":{"line":100,"column":63}},{"start":{"line":100,"column":66},"end":{"line":100,"column":73}}],"line":100},"13":{"loc":{"start":{"line":100,"column":25},"end":{"line":100,"column":54}},"type":"binary-expr","locations":[{"start":{"line":100,"column":25},"end":{"line":100,"column":33}},{"start":{"line":100,"column":37},"end":{"line":100,"column":54}}],"line":100},"14":{"loc":{"start":{"line":102,"column":17},"end":{"line":132,"column":17}},"type":"cond-expr","locations":[{"start":{"line":103,"column":20},"end":{"line":121,"column":22}},{"start":{"line":123,"column":20},"end":{"line":131,"column":27}}],"line":102},"15":{"loc":{"start":{"line":105,"column":34},"end":{"line":105,"column":63}},"type":"binary-expr","locations":[{"start":{"line":105,"column":34},"end":{"line":105,"column":57}},{"start":{"line":105,"column":61},"end":{"line":105,"column":63}}],"line":105},"16":{"loc":{"start":{"line":106,"column":37},"end":{"line":106,"column":69}},"type":"binary-expr","locations":[{"start":{"line":106,"column":37},"end":{"line":106,"column":63}},{"start":{"line":106,"column":67},"end":{"line":106,"column":69}}],"line":106},"17":{"loc":{"start":{"line":119,"column":32},"end":{"line":119,"column":72}},"type":"cond-expr","locations":[{"start":{"line":119,"column":43},"end":{"line":119,"column":60}},{"start":{"line":119,"column":63},"end":{"line":119,"column":72}}],"line":119}},"s":{"0":0,"1":0,"2":0,"3":0,"4":0,"5":0,"6":0,"7":0,"8":0,"9":0,"10":0,"11":0,"12":0,"13":0,"14":0,"15":0,"16":0,"17":0,"18":0,"19":0},"f":{"0":0,"1":0,"2":0,"3":0,"4":0,"5":0,"6":0},"b":{"0":[0],"1":[0],"2":[0],"3":[0],"4":[0],"5":[0,0],"6":[0,0],"7":[0,0],"8":[0,0,0,0],"9":[0,0],"10":[0,0],"11":[0,0],"12":[0,0],"13":[0,0],"14":[0,0],"15":[0,0],"16":[0,0],"17":[0,0]}}
,"C:\\ProLaunch.MVP.V2\\frontend\\src\\components\\chat\\ChatRoomList.tsx": {"path":"C:\\ProLaunch.MVP.V2\\frontend\\src\\components\\chat\\ChatRoomList.tsx","statementMap":{"0":{"start":{"line":29,"column":42},"end":{"line":29,"column":54}},"1":{"start":{"line":30,"column":20},"end":{"line":30,"column":58}},"2":{"start":{"line":31,"column":25},"end":{"line":31,"column":66}},"3":{"start":{"line":32,"column":26},"end":{"line":32,"column":66}},"4":{"start":{"line":33,"column":22},"end":{"line":33,"column":60}},"5":{"start":{"line":34,"column":23},"end":{"line":34,"column":64}},"6":{"start":{"line":36,"column":26},"end":{"line":41,"column":5}},"7":{"start":{"line":37,"column":8},"end":{"line":40,"column":9}},"8":{"start":{"line":39,"column":12},"end":{"line":39,"column":74}},"9":{"start":{"line":43,"column":27},"end":{"line":54,"column":5}},"10":{"start":{"line":44,"column":8},"end":{"line":44,"column":40}},"11":{"start":{"line":44,"column":23},"end":{"line":44,"column":40}},"12":{"start":{"line":46,"column":8},"end":{"line":51,"column":9}},"13":{"start":{"line":47,"column":37},"end":{"line":49,"column":13}},"14":{"start":{"line":48,"column":16},"end":{"line":48,"column":42}},"15":{"start":{"line":50,"column":12},"end":{"line":50,"column":66}},"16":{"start":{"line":53,"column":8},"end":{"line":53,"column":61}},"17":{"start":{"line":56,"column":26},"end":{"line":64,"column":5}},"18":{"start":{"line":57,"column":8},"end":{"line":62,"column":9}},"19":{"start":{"line":58,"column":37},"end":{"line":60,"column":13}},"20":{"start":{"line":59,"column":16},"end":{"line":59,"column":42}},"21":{"start":{"line":61,"column":12},"end":{"line":61,"column":56}},"22":{"start":{"line":63,"column":8},"end":{"line":63,"column":18}},"23":{"start":{"line":66,"column":4},"end":{"line":170,"column":6}},"24":{"start":{"line":74,"column":41},"end":{"line":74,"column":71}},"25":{"start":{"line":88,"column":37},"end":{"line":88,"column":63}},"26":{"start":{"line":89,"column":40},"end":{"line":89,"column":60}},"27":{"start":{"line":90,"column":38},"end":{"line":90,"column":57}},"28":{"start":{"line":91,"column":40},"end":{"line":91,"column":56}},"29":{"start":{"line":92,"column":38},"end":{"line":92,"column":78}},"30":{"start":{"line":94,"column":20},"end":{"line":166,"column":22}},"31":{"start":{"line":101,"column":43},"end":{"line":101,"column":61}},"32":{"start":{"line":154,"column":83},"end":{"line":154,"column":108}}},"fnMap":{"0":{"name":"ChatRoomList","decl":{"start":{"line":23,"column":24},"end":{"line":23,"column":36}},"loc":{"start":{"line":28,"column":22},"end":{"line":171,"column":1}},"line":28},"1":{"name":"(anonymous_1)","decl":{"start":{"line":36,"column":39},"end":{"line":36,"column":40}},"loc":{"start":{"line":37,"column":8},"end":{"line":40,"column":9}},"line":37},"2":{"name":"(anonymous_2)","decl":{"start":{"line":38,"column":31},"end":{"line":38,"column":32}},"loc":{"start":{"line":39,"column":12},"end":{"line":39,"column":74}},"line":39},"3":{"name":"(anonymous_3)","decl":{"start":{"line":43,"column":27},"end":{"line":43,"column":28}},"loc":{"start":{"line":43,"column":55},"end":{"line":54,"column":5}},"line":43},"4":{"name":"(anonymous_4)","decl":{"start":{"line":47,"column":60},"end":{"line":47,"column":61}},"loc":{"start":{"line":48,"column":16},"end":{"line":48,"column":42}},"line":48},"5":{"name":"(anonymous_5)","decl":{"start":{"line":56,"column":26},"end":{"line":56,"column":27}},"loc":{"start":{"line":56,"column":54},"end":{"line":64,"column":5}},"line":56},"6":{"name":"(anonymous_6)","decl":{"start":{"line":58,"column":60},"end":{"line":58,"column":61}},"loc":{"start":{"line":59,"column":16},"end":{"line":59,"column":42}},"line":59},"7":{"name":"(anonymous_7)","decl":{"start":{"line":74,"column":34},"end":{"line":74,"column":35}},"loc":{"start":{"line":74,"column":41},"end":{"line":74,"column":71}},"line":74},"8":{"name":"(anonymous_8)","decl":{"start":{"line":87,"column":35},"end":{"line":87,"column":36}},"loc":{"start":{"line":87,"column":43},"end":{"line":167,"column":17}},"line":87},"9":{"name":"(anonymous_9)","decl":{"start":{"line":101,"column":37},"end":{"line":101,"column":38}},"loc":{"start":{"line":101,"column":43},"end":{"line":101,"column":61}},"line":101},"10":{"name":"(anonymous_10)","decl":{"start":{"line":154,"column":78},"end":{"line":154,"column":79}},"loc":{"start":{"line":154,"column":83},"end":{"line":154,"column":108}},"line":154}},"branchMap":{"0":{"loc":{"start":{"line":37,"column":8},"end":{"line":40,"column":9}},"type":"binary-expr","locations":[{"start":{"line":37,"column":8},"end":{"line":37,"column":68}},{"start":{"line":38,"column":8},"end":{"line":40,"column":9}}],"line":37},"1":{"loc":{"start":{"line":44,"column":8},"end":{"line":44,"column":40}},"type":"if","locations":[{"start":{"line":44,"column":8},"end":{"line":44,"column":40}},{"start":{},"end":{}}],"line":44},"2":{"loc":{"start":{"line":46,"column":8},"end":{"line":51,"column":9}},"type":"if","locations":[{"start":{"line":46,"column":8},"end":{"line":51,"column":9}},{"start":{},"end":{}}],"line":46},"3":{"loc":{"start":{"line":50,"column":19},"end":{"line":50,"column":65}},"type":"binary-expr","locations":[{"start":{"line":50,"column":19},"end":{"line":50,"column":47}},{"start":{"line":50,"column":51},"end":{"line":50,"column":65}}],"line":50},"4":{"loc":{"start":{"line":57,"column":8},"end":{"line":62,"column":9}},"type":"if","locations":[{"start":{"line":57,"column":8},"end":{"line":62,"column":9}},{"start":{},"end":{}}],"line":57},"5":{"loc":{"start":{"line":61,"column":19},"end":{"line":61,"column":55}},"type":"binary-expr","locations":[{"start":{"line":61,"column":19},"end":{"line":61,"column":49}},{"start":{"line":61,"column":53},"end":{"line":61,"column":55}}],"line":61},"6":{"loc":{"start":{"line":92,"column":38},"end":{"line":92,"column":78}},"type":"binary-expr","locations":[{"start":{"line":92,"column":38},"end":{"line":92,"column":54}},{"start":{"line":92,"column":58},"end":{"line":92,"column":78}}],"line":92},"7":{"loc":{"start":{"line":99,"column":32},"end":{"line":99,"column":68}},"type":"cond-expr","locations":[{"start":{"line":99,"column":43},"end":{"line":99,"column":56}},{"start":{"line":99,"column":59},"end":{"line":99,"column":68}}],"line":99},"8":{"loc":{"start":{"line":100,"column":42},"end":{"line":100,"column":81}},"type":"cond-expr","locations":[{"start":{"line":100,"column":53},"end":{"line":100,"column":66}},{"start":{"line":100,"column":69},"end":{"line":100,"column":81}}],"line":100},"9":{"loc":{"start":{"line":114,"column":56},"end":{"line":114,"column":85}},"type":"cond-expr","locations":[{"start":{"line":114,"column":68},"end":{"line":114,"column":74}},{"start":{"line":114,"column":77},"end":{"line":114,"column":85}}],"line":114},"10":{"loc":{"start":{"line":120,"column":41},"end":{"line":129,"column":41}},"type":"binary-expr","locations":[{"start":{"line":120,"column":41},"end":{"line":120,"column":52}},{"start":{"line":121,"column":44},"end":{"line":128,"column":51}}],"line":120},"11":{"loc":{"start":{"line":138,"column":45},"end":{"line":138,"column":86}},"type":"binary-expr","locations":[{"start":{"line":138,"column":45},"end":{"line":138,"column":65}},{"start":{"line":138,"column":69},"end":{"line":138,"column":86}}],"line":138},"12":{"loc":{"start":{"line":140,"column":41},"end":{"line":148,"column":41}},"type":"binary-expr","locations":[{"start":{"line":140,"column":41},"end":{"line":140,"column":50}},{"start":{"line":141,"column":44},"end":{"line":147,"column":52}}],"line":140},"13":{"loc":{"start":{"line":154,"column":29},"end":{"line":164,"column":29}},"type":"binary-expr","locations":[{"start":{"line":154,"column":29},"end":{"line":154,"column":51}},{"start":{"line":154,"column":55},"end":{"line":154,"column":109}},{"start":{"line":155,"column":32},"end":{"line":163,"column":34}}],"line":154}},"s":{"0":0,"1":0,"2":0,"3":0,"4":0,"5":0,"6":0,"7":0,"8":0,"9":0,"10":0,"11":0,"12":0,"13":0,"14":0,"15":0,"16":0,"17":0,"18":0,"19":0,"20":0,"21":0,"22":0,"23":0,"24":0,"25":0,"26":0,"27":0,"28":0,"29":0,"30":0,"31":0,"32":0},"f":{"0":0,"1":0,"2":0,"3":0,"4":0,"5":0,"6":0,"7":0,"8":0,"9":0,"10":0},"b":{"0":[0,0],"1":[0,0],"2":[0,0],"3":[0,0],"4":[0,0],"5":[0,0],"6":[0,0],"7":[0,0],"8":[0,0],"9":[0,0],"10":[0,0],"11":[0,0],"12":[0,0],"13":[0,0,0]}}
,"C:\\ProLaunch.MVP.V2\\frontend\\src\\components\\chat\\EmojiPicker.tsx": {"path":"C:\\ProLaunch.MVP.V2\\frontend\\src\\components\\chat\\EmojiPicker.tsx","statementMap":{"0":{"start":{"line":16,"column":24},"end":{"line":21,"column":1}},"1":{"start":{"line":24,"column":20},"end":{"line":24,"column":58}},"2":{"start":{"line":25,"column":24},"end":{"line":25,"column":65}},"3":{"start":{"line":27,"column":4},"end":{"line":69,"column":6}},"4":{"start":{"line":39,"column":24},"end":{"line":41,"column":30}},"5":{"start":{"line":47,"column":24},"end":{"line":64,"column":35}},"6":{"start":{"line":50,"column":36},"end":{"line":61,"column":42}},"7":{"start":{"line":58,"column":55},"end":{"line":58,"column":70}}},"fnMap":{"0":{"name":"EmojiPicker","decl":{"start":{"line":23,"column":24},"end":{"line":23,"column":35}},"loc":{"start":{"line":23,"column":68},"end":{"line":70,"column":1}},"line":23},"1":{"name":"(anonymous_1)","decl":{"start":{"line":38,"column":54},"end":{"line":38,"column":55}},"loc":{"start":{"line":39,"column":24},"end":{"line":41,"column":30}},"line":39},"2":{"name":"(anonymous_2)","decl":{"start":{"line":46,"column":57},"end":{"line":46,"column":58}},"loc":{"start":{"line":47,"column":24},"end":{"line":64,"column":35}},"line":47},"3":{"name":"(anonymous_3)","decl":{"start":{"line":49,"column":44},"end":{"line":49,"column":45}},"loc":{"start":{"line":50,"column":36},"end":{"line":61,"column":42}},"line":50},"4":{"name":"(anonymous_4)","decl":{"start":{"line":58,"column":49},"end":{"line":58,"column":50}},"loc":{"start":{"line":58,"column":55},"end":{"line":58,"column":70}},"line":58}},"branchMap":{},"s":{"0":0,"1":0,"2":0,"3":0,"4":0,"5":0,"6":0,"7":0},"f":{"0":0,"1":0,"2":0,"3":0,"4":0},"b":{}}
,"C:\\ProLaunch.MVP.V2\\frontend\\src\\components\\chat\\LoadingStates.tsx": {"path":"C:\\ProLaunch.MVP.V2\\frontend\\src\\components\\chat\\LoadingStates.tsx","statementMap":{"0":{"start":{"line":15,"column":20},"end":{"line":15,"column":58}},"1":{"start":{"line":16,"column":24},"end":{"line":16,"column":65}},"2":{"start":{"line":18,"column":29},"end":{"line":32,"column":5}},"3":{"start":{"line":19,"column":8},"end":{"line":31,"column":17}},"4":{"start":{"line":21,"column":16},"end":{"line":29,"column":22}},"5":{"start":{"line":34,"column":34},"end":{"line":71,"column":5}},"6":{"start":{"line":35,"column":8},"end":{"line":70,"column":14}},"7":{"start":{"line":42,"column":40},"end":{"line":42,"column":51}},"8":{"start":{"line":43,"column":24},"end":{"line":63,"column":26}},"9":{"start":{"line":73,"column":25},"end":{"line":87,"column":5}},"10":{"start":{"line":74,"column":8},"end":{"line":86,"column":15}},"11":{"start":{"line":89,"column":4},"end":{"line":98,"column":5}},"12":{"start":{"line":91,"column":12},"end":{"line":91,"column":40}},"13":{"start":{"line":93,"column":12},"end":{"line":93,"column":45}},"14":{"start":{"line":95,"column":12},"end":{"line":95,"column":36}},"15":{"start":{"line":97,"column":12},"end":{"line":97,"column":24}}},"fnMap":{"0":{"name":"LoadingStates","decl":{"start":{"line":14,"column":24},"end":{"line":14,"column":37}},"loc":{"start":{"line":14,"column":68},"end":{"line":99,"column":1}},"line":14},"1":{"name":"(anonymous_1)","decl":{"start":{"line":18,"column":29},"end":{"line":18,"column":30}},"loc":{"start":{"line":19,"column":8},"end":{"line":31,"column":17}},"line":19},"2":{"name":"(anonymous_2)","decl":{"start":{"line":20,"column":31},"end":{"line":20,"column":32}},"loc":{"start":{"line":21,"column":16},"end":{"line":29,"column":22}},"line":21},"3":{"name":"(anonymous_3)","decl":{"start":{"line":34,"column":34},"end":{"line":34,"column":35}},"loc":{"start":{"line":35,"column":8},"end":{"line":70,"column":14}},"line":35},"4":{"name":"(anonymous_4)","decl":{"start":{"line":41,"column":39},"end":{"line":41,"column":40}},"loc":{"start":{"line":41,"column":49},"end":{"line":64,"column":21}},"line":41},"5":{"name":"(anonymous_5)","decl":{"start":{"line":73,"column":25},"end":{"line":73,"column":26}},"loc":{"start":{"line":74,"column":8},"end":{"line":86,"column":15}},"line":74}},"branchMap":{"0":{"loc":{"start":{"line":46,"column":41},"end":{"line":46,"column":76}},"type":"cond-expr","locations":[{"start":{"line":46,"column":51},"end":{"line":46,"column":61}},{"start":{"line":46,"column":64},"end":{"line":46,"column":76}}],"line":46},"1":{"loc":{"start":{"line":49,"column":37},"end":{"line":55,"column":37}},"type":"binary-expr","locations":[{"start":{"line":49,"column":37},"end":{"line":49,"column":45}},{"start":{"line":50,"column":40},"end":{"line":54,"column":42}}],"line":49},"2":{"loc":{"start":{"line":89,"column":4},"end":{"line":98,"column":5}},"type":"switch","locations":[{"start":{"line":90,"column":8},"end":{"line":91,"column":40}},{"start":{"line":92,"column":8},"end":{"line":93,"column":45}},{"start":{"line":94,"column":8},"end":{"line":95,"column":36}},{"start":{"line":96,"column":8},"end":{"line":97,"column":24}}],"line":89}},"s":{"0":0,"1":0,"2":0,"3":0,"4":0,"5":0,"6":0,"7":0,"8":0,"9":0,"10":0,"11":0,"12":0,"13":0,"14":0,"15":0},"f":{"0":0,"1":0,"2":0,"3":0,"4":0,"5":0},"b":{"0":[0,0],"1":[0,0],"2":[0,0,0,0]}}
,"C:\\ProLaunch.MVP.V2\\frontend\\src\\components\\chat\\MessageInput.tsx": {"path":"C:\\ProLaunch.MVP.V2\\frontend\\src\\components\\chat\\MessageInput.tsx","statementMap":{"0":{"start":{"line":18,"column":34},"end":{"line":18,"column":46}},"1":{"start":{"line":19,"column":50},"end":{"line":19,"column":65}},"2":{"start":{"line":20,"column":36},"end":{"line":20,"column":51}},"3":{"start":{"line":21,"column":29},"end":{"line":21,"column":53}},"4":{"start":{"line":22,"column":20},"end":{"line":22,"column":58}},"5":{"start":{"line":23,"column":25},"end":{"line":23,"column":66}},"6":{"start":{"line":25,"column":23},"end":{"line":33,"column":5}},"7":{"start":{"line":26,"column":31},"end":{"line":26,"column":45}},"8":{"start":{"line":27,"column":8},"end":{"line":32,"column":9}},"9":{"start":{"line":28,"column":12},"end":{"line":28,"column":42}},"10":{"start":{"line":29,"column":12},"end":{"line":29,"column":27}},"11":{"start":{"line":30,"column":12},"end":{"line":30,"column":31}},"12":{"start":{"line":31,"column":12},"end":{"line":31,"column":28}},"13":{"start":{"line":35,"column":27},"end":{"line":40,"column":5}},"14":{"start":{"line":36,"column":8},"end":{"line":39,"column":9}},"15":{"start":{"line":37,"column":12},"end":{"line":37,"column":31}},"16":{"start":{"line":38,"column":12},"end":{"line":38,"column":25}},"17":{"start":{"line":42,"column":30},"end":{"line":58,"column":5}},"18":{"start":{"line":43,"column":8},"end":{"line":43,"column":35}},"19":{"start":{"line":45,"column":8},"end":{"line":48,"column":9}},"20":{"start":{"line":46,"column":12},"end":{"line":46,"column":30}},"21":{"start":{"line":47,"column":12},"end":{"line":47,"column":27}},"22":{"start":{"line":50,"column":8},"end":{"line":52,"column":9}},"23":{"start":{"line":51,"column":12},"end":{"line":51,"column":51}},"24":{"start":{"line":54,"column":8},"end":{"line":57,"column":17}},"25":{"start":{"line":55,"column":12},"end":{"line":55,"column":31}},"26":{"start":{"line":56,"column":12},"end":{"line":56,"column":28}},"27":{"start":{"line":60,"column":30},"end":{"line":63,"column":5}},"28":{"start":{"line":61,"column":8},"end":{"line":61,"column":41}},"29":{"start":{"line":61,"column":27},"end":{"line":61,"column":39}},"30":{"start":{"line":62,"column":8},"end":{"line":62,"column":34}},"31":{"start":{"line":65,"column":4},"end":{"line":71,"column":11}},"32":{"start":{"line":66,"column":8},"end":{"line":70,"column":10}},"33":{"start":{"line":67,"column":12},"end":{"line":69,"column":13}},"34":{"start":{"line":68,"column":16},"end":{"line":68,"column":55}},"35":{"start":{"line":73,"column":4},"end":{"line":113,"column":6}},"36":{"start":{"line":97,"column":35},"end":{"line":97,"column":71}}},"fnMap":{"0":{"name":"MessageInput","decl":{"start":{"line":17,"column":24},"end":{"line":17,"column":36}},"loc":{"start":{"line":17,"column":85},"end":{"line":114,"column":1}},"line":17},"1":{"name":"(anonymous_1)","decl":{"start":{"line":25,"column":23},"end":{"line":25,"column":24}},"loc":{"start":{"line":25,"column":29},"end":{"line":33,"column":5}},"line":25},"2":{"name":"(anonymous_2)","decl":{"start":{"line":35,"column":27},"end":{"line":35,"column":28}},"loc":{"start":{"line":35,"column":55},"end":{"line":40,"column":5}},"line":35},"3":{"name":"(anonymous_3)","decl":{"start":{"line":42,"column":30},"end":{"line":42,"column":31}},"loc":{"start":{"line":42,"column":74},"end":{"line":58,"column":5}},"line":42},"4":{"name":"(anonymous_4)","decl":{"start":{"line":54,"column":46},"end":{"line":54,"column":47}},"loc":{"start":{"line":54,"column":52},"end":{"line":57,"column":9}},"line":54},"5":{"name":"(anonymous_5)","decl":{"start":{"line":60,"column":30},"end":{"line":60,"column":31}},"loc":{"start":{"line":60,"column":49},"end":{"line":63,"column":5}},"line":60},"6":{"name":"(anonymous_6)","decl":{"start":{"line":61,"column":19},"end":{"line":61,"column":20}},"loc":{"start":{"line":61,"column":27},"end":{"line":61,"column":39}},"line":61},"7":{"name":"(anonymous_7)","decl":{"start":{"line":65,"column":14},"end":{"line":65,"column":15}},"loc":{"start":{"line":65,"column":20},"end":{"line":71,"column":5}},"line":65},"8":{"name":"(anonymous_8)","decl":{"start":{"line":66,"column":15},"end":{"line":66,"column":16}},"loc":{"start":{"line":66,"column":21},"end":{"line":70,"column":9}},"line":66},"9":{"name":"(anonymous_9)","decl":{"start":{"line":91,"column":29},"end":{"line":91,"column":30}},"loc":{"start":{"line":91,"column":35},"end":{"line":91,"column":37}},"line":91},"10":{"name":"(anonymous_10)","decl":{"start":{"line":97,"column":29},"end":{"line":97,"column":30}},"loc":{"start":{"line":97,"column":35},"end":{"line":97,"column":71}},"line":97}},"branchMap":{"0":{"loc":{"start":{"line":27,"column":8},"end":{"line":32,"column":9}},"type":"if","locations":[{"start":{"line":27,"column":8},"end":{"line":32,"column":9}},{"start":{},"end":{}}],"line":27},"1":{"loc":{"start":{"line":36,"column":8},"end":{"line":39,"column":9}},"type":"if","locations":[{"start":{"line":36,"column":8},"end":{"line":39,"column":9}},{"start":{},"end":{}}],"line":36},"2":{"loc":{"start":{"line":36,"column":12},"end":{"line":36,"column":44}},"type":"binary-expr","locations":[{"start":{"line":36,"column":12},"end":{"line":36,"column":29}},{"start":{"line":36,"column":33},"end":{"line":36,"column":44}}],"line":36},"3":{"loc":{"start":{"line":45,"column":8},"end":{"line":48,"column":9}},"type":"if","locations":[{"start":{"line":45,"column":8},"end":{"line":48,"column":9}},{"start":{},"end":{}}],"line":45},"4":{"loc":{"start":{"line":50,"column":8},"end":{"line":52,"column":9}},"type":"if","locations":[{"start":{"line":50,"column":8},"end":{"line":52,"column":9}},{"start":{},"end":{}}],"line":50},"5":{"loc":{"start":{"line":67,"column":12},"end":{"line":69,"column":13}},"type":"if","locations":[{"start":{"line":67,"column":12},"end":{"line":69,"column":13}},{"start":{},"end":{}}],"line":67},"6":{"loc":{"start":{"line":75,"column":13},"end":{"line":84,"column":13}},"type":"binary-expr","locations":[{"start":{"line":75,"column":13},"end":{"line":75,"column":28}},{"start":{"line":76,"column":16},"end":{"line":83,"column":22}}],"line":75}},"s":{"0":0,"1":0,"2":0,"3":0,"4":0,"5":0,"6":0,"7":0,"8":0,"9":0,"10":0,"11":0,"12":0,"13":0,"14":0,"15":0,"16":0,"17":0,"18":0,"19":0,"20":0,"21":0,"22":0,"23":0,"24":0,"25":0,"26":0,"27":0,"28":0,"29":0,"30":0,"31":0,"32":0,"33":0,"34":0,"35":0,"36":0},"f":{"0":0,"1":0,"2":0,"3":0,"4":0,"5":0,"6":0,"7":0,"8":0,"9":0,"10":0},"b":{"0":[0,0],"1":[0,0],"2":[0,0],"3":[0,0],"4":[0,0],"5":[0,0],"6":[0,0]}}
,"C:\\ProLaunch.MVP.V2\\frontend\\src\\components\\chat\\MessageThread.tsx": {"path":"C:\\ProLaunch.MVP.V2\\frontend\\src\\components\\chat\\MessageThread.tsx","statementMap":{"0":{"start":{"line":40,"column":18},"end":{"line":40,"column":28}},"1":{"start":{"line":41,"column":34},"end":{"line":41,"column":68}},"2":{"start":{"line":42,"column":27},"end":{"line":42,"column":55}},"3":{"start":{"line":43,"column":34},"end":{"line":46,"column":6}},"4":{"start":{"line":48,"column":20},"end":{"line":48,"column":58}},"5":{"start":{"line":49,"column":24},"end":{"line":49,"column":65}},"6":{"start":{"line":51,"column":4},"end":{"line":55,"column":29}},"7":{"start":{"line":52,"column":8},"end":{"line":54,"column":9}},"8":{"start":{"line":53,"column":12},"end":{"line":53,"column":25}},"9":{"start":{"line":57,"column":4},"end":{"line":68,"column":39}},"10":{"start":{"line":58,"column":31},"end":{"line":63,"column":31}},"11":{"start":{"line":60,"column":16},"end":{"line":61,"column":73}},"12":{"start":{"line":61,"column":41},"end":{"line":61,"column":72}},"13":{"start":{"line":63,"column":24},"end":{"line":63,"column":30}},"14":{"start":{"line":65,"column":8},"end":{"line":67,"column":9}},"15":{"start":{"line":66,"column":12},"end":{"line":66,"column":39}},"16":{"start":{"line":70,"column":4},"end":{"line":74,"column":26}},"17":{"start":{"line":71,"column":8},"end":{"line":73,"column":9}},"18":{"start":{"line":72,"column":12},"end":{"line":72,"column":74}},"19":{"start":{"line":76,"column":26},"end":{"line":158,"column":5}},"20":{"start":{"line":77,"column":29},"end":{"line":77,"column":54}},"21":{"start":{"line":78,"column":21},"end":{"line":78,"column":90}},"22":{"start":{"line":80,"column":8},"end":{"line":157,"column":10}},"23":{"start":{"line":87,"column":56},"end":{"line":87,"column":81}},"24":{"start":{"line":96,"column":48},"end":{"line":96,"column":73}},"25":{"start":{"line":99,"column":48},"end":{"line":99,"column":73}},"26":{"start":{"line":142,"column":32},"end":{"line":151,"column":38}},"27":{"start":{"line":160,"column":4},"end":{"line":260,"column":6}},"28":{"start":{"line":212,"column":42},"end":{"line":212,"column":54}},"29":{"start":{"line":239,"column":43},"end":{"line":239,"column":59}},"30":{"start":{"line":251,"column":24},"end":{"line":253,"column":27}},"31":{"start":{"line":254,"column":24},"end":{"line":254,"column":41}}},"fnMap":{"0":{"name":"MessageThread","decl":{"start":{"line":29,"column":24},"end":{"line":29,"column":37}},"loc":{"start":{"line":39,"column":23},"end":{"line":261,"column":1}},"line":39},"1":{"name":"(anonymous_1)","decl":{"start":{"line":51,"column":14},"end":{"line":51,"column":15}},"loc":{"start":{"line":51,"column":20},"end":{"line":55,"column":5}},"line":51},"2":{"name":"(anonymous_2)","decl":{"start":{"line":57,"column":14},"end":{"line":57,"column":15}},"loc":{"start":{"line":57,"column":20},"end":{"line":68,"column":5}},"line":57},"3":{"name":"(anonymous_3)","decl":{"start":{"line":59,"column":20},"end":{"line":59,"column":21}},"loc":{"start":{"line":60,"column":16},"end":{"line":61,"column":73}},"line":60},"4":{"name":"(anonymous_4)","decl":{"start":{"line":61,"column":36},"end":{"line":61,"column":37}},"loc":{"start":{"line":61,"column":41},"end":{"line":61,"column":72}},"line":61},"5":{"name":"(anonymous_5)","decl":{"start":{"line":63,"column":17},"end":{"line":63,"column":18}},"loc":{"start":{"line":63,"column":24},"end":{"line":63,"column":30}},"line":63},"6":{"name":"(anonymous_6)","decl":{"start":{"line":70,"column":14},"end":{"line":70,"column":15}},"loc":{"start":{"line":70,"column":20},"end":{"line":74,"column":5}},"line":70},"7":{"name":"(anonymous_7)","decl":{"start":{"line":76,"column":26},"end":{"line":76,"column":27}},"loc":{"start":{"line":76,"column":52},"end":{"line":158,"column":5}},"line":76},"8":{"name":"(anonymous_8)","decl":{"start":{"line":87,"column":51},"end":{"line":87,"column":52}},"loc":{"start":{"line":87,"column":56},"end":{"line":87,"column":81}},"line":87},"9":{"name":"(anonymous_9)","decl":{"start":{"line":96,"column":43},"end":{"line":96,"column":44}},"loc":{"start":{"line":96,"column":48},"end":{"line":96,"column":73}},"line":96},"10":{"name":"(anonymous_10)","decl":{"start":{"line":99,"column":43},"end":{"line":99,"column":44}},"loc":{"start":{"line":99,"column":48},"end":{"line":99,"column":73}},"line":99},"11":{"name":"(anonymous_11)","decl":{"start":{"line":141,"column":51},"end":{"line":141,"column":52}},"loc":{"start":{"line":142,"column":32},"end":{"line":151,"column":38}},"line":142},"12":{"name":"(anonymous_12)","decl":{"start":{"line":212,"column":37},"end":{"line":212,"column":38}},"loc":{"start":{"line":212,"column":42},"end":{"line":212,"column":54}},"line":212},"13":{"name":"(anonymous_13)","decl":{"start":{"line":239,"column":37},"end":{"line":239,"column":38}},"loc":{"start":{"line":239,"column":43},"end":{"line":239,"column":59}},"line":239},"14":{"name":"(anonymous_14)","decl":{"start":{"line":250,"column":35},"end":{"line":250,"column":36}},"loc":{"start":{"line":250,"column":48},"end":{"line":255,"column":21}},"line":250}},"branchMap":{"0":{"loc":{"start":{"line":52,"column":8},"end":{"line":54,"column":9}},"type":"if","locations":[{"start":{"line":52,"column":8},"end":{"line":54,"column":9}},{"start":{},"end":{}}],"line":52},"1":{"loc":{"start":{"line":60,"column":16},"end":{"line":61,"column":73}},"type":"binary-expr","locations":[{"start":{"line":60,"column":16},"end":{"line":60,"column":37}},{"start":{"line":61,"column":16},"end":{"line":61,"column":73}}],"line":60},"2":{"loc":{"start":{"line":61,"column":41},"end":{"line":61,"column":72}},"type":"binary-expr","locations":[{"start":{"line":61,"column":41},"end":{"line":61,"column":60}},{"start":{"line":61,"column":64},"end":{"line":61,"column":72}}],"line":61},"3":{"loc":{"start":{"line":65,"column":8},"end":{"line":67,"column":9}},"type":"if","locations":[{"start":{"line":65,"column":8},"end":{"line":67,"column":9}},{"start":{},"end":{}}],"line":65},"4":{"loc":{"start":{"line":71,"column":8},"end":{"line":73,"column":9}},"type":"if","locations":[{"start":{"line":71,"column":8},"end":{"line":73,"column":9}},{"start":{},"end":{}}],"line":71},"5":{"loc":{"start":{"line":84,"column":27},"end":{"line":84,"column":67}},"type":"cond-expr","locations":[{"start":{"line":84,"column":42},"end":{"line":84,"column":52}},{"start":{"line":84,"column":55},"end":{"line":84,"column":67}}],"line":84},"6":{"loc":{"start":{"line":87,"column":17},"end":{"line":102,"column":17}},"type":"binary-expr","locations":[{"start":{"line":87,"column":17},"end":{"line":87,"column":33}},{"start":{"line":87,"column":37},"end":{"line":87,"column":82}},{"start":{"line":88,"column":20},"end":{"line":101,"column":26}}],"line":87},"7":{"loc":{"start":{"line":105,"column":24},"end":{"line":105,"column":105}},"type":"cond-expr","locations":[{"start":{"line":105,"column":39},"end":{"line":105,"column":61}},{"start":{"line":105,"column":64},"end":{"line":105,"column":105}}],"line":105},"8":{"loc":{"start":{"line":106,"column":27},"end":{"line":106,"column":61}},"type":"cond-expr","locations":[{"start":{"line":106,"column":42},"end":{"line":106,"column":49}},{"start":{"line":106,"column":52},"end":{"line":106,"column":61}}],"line":106},"9":{"loc":{"start":{"line":111,"column":21},"end":{"line":115,"column":21}},"type":"binary-expr","locations":[{"start":{"line":111,"column":21},"end":{"line":111,"column":34}},{"start":{"line":112,"column":24},"end":{"line":114,"column":31}}],"line":111},"10":{"loc":{"start":{"line":122,"column":31},"end":{"line":122,"column":75}},"type":"cond-expr","locations":[{"start":{"line":122,"column":46},"end":{"line":122,"column":62}},{"start":{"line":122,"column":65},"end":{"line":122,"column":75}}],"line":122},"11":{"loc":{"start":{"line":128,"column":25},"end":{"line":136,"column":25}},"type":"binary-expr","locations":[{"start":{"line":128,"column":25},"end":{"line":128,"column":37}},{"start":{"line":129,"column":28},"end":{"line":135,"column":35}}],"line":128},"12":{"loc":{"start":{"line":130,"column":33},"end":{"line":130,"column":77}},"type":"binary-expr","locations":[{"start":{"line":130,"column":33},"end":{"line":130,"column":61}},{"start":{"line":130,"column":65},"end":{"line":130,"column":77}}],"line":130},"13":{"loc":{"start":{"line":131,"column":33},"end":{"line":131,"column":68}},"type":"binary-expr","locations":[{"start":{"line":131,"column":33},"end":{"line":131,"column":58}},{"start":{"line":131,"column":62},"end":{"line":131,"column":68}}],"line":131},"14":{"loc":{"start":{"line":132,"column":33},"end":{"line":132,"column":78}},"type":"binary-expr","locations":[{"start":{"line":132,"column":33},"end":{"line":132,"column":63}},{"start":{"line":132,"column":67},"end":{"line":132,"column":78}}],"line":132},"15":{"loc":{"start":{"line":133,"column":33},"end":{"line":133,"column":68}},"type":"binary-expr","locations":[{"start":{"line":133,"column":33},"end":{"line":133,"column":58}},{"start":{"line":133,"column":62},"end":{"line":133,"column":68}}],"line":133},"16":{"loc":{"start":{"line":134,"column":33},"end":{"line":134,"column":72}},"type":"binary-expr","locations":[{"start":{"line":134,"column":33},"end":{"line":134,"column":60}},{"start":{"line":134,"column":64},"end":{"line":134,"column":72}}],"line":134},"17":{"loc":{"start":{"line":139,"column":21},"end":{"line":154,"column":21}},"type":"binary-expr","locations":[{"start":{"line":139,"column":21},"end":{"line":139,"column":38}},{"start":{"line":139,"column":42},"end":{"line":139,"column":70}},{"start":{"line":140,"column":24},"end":{"line":153,"column":31}}],"line":139},"18":{"loc":{"start":{"line":175,"column":17},"end":{"line":183,"column":17}},"type":"binary-expr","locations":[{"start":{"line":175,"column":17},"end":{"line":175,"column":23}},{"start":{"line":176,"column":20},"end":{"line":182,"column":22}}],"line":175},"19":{"loc":{"start":{"line":203,"column":17},"end":{"line":218,"column":17}},"type":"binary-expr","locations":[{"start":{"line":203,"column":17},"end":{"line":203,"column":39}},{"start":{"line":204,"column":20},"end":{"line":217,"column":26}}],"line":203},"20":{"loc":{"start":{"line":215,"column":29},"end":{"line":215,"column":68}},"type":"cond-expr","locations":[{"start":{"line":215,"column":56},"end":{"line":215,"column":60}},{"start":{"line":215,"column":63},"end":{"line":215,"column":68}}],"line":215},"21":{"loc":{"start":{"line":224,"column":17},"end":{"line":248,"column":17}},"type":"binary-expr","locations":[{"start":{"line":224,"column":17},"end":{"line":224,"column":24}},{"start":{"line":225,"column":20},"end":{"line":247,"column":26}}],"line":224}},"s":{"0":0,"1":0,"2":0,"3":0,"4":0,"5":0,"6":0,"7":0,"8":0,"9":0,"10":0,"11":0,"12":0,"13":0,"14":0,"15":0,"16":0,"17":0,"18":0,"19":0,"20":0,"21":0,"22":0,"23":0,"24":0,"25":0,"26":0,"27":0,"28":0,"29":0,"30":0,"31":0},"f":{"0":0,"1":0,"2":0,"3":0,"4":0,"5":0,"6":0,"7":0,"8":0,"9":0,"10":0,"11":0,"12":0,"13":0,"14":0},"b":{"0":[0,0],"1":[0,0],"2":[0,0],"3":[0,0],"4":[0,0],"5":[0,0],"6":[0,0,0],"7":[0,0],"8":[0,0],"9":[0,0],"10":[0,0],"11":[0,0],"12":[0,0],"13":[0,0],"14":[0,0],"15":[0,0],"16":[0,0],"17":[0,0,0],"18":[0,0],"19":[0,0],"20":[0,0],"21":[0,0]}}
,"C:\\ProLaunch.MVP.V2\\frontend\\src\\components\\chat\\PresenceIndicator.tsx": {"path":"C:\\ProLaunch.MVP.V2\\frontend\\src\\components\\chat\\PresenceIndicator.tsx","statementMap":{"0":{"start":{"line":39,"column":67},"end":{"line":130,"column":1}},"1":{"start":{"line":45,"column":24},"end":{"line":50,"column":9}},"2":{"start":{"line":52,"column":22},"end":{"line":57,"column":9}},"3":{"start":{"line":59,"column":25},"end":{"line":62,"column":3}},"4":{"start":{"line":60,"column":4},"end":{"line":60,"column":42}},"5":{"start":{"line":60,"column":23},"end":{"line":60,"column":42}},"6":{"start":{"line":61,"column":4},"end":{"line":61,"column":22}},"7":{"start":{"line":64,"column":26},"end":{"line":77,"column":3}},"8":{"start":{"line":65,"column":4},"end":{"line":65,"column":39}},"9":{"start":{"line":65,"column":23},"end":{"line":65,"column":39}},"10":{"start":{"line":66,"column":4},"end":{"line":66,"column":41}},"11":{"start":{"line":66,"column":24},"end":{"line":66,"column":41}},"12":{"start":{"line":68,"column":16},"end":{"line":68,"column":26}},"13":{"start":{"line":69,"column":21},"end":{"line":69,"column":44}},"14":{"start":{"line":70,"column":26},"end":{"line":70,"column":88}},"15":{"start":{"line":72,"column":4},"end":{"line":72,"column":45}},"16":{"start":{"line":72,"column":27},"end":{"line":72,"column":45}},"17":{"start":{"line":73,"column":4},"end":{"line":73,"column":59}},"18":{"start":{"line":73,"column":28},"end":{"line":73,"column":59}},"19":{"start":{"line":74,"column":4},"end":{"line":74,"column":78}},"20":{"start":{"line":74,"column":30},"end":{"line":74,"column":78}},"21":{"start":{"line":75,"column":4},"end":{"line":75,"column":81}},"22":{"start":{"line":75,"column":31},"end":{"line":75,"column":81}},"23":{"start":{"line":76,"column":4},"end":{"line":76,"column":27}},"24":{"start":{"line":79,"column":2},"end":{"line":108,"column":3}},"25":{"start":{"line":80,"column":4},"end":{"line":107,"column":6}},"26":{"start":{"line":110,"column":2},"end":{"line":129,"column":4}},"27":{"start":{"line":132,"column":63},"end":{"line":180,"column":1}},"28":{"start":{"line":136,"column":22},"end":{"line":136,"column":57}},"29":{"start":{"line":136,"column":43},"end":{"line":136,"column":56}},"30":{"start":{"line":137,"column":23},"end":{"line":137,"column":55}},"31":{"start":{"line":138,"column":21},"end":{"line":138,"column":52}},"32":{"start":{"line":140,"column":2},"end":{"line":148,"column":3}},"33":{"start":{"line":141,"column":4},"end":{"line":147,"column":6}},"34":{"start":{"line":150,"column":2},"end":{"line":179,"column":4}},"35":{"start":{"line":163,"column":10},"end":{"line":169,"column":12}},"36":{"start":{"line":182,"column":57},"end":{"line":234,"column":1}},"37":{"start":{"line":189,"column":23},"end":{"line":189,"column":81}},"38":{"start":{"line":189,"column":48},"end":{"line":189,"column":80}},"39":{"start":{"line":191,"column":2},"end":{"line":193,"column":3}},"40":{"start":{"line":192,"column":4},"end":{"line":192,"column":16}},"41":{"start":{"line":195,"column":26},"end":{"line":195,"column":59}},"42":{"start":{"line":196,"column":21},"end":{"line":196,"column":53}},"43":{"start":{"line":198,"column":25},"end":{"line":209,"column":3}},"44":{"start":{"line":199,"column":4},"end":{"line":201,"column":5}},"45":{"start":{"line":200,"column":6},"end":{"line":200,"column":56}},"46":{"start":{"line":203,"column":18},"end":{"line":203,"column":56}},"47":{"start":{"line":203,"column":40},"end":{"line":203,"column":55}},"48":{"start":{"line":204,"column":4},"end":{"line":206,"column":5}},"49":{"start":{"line":205,"column":6},"end":{"line":205,"column":43}},"50":{"start":{"line":208,"column":4},"end":{"line":208,"column":84}},"51":{"start":{"line":211,"column":2},"end":{"line":233,"column":4}},"52":{"start":{"line":216,"column":12},"end":{"line":222,"column":14}},"53":{"start":{"line":236,"column":53},"end":{"line":286,"column":1}},"54":{"start":{"line":240,"column":26},"end":{"line":260,"column":3}},"55":{"start":{"line":241,"column":4},"end":{"line":241,"column":43}},"56":{"start":{"line":241,"column":23},"end":{"line":241,"column":43}},"57":{"start":{"line":242,"column":4},"end":{"line":242,"column":51}},"58":{"start":{"line":242,"column":24},"end":{"line":242,"column":51}},"59":{"start":{"line":244,"column":16},"end":{"line":244,"column":26}},"60":{"start":{"line":245,"column":21},"end":{"line":245,"column":44}},"61":{"start":{"line":246,"column":26},"end":{"line":246,"column":88}},"62":{"start":{"line":248,"column":4},"end":{"line":248,"column":55}},"63":{"start":{"line":248,"column":27},"end":{"line":248,"column":55}},"64":{"start":{"line":249,"column":4},"end":{"line":249,"column":108}},"65":{"start":{"line":249,"column":28},"end":{"line":249,"column":108}},"66":{"start":{"line":250,"column":4},"end":{"line":253,"column":5}},"67":{"start":{"line":251,"column":20},"end":{"line":251,"column":50}},"68":{"start":{"line":252,"column":6},"end":{"line":252,"column":68}},"69":{"start":{"line":254,"column":4},"end":{"line":257,"column":5}},"70":{"start":{"line":255,"column":19},"end":{"line":255,"column":51}},"71":{"start":{"line":256,"column":6},"end":{"line":256,"column":65}},"72":{"start":{"line":259,"column":4},"end":{"line":259,"column":56}},"73":{"start":{"line":262,"column":22},"end":{"line":262,"column":62}},"74":{"start":{"line":263,"column":21},"end":{"line":263,"column":57}},"75":{"start":{"line":265,"column":2},"end":{"line":285,"column":4}},"76":{"start":{"line":289,"column":34},"end":{"line":330,"column":1}},"77":{"start":{"line":290,"column":22},"end":{"line":290,"column":57}},"78":{"start":{"line":290,"column":43},"end":{"line":290,"column":56}},"79":{"start":{"line":291,"column":23},"end":{"line":291,"column":59}},"80":{"start":{"line":291,"column":44},"end":{"line":291,"column":58}},"81":{"start":{"line":293,"column":25},"end":{"line":293,"column":49}},"82":{"start":{"line":293,"column":31},"end":{"line":293,"column":49}},"83":{"start":{"line":295,"column":24},"end":{"line":301,"column":3}},"84":{"start":{"line":296,"column":17},"end":{"line":296,"column":49}},"85":{"start":{"line":296,"column":33},"end":{"line":296,"column":48}},"86":{"start":{"line":297,"column":4},"end":{"line":300,"column":13}},"87":{"start":{"line":303,"column":30},"end":{"line":321,"column":3}},"88":{"start":{"line":304,"column":4},"end":{"line":320,"column":7}},"89":{"start":{"line":306,"column":6},"end":{"line":306,"column":47}},"90":{"start":{"line":306,"column":37},"end":{"line":306,"column":47}},"91":{"start":{"line":307,"column":6},"end":{"line":307,"column":46}},"92":{"start":{"line":307,"column":37},"end":{"line":307,"column":46}},"93":{"start":{"line":310,"column":6},"end":{"line":312,"column":7}},"94":{"start":{"line":311,"column":8},"end":{"line":311,"column":79}},"95":{"start":{"line":315,"column":6},"end":{"line":315,"column":47}},"96":{"start":{"line":315,"column":37},"end":{"line":315,"column":47}},"97":{"start":{"line":316,"column":6},"end":{"line":316,"column":46}},"98":{"start":{"line":316,"column":37},"end":{"line":316,"column":46}},"99":{"start":{"line":319,"column":6},"end":{"line":319,"column":50}},"100":{"start":{"line":323,"column":2},"end":{"line":329,"column":4}}},"fnMap":{"0":{"name":"(anonymous_0)","decl":{"start":{"line":39,"column":67},"end":{"line":39,"column":68}},"loc":{"start":{"line":44,"column":6},"end":{"line":130,"column":1}},"line":44},"1":{"name":"(anonymous_1)","decl":{"start":{"line":59,"column":25},"end":{"line":59,"column":26}},"loc":{"start":{"line":59,"column":31},"end":{"line":62,"column":3}},"line":59},"2":{"name":"(anonymous_2)","decl":{"start":{"line":64,"column":26},"end":{"line":64,"column":27}},"loc":{"start":{"line":64,"column":32},"end":{"line":77,"column":3}},"line":64},"3":{"name":"(anonymous_3)","decl":{"start":{"line":132,"column":63},"end":{"line":132,"column":64}},"loc":{"start":{"line":135,"column":6},"end":{"line":180,"column":1}},"line":135},"4":{"name":"(anonymous_4)","decl":{"start":{"line":136,"column":35},"end":{"line":136,"column":36}},"loc":{"start":{"line":136,"column":43},"end":{"line":136,"column":56}},"line":136},"5":{"name":"(anonymous_5)","decl":{"start":{"line":162,"column":26},"end":{"line":162,"column":27}},"loc":{"start":{"line":163,"column":10},"end":{"line":169,"column":12}},"line":163},"6":{"name":"(anonymous_6)","decl":{"start":{"line":182,"column":57},"end":{"line":182,"column":58}},"loc":{"start":{"line":187,"column":6},"end":{"line":234,"column":1}},"line":187},"7":{"name":"(anonymous_7)","decl":{"start":{"line":189,"column":37},"end":{"line":189,"column":38}},"loc":{"start":{"line":189,"column":48},"end":{"line":189,"column":80}},"line":189},"8":{"name":"(anonymous_8)","decl":{"start":{"line":198,"column":25},"end":{"line":198,"column":26}},"loc":{"start":{"line":198,"column":31},"end":{"line":209,"column":3}},"line":198},"9":{"name":"(anonymous_9)","decl":{"start":{"line":203,"column":35},"end":{"line":203,"column":36}},"loc":{"start":{"line":203,"column":40},"end":{"line":203,"column":55}},"line":203},"10":{"name":"(anonymous_10)","decl":{"start":{"line":215,"column":31},"end":{"line":215,"column":32}},"loc":{"start":{"line":216,"column":12},"end":{"line":222,"column":14}},"line":216},"11":{"name":"(anonymous_11)","decl":{"start":{"line":236,"column":53},"end":{"line":236,"column":54}},"loc":{"start":{"line":239,"column":6},"end":{"line":286,"column":1}},"line":239},"12":{"name":"(anonymous_12)","decl":{"start":{"line":240,"column":26},"end":{"line":240,"column":27}},"loc":{"start":{"line":240,"column":32},"end":{"line":260,"column":3}},"line":240},"13":{"name":"(anonymous_13)","decl":{"start":{"line":289,"column":34},"end":{"line":289,"column":35}},"loc":{"start":{"line":289,"column":53},"end":{"line":330,"column":1}},"line":289},"14":{"name":"(anonymous_14)","decl":{"start":{"line":290,"column":35},"end":{"line":290,"column":36}},"loc":{"start":{"line":290,"column":43},"end":{"line":290,"column":56}},"line":290},"15":{"name":"(anonymous_15)","decl":{"start":{"line":291,"column":36},"end":{"line":291,"column":37}},"loc":{"start":{"line":291,"column":44},"end":{"line":291,"column":58}},"line":291},"16":{"name":"(anonymous_16)","decl":{"start":{"line":293,"column":25},"end":{"line":293,"column":26}},"loc":{"start":{"line":293,"column":31},"end":{"line":293,"column":49}},"line":293},"17":{"name":"(anonymous_17)","decl":{"start":{"line":295,"column":24},"end":{"line":295,"column":25}},"loc":{"start":{"line":295,"column":44},"end":{"line":301,"column":3}},"line":295},"18":{"name":"(anonymous_18)","decl":{"start":{"line":296,"column":28},"end":{"line":296,"column":29}},"loc":{"start":{"line":296,"column":33},"end":{"line":296,"column":48}},"line":296},"19":{"name":"(anonymous_19)","decl":{"start":{"line":303,"column":30},"end":{"line":303,"column":31}},"loc":{"start":{"line":303,"column":52},"end":{"line":321,"column":3}},"line":303},"20":{"name":"(anonymous_20)","decl":{"start":{"line":304,"column":30},"end":{"line":304,"column":31}},"loc":{"start":{"line":304,"column":40},"end":{"line":320,"column":5}},"line":304}},"branchMap":{"0":{"loc":{"start":{"line":41,"column":2},"end":{"line":41,"column":13}},"type":"default-arg","locations":[{"start":{"line":41,"column":9},"end":{"line":41,"column":13}}],"line":41},"1":{"loc":{"start":{"line":42,"column":2},"end":{"line":42,"column":19}},"type":"default-arg","locations":[{"start":{"line":42,"column":15},"end":{"line":42,"column":19}}],"line":42},"2":{"loc":{"start":{"line":43,"column":2},"end":{"line":43,"column":19}},"type":"default-arg","locations":[{"start":{"line":43,"column":14},"end":{"line":43,"column":19}}],"line":43},"3":{"loc":{"start":{"line":60,"column":4},"end":{"line":60,"column":42}},"type":"if","locations":[{"start":{"line":60,"column":4},"end":{"line":60,"column":42}},{"start":{},"end":{}}],"line":60},"4":{"loc":{"start":{"line":65,"column":4},"end":{"line":65,"column":39}},"type":"if","locations":[{"start":{"line":65,"column":4},"end":{"line":65,"column":39}},{"start":{},"end":{}}],"line":65},"5":{"loc":{"start":{"line":66,"column":4},"end":{"line":66,"column":41}},"type":"if","locations":[{"start":{"line":66,"column":4},"end":{"line":66,"column":41}},{"start":{},"end":{}}],"line":66},"6":{"loc":{"start":{"line":72,"column":4},"end":{"line":72,"column":45}},"type":"if","locations":[{"start":{"line":72,"column":4},"end":{"line":72,"column":45}},{"start":{},"end":{}}],"line":72},"7":{"loc":{"start":{"line":73,"column":4},"end":{"line":73,"column":59}},"type":"if","locations":[{"start":{"line":73,"column":4},"end":{"line":73,"column":59}},{"start":{},"end":{}}],"line":73},"8":{"loc":{"start":{"line":74,"column":4},"end":{"line":74,"column":78}},"type":"if","locations":[{"start":{"line":74,"column":4},"end":{"line":74,"column":78}},{"start":{},"end":{}}],"line":74},"9":{"loc":{"start":{"line":75,"column":4},"end":{"line":75,"column":81}},"type":"if","locations":[{"start":{"line":75,"column":4},"end":{"line":75,"column":81}},{"start":{},"end":{}}],"line":75},"10":{"loc":{"start":{"line":79,"column":2},"end":{"line":108,"column":3}},"type":"if","locations":[{"start":{"line":79,"column":2},"end":{"line":108,"column":3}},{"start":{},"end":{}}],"line":79},"11":{"loc":{"start":{"line":84,"column":11},"end":{"line":96,"column":11}},"type":"binary-expr","locations":[{"start":{"line":84,"column":11},"end":{"line":84,"column":21}},{"start":{"line":85,"column":12},"end":{"line":95,"column":14}}],"line":84},"12":{"loc":{"start":{"line":114,"column":9},"end":{"line":126,"column":9}},"type":"binary-expr","locations":[{"start":{"line":114,"column":9},"end":{"line":114,"column":19}},{"start":{"line":115,"column":10},"end":{"line":125,"column":12}}],"line":114},"13":{"loc":{"start":{"line":134,"column":2},"end":{"line":134,"column":16}},"type":"default-arg","locations":[{"start":{"line":134,"column":15},"end":{"line":134,"column":16}}],"line":134},"14":{"loc":{"start":{"line":140,"column":2},"end":{"line":148,"column":3}},"type":"if","locations":[{"start":{"line":140,"column":2},"end":{"line":148,"column":3}},{"start":{},"end":{}}],"line":140},"15":{"loc":{"start":{"line":172,"column":9},"end":{"line":176,"column":9}},"type":"binary-expr","locations":[{"start":{"line":172,"column":9},"end":{"line":172,"column":23}},{"start":{"line":173,"column":10},"end":{"line":175,"column":17}}],"line":172},"16":{"loc":{"start":{"line":185,"column":2},"end":{"line":185,"column":16}},"type":"default-arg","locations":[{"start":{"line":185,"column":15},"end":{"line":185,"column":16}}],"line":185},"17":{"loc":{"start":{"line":186,"column":2},"end":{"line":186,"column":13}},"type":"default-arg","locations":[{"start":{"line":186,"column":9},"end":{"line":186,"column":13}}],"line":186},"18":{"loc":{"start":{"line":191,"column":2},"end":{"line":193,"column":3}},"type":"if","locations":[{"start":{"line":191,"column":2},"end":{"line":193,"column":3}},{"start":{},"end":{}}],"line":191},"19":{"loc":{"start":{"line":199,"column":4},"end":{"line":201,"column":5}},"type":"if","locations":[{"start":{"line":199,"column":4},"end":{"line":201,"column":5}},{"start":{},"end":{}}],"line":199},"20":{"loc":{"start":{"line":204,"column":4},"end":{"line":206,"column":5}},"type":"if","locations":[{"start":{"line":204,"column":4},"end":{"line":206,"column":5}},{"start":{},"end":{}}],"line":204},"21":{"loc":{"start":{"line":226,"column":9},"end":{"line":230,"column":9}},"type":"binary-expr","locations":[{"start":{"line":226,"column":9},"end":{"line":226,"column":23}},{"start":{"line":227,"column":10},"end":{"line":229,"column":17}}],"line":226},"22":{"loc":{"start":{"line":238,"column":2},"end":{"line":238,"column":21}},"type":"default-arg","locations":[{"start":{"line":238,"column":17},"end":{"line":238,"column":21}}],"line":238},"23":{"loc":{"start":{"line":241,"column":4},"end":{"line":241,"column":43}},"type":"if","locations":[{"start":{"line":241,"column":4},"end":{"line":241,"column":43}},{"start":{},"end":{}}],"line":241},"24":{"loc":{"start":{"line":242,"column":4},"end":{"line":242,"column":51}},"type":"if","locations":[{"start":{"line":242,"column":4},"end":{"line":242,"column":51}},{"start":{},"end":{}}],"line":242},"25":{"loc":{"start":{"line":248,"column":4},"end":{"line":248,"column":55}},"type":"if","locations":[{"start":{"line":248,"column":4},"end":{"line":248,"column":55}},{"start":{},"end":{}}],"line":248},"26":{"loc":{"start":{"line":249,"column":4},"end":{"line":249,"column":108}},"type":"if","locations":[{"start":{"line":249,"column":4},"end":{"line":249,"column":108}},{"start":{},"end":{}}],"line":249},"27":{"loc":{"start":{"line":249,"column":71},"end":{"line":249,"column":101}},"type":"cond-expr","locations":[{"start":{"line":249,"column":93},"end":{"line":249,"column":96}},{"start":{"line":249,"column":99},"end":{"line":249,"column":101}}],"line":249},"28":{"loc":{"start":{"line":250,"column":4},"end":{"line":253,"column":5}},"type":"if","locations":[{"start":{"line":250,"column":4},"end":{"line":253,"column":5}},{"start":{},"end":{}}],"line":250},"29":{"loc":{"start":{"line":252,"column":39},"end":{"line":252,"column":61}},"type":"cond-expr","locations":[{"start":{"line":252,"column":53},"end":{"line":252,"column":56}},{"start":{"line":252,"column":59},"end":{"line":252,"column":61}}],"line":252},"30":{"loc":{"start":{"line":254,"column":4},"end":{"line":257,"column":5}},"type":"if","locations":[{"start":{"line":254,"column":4},"end":{"line":257,"column":5}},{"start":{},"end":{}}],"line":254},"31":{"loc":{"start":{"line":256,"column":37},"end":{"line":256,"column":58}},"type":"cond-expr","locations":[{"start":{"line":256,"column":50},"end":{"line":256,"column":53}},{"start":{"line":256,"column":56},"end":{"line":256,"column":58}}],"line":256},"32":{"loc":{"start":{"line":262,"column":22},"end":{"line":262,"column":62}},"type":"cond-expr","locations":[{"start":{"line":262,"column":38},"end":{"line":262,"column":49}},{"start":{"line":262,"column":52},"end":{"line":262,"column":62}}],"line":262},"33":{"loc":{"start":{"line":263,"column":21},"end":{"line":263,"column":57}},"type":"cond-expr","locations":[{"start":{"line":263,"column":37},"end":{"line":263,"column":45}},{"start":{"line":263,"column":48},"end":{"line":263,"column":57}}],"line":263},"34":{"loc":{"start":{"line":279,"column":7},"end":{"line":283,"column":7}},"type":"binary-expr","locations":[{"start":{"line":279,"column":7},"end":{"line":279,"column":19}},{"start":{"line":280,"column":8},"end":{"line":282,"column":15}}],"line":279},"35":{"loc":{"start":{"line":297,"column":11},"end":{"line":300,"column":12}},"type":"cond-expr","locations":[{"start":{"line":297,"column":18},"end":{"line":300,"column":5}},{"start":{"line":300,"column":8},"end":{"line":300,"column":12}}],"line":297},"36":{"loc":{"start":{"line":306,"column":6},"end":{"line":306,"column":47}},"type":"if","locations":[{"start":{"line":306,"column":6},"end":{"line":306,"column":47}},{"start":{},"end":{}}],"line":306},"37":{"loc":{"start":{"line":306,"column":10},"end":{"line":306,"column":35}},"type":"binary-expr","locations":[{"start":{"line":306,"column":10},"end":{"line":306,"column":20}},{"start":{"line":306,"column":24},"end":{"line":306,"column":35}}],"line":306},"38":{"loc":{"start":{"line":307,"column":6},"end":{"line":307,"column":46}},"type":"if","locations":[{"start":{"line":307,"column":6},"end":{"line":307,"column":46}},{"start":{},"end":{}}],"line":307},"39":{"loc":{"start":{"line":307,"column":10},"end":{"line":307,"column":35}},"type":"binary-expr","locations":[{"start":{"line":307,"column":10},"end":{"line":307,"column":21}},{"start":{"line":307,"column":25},"end":{"line":307,"column":35}}],"line":307},"40":{"loc":{"start":{"line":310,"column":6},"end":{"line":312,"column":7}},"type":"if","locations":[{"start":{"line":310,"column":6},"end":{"line":312,"column":7}},{"start":{},"end":{}}],"line":310},"41":{"loc":{"start":{"line":310,"column":10},"end":{"line":310,"column":34}},"type":"binary-expr","locations":[{"start":{"line":310,"column":10},"end":{"line":310,"column":20}},{"start":{"line":310,"column":24},"end":{"line":310,"column":34}}],"line":310},"42":{"loc":{"start":{"line":315,"column":6},"end":{"line":315,"column":47}},"type":"if","locations":[{"start":{"line":315,"column":6},"end":{"line":315,"column":47}},{"start":{},"end":{}}],"line":315},"43":{"loc":{"start":{"line":315,"column":10},"end":{"line":315,"column":35}},"type":"binary-expr","locations":[{"start":{"line":315,"column":10},"end":{"line":315,"column":20}},{"start":{"line":315,"column":24},"end":{"line":315,"column":35}}],"line":315},"44":{"loc":{"start":{"line":316,"column":6},"end":{"line":316,"column":46}},"type":"if","locations":[{"start":{"line":316,"column":6},"end":{"line":316,"column":46}},{"start":{},"end":{}}],"line":316},"45":{"loc":{"start":{"line":316,"column":10},"end":{"line":316,"column":35}},"type":"binary-expr","locations":[{"start":{"line":316,"column":10},"end":{"line":316,"column":21}},{"start":{"line":316,"column":25},"end":{"line":316,"column":35}}],"line":316}},"s":{"0":0,"1":0,"2":0,"3":0,"4":0,"5":0,"6":0,"7":0,"8":0,"9":0,"10":0,"11":0,"12":0,"13":0,"14":0,"15":0,"16":0,"17":0,"18":0,"19":0,"20":0,"21":0,"22":0,"23":0,"24":0,"25":0,"26":0,"27":0,"28":0,"29":0,"30":0,"31":0,"32":0,"33":0,"34":0,"35":0,"36":0,"37":0,"38":0,"39":0,"40":0,"41":0,"42":0,"43":0,"44":0,"45":0,"46":0,"47":0,"48":0,"49":0,"50":0,"51":0,"52":0,"53":0,"54":0,"55":0,"56":0,"57":0,"58":0,"59":0,"60":0,"61":0,"62":0,"63":0,"64":0,"65":0,"66":0,"67":0,"68":0,"69":0,"70":0,"71":0,"72":0,"73":0,"74":0,
[...]
_12)","decl":{"start":{"line":266,"column":2},"end":{"line":266,"column":3}},"loc":{"start":{"line":266,"column":80},"end":{"line":295,"column":3}},"line":266},"13":{"name":"(anonymous_13)","decl":{"start":{"line":281,"column":46},"end":{"line":281,"column":47}},"loc":{"start":{"line":282,"column":10},"end":{"line":283,"column":51}},"line":282},"14":{"name":"(anonymous_14)","decl":{"start":{"line":300,"column":2},"end":{"line":300,"column":3}},"loc":{"start":{"line":300,"column":82},"end":{"line":332,"column":3}},"line":300},"15":{"name":"(anonymous_15)","decl":{"start":{"line":322,"column":24},"end":{"line":322,"column":25}},"loc":{"start":{"line":322,"column":47},"end":{"line":326,"column":5}},"line":322},"16":{"name":"(anonymous_16)","decl":{"start":{"line":337,"column":2},"end":{"line":337,"column":3}},"loc":{"start":{"line":337,"column":36},"end":{"line":347,"column":3}},"line":337},"17":{"name":"(anonymous_17)","decl":{"start":{"line":352,"column":2},"end":{"line":352,"column":3}},"loc":{"start":{"line":356,"column":50},"end":{"line":394,"column":3}},"line":356},"18":{"name":"(anonymous_18)","decl":{"start":{"line":399,"column":2},"end":{"line":399,"column":3}},"loc":{"start":{"line":404,"column":4},"end":{"line":460,"column":3}},"line":404},"19":{"name":"(anonymous_19)","decl":{"start":{"line":447,"column":27},"end":{"line":447,"column":28}},"loc":{"start":{"line":447,"column":38},"end":{"line":452,"column":5}},"line":447},"20":{"name":"(anonymous_20)","decl":{"start":{"line":465,"column":2},"end":{"line":465,"column":3}},"loc":{"start":{"line":465,"column":111},"end":{"line":508,"column":3}},"line":465},"21":{"name":"(anonymous_21)","decl":{"start":{"line":474,"column":42},"end":{"line":474,"column":43}},"loc":{"start":{"line":474,"column":52},"end":{"line":484,"column":9}},"line":474},"22":{"name":"(anonymous_22)","decl":{"start":{"line":486,"column":50},"end":{"line":486,"column":51}},"loc":{"start":{"line":486,"column":60},"end":{"line":498,"column":9}},"line":486},"23":{"name":"(anonymous_23)","decl":{"start":{"line":500,"column":51},"end":{"line":500,"column":52}},"loc":{"start":{"line":500,"column":61},"end":{"line":502,"column":9}},"line":500},"24":{"name":"(anonymous_24)","decl":{"start":{"line":513,"column":2},"end":{"line":513,"column":3}},"loc":{"start":{"line":513,"column":43},"end":{"line":530,"column":3}},"line":513},"25":{"name":"(anonymous_25)","decl":{"start":{"line":529,"column":40},"end":{"line":529,"column":41}},"loc":{"start":{"line":529,"column":50},"end":{"line":529,"column":79}},"line":529}},"branchMap":{"0":{"loc":{"start":{"line":22,"column":4},"end":{"line":24,"column":5}},"type":"if","locations":[{"start":{"line":22,"column":4},"end":{"line":24,"column":5}},{"start":{},"end":{}}],"line":22},"1":{"loc":{"start":{"line":22,"column":8},"end":{"line":22,"column":43}},"type":"binary-expr","locations":[{"start":{"line":22,"column":8},"end":{"line":22,"column":14}},{"start":{"line":22,"column":18},"end":{"line":22,"column":43}}],"line":22},"2":{"loc":{"start":{"line":105,"column":13},"end":{"line":105,"column":54}},"type":"binary-expr","locations":[{"start":{"line":105,"column":13},"end":{"line":105,"column":44}},{"start":{"line":105,"column":48},"end":{"line":105,"column":54}}],"line":105},"3":{"loc":{"start":{"line":113,"column":4},"end":{"line":115,"column":5}},"type":"if","locations":[{"start":{"line":113,"column":4},"end":{"line":115,"column":5}},{"start":{},"end":{}}],"line":113},"4":{"loc":{"start":{"line":113,"column":8},"end":{"line":113,"column":43}},"type":"binary-expr","locations":[{"start":{"line":113,"column":8},"end":{"line":113,"column":14}},{"start":{"line":113,"column":18},"end":{"line":113,"column":43}}],"line":113},"5":{"loc":{"start":{"line":118,"column":4},"end":{"line":120,"column":5}},"type":"if","locations":[{"start":{"line":118,"column":4},"end":{"line":120,"column":5}},{"start":{},"end":{}}],"line":118},"6":{"loc":{"start":{"line":123,"column":4},"end":{"line":123,"column":40}},"type":"if","locations":[{"start":{"line":123,"column":4},"end":{"line":123,"column":40}},{"start":{},"end":{}}],"line":123},"7":{"loc":{"start":{"line":124,"column":4},"end":{"line":124,"column":38}},"type":"if","locations":[{"start":{"line":124,"column":4},"end":{"line":124,"column":38}},{"start":{},"end":{}}],"line":124},"8":{"loc":{"start":{"line":128,"column":4},"end":{"line":128,"column":35}},"type":"if","locations":[{"start":{"line":128,"column":4},"end":{"line":128,"column":35}},{"start":{},"end":{}}],"line":128},"9":{"loc":{"start":{"line":133,"column":4},"end":{"line":135,"column":5}},"type":"if","locations":[{"start":{"line":133,"column":4},"end":{"line":135,"column":5}},{"start":{},"end":{}}],"line":133},"10":{"loc":{"start":{"line":133,"column":8},"end":{"line":133,"column":99}},"type":"binary-expr","locations":[{"start":{"line":133,"column":8},"end":{"line":133,"column":18}},{"start":{"line":133,"column":22},"end":{"line":133,"column":43}},{"start":{"line":133,"column":47},"end":{"line":133,"column":72}},{"start":{"line":133,"column":76},"end":{"line":133,"column":99}}],"line":133},"11":{"loc":{"start":{"line":138,"column":4},"end":{"line":140,"column":5}},"type":"if","locations":[{"start":{"line":138,"column":4},"end":{"line":140,"column":5}},{"start":{},"end":{}}],"line":138},"12":{"loc":{"start":{"line":138,"column":8},"end":{"line":138,"column":88}},"type":"binary-expr","locations":[{"start":{"line":138,"column":8},"end":{"line":138,"column":15}},{"start":{"line":138,"column":19},"end":{"line":138,"column":38}},{"start":{"line":138,"column":42},"end":{"line":138,"column":64}},{"start":{"line":138,"column":68},"end":{"line":138,"column":88}}],"line":138},"13":{"loc":{"start":{"line":181,"column":6},"end":{"line":187,"column":7}},"type":"if","locations":[{"start":{"line":181,"column":6},"end":{"line":187,"column":7}},{"start":{"line":183,"column":13},"end":{"line":187,"column":7}}],"line":181},"14":{"loc":{"start":{"line":183,"column":13},"end":{"line":187,"column":7}},"type":"if","locations":[{"start":{"line":183,"column":13},"end":{"line":187,"column":7}},{"start":{"line":185,"column":13},"end":{"line":187,"column":7}}],"line":183},"15":{"loc":{"start":{"line":183,"column":17},"end":{"line":183,"column":51}},"type":"binary-expr","locations":[{"start":{"line":183,"column":17},"end":{"line":183,"column":22}},{"start":{"line":183,"column":26},"end":{"line":183,"column":51}}],"line":183},"16":{"loc":{"start":{"line":196,"column":29},"end":{"line":196,"column":48}},"type":"default-arg","locations":[{"start":{"line":196,"column":46},"end":{"line":196,"column":48}}],"line":196},"17":{"loc":{"start":{"line":201,"column":4},"end":{"line":213,"column":5}},"type":"if","locations":[{"start":{"line":201,"column":4},"end":{"line":213,"column":5}},{"start":{"line":208,"column":11},"end":{"line":213,"column":5}}],"line":201},"18":{"loc":{"start":{"line":201,"column":8},"end":{"line":201,"column":63}},"type":"binary-expr","locations":[{"start":{"line":201,"column":8},"end":{"line":201,"column":37}},{"start":{"line":201,"column":41},"end":{"line":201,"column":63}}],"line":201},"19":{"loc":{"start":{"line":222,"column":4},"end":{"line":224,"column":5}},"type":"if","locations":[{"start":{"line":222,"column":4},"end":{"line":224,"column":5}},{"start":{},"end":{}}],"line":222},"20":{"loc":{"start":{"line":222,"column":8},"end":{"line":222,"column":43}},"type":"binary-expr","locations":[{"start":{"line":222,"column":8},"end":{"line":222,"column":14}},{"start":{"line":222,"column":18},"end":{"line":222,"column":43}}],"line":222},"21":{"loc":{"start":{"line":248,"column":4},"end":{"line":250,"column":5}},"type":"if","locations":[{"start":{"line":248,"column":4},"end":{"line":250,"column":5}},{"start":{},"end":{}}],"line":248},"22":{"loc":{"start":{"line":248,"column":8},"end":{"line":248,"column":43}},"type":"binary-expr","locations":[{"start":{"line":248,"column":8},"end":{"line":248,"column":14}},{"start":{"line":248,"column":18},"end":{"line":248,"column":43}}],"line":248},"23":{"loc":{"start":{"line":266,"column":34},"end":{"line":266,"column":63}},"type":"default-arg","locations":[{"start":{"line":266,"column":61},"end":{"line":266,"column":63}}],"line":266},"24":{"loc":{"start":{"line":267,"column":4},"end":{"line":269,"column":5}},"type":"if","locations":[{"start":{"line":267,"column":4},"end":{"line":269,"column":5}},{"start":{},"end":{}}],"line":267},"25":{"loc":{"start":{"line":267,"column":8},"end":{"line":267,"column":39}},"type":"binary-expr","locations":[{"start":{"line":267,"column":8},"end":{"line":267,"column":12}},{"start":{"line":267,"column":16},"end":{"line":267,"column":39}}],"line":267},"26":{"loc":{"start":{"line":275,"column":6},"end":{"line":277,"column":7}},"type":"if","locations":[{"start":{"line":275,"column":6},"end":{"line":277,"column":7}},{"start":{},"end":{}}],"line":275},"27":{"loc":{"start":{"line":280,"column":6},"end":{"line":289,"column":7}},"type":"if","locations":[{"start":{"line":280,"column":6},"end":{"line":289,"column":7}},{"start":{},"end":{}}],"line":280},"28":{"loc":{"start":{"line":282,"column":10},"end":{"line":283,"column":51}},"type":"binary-expr","locations":[{"start":{"line":282,"column":10},"end":{"line":282,"column":39}},{"start":{"line":283,"column":10},"end":{"line":283,"column":51}}],"line":282},"29":{"loc":{"start":{"line":286,"column":8},"end":{"line":288,"column":9}},"type":"if","locations":[{"start":{"line":286,"column":8},"end":{"line":288,"column":9}},{"start":{},"end":{}}],"line":286},"30":{"loc":{"start":{"line":301,"column":4},"end":{"line":303,"column":5}},"type":"if","locations":[{"start":{"line":301,"column":4},"end":{"line":303,"column":5}},{"start":{},"end":{}}],"line":301},"31":{"loc":{"start":{"line":301,"column":8},"end":{"line":301,"column":43}},"type":"binary-expr","locations":[{"start":{"line":301,"column":8},"end":{"line":301,"column":14}},{"start":{"line":301,"column":18},"end":{"line":301,"column":43}}],"line":301},"32":{"loc":{"start":{"line":323,"column":6},"end":{"line":325,"column":7}},"type":"if","locations":[{"start":{"line":323,"column":6},"end":{"line":325,"column":7}},{"start":{},"end":{}}],"line":323},"33":{"loc":{"start":{"line":339,"column":4},"end":{"line":345,"column":5}},"type":"if","locations":[{"start":{"line":339,"column":4},"end":{"line":345,"column":5}},{"start":{"line":341,"column":11},"end":{"line":345,"column":5}}],"line":339},"34":{"loc":{"start":{"line":339,"column":8},"end":{"line":339,"column":63}},"type":"binary-expr","locations":[{"start":{"line":339,"column":8},"end":{"line":339,"column":37}},{"start":{"line":339,"column":41},"end":{"line":339,"column":63}}],"line":339},"35":{"loc":{"start":{"line":352,"column":40},"end":{"line":356,"column":8}},"type":"default-arg","locations":[{"start":{"line":356,"column":6},"end":{"line":356,"column":8}}],"line":352},"36":{"loc":{"start":{"line":358,"column":12},"end":{"line":358,"column":37}},"type":"default-arg","locations":[{"start":{"line":358,"column":22},"end":{"line":358,"column":37}}],"line":358},"37":{"loc":{"start":{"line":358,"column":39},"end":{"line":358,"column":56}},"type":"default-arg","locations":[{"start":{"line":358,"column":54},"end":{"line":358,"column":56}}],"line":358},"38":{"loc":{"start":{"line":358,"column":58},"end":{"line":358,"column":80}},"type":"default-arg","locations":[{"start":{"line":358,"column":78},"end":{"line":358,"column":80}}],"line":358},"39":{"loc":{"start":{"line":361,"column":4},"end":{"line":363,"column":5}},"type":"if","locations":[{"start":{"line":361,"column":4},"end":{"line":363,"column":5}},{"start":{},"end":{}}],"line":361},"40":{"loc":{"start":{"line":366,"column":4},"end":{"line":368,"column":5}},"type":"if","locations":[{"start":{"line":366,"column":4},"end":{"line":368,"column":5}},{"start":{},"end":{}}],"line":366},"41":{"loc":{"start":{"line":366,"column":8},"end":{"line":366,"column":68}},"type":"binary-expr","locations":[{"start":{"line":366,"column":8},"end":{"line":366,"column":31}},{"start":{"line":366,"column":35},"end":{"line":366,"column":68}}],"line":366},"42":{"loc":{"start":{"line":371,"column":4},"end":{"line":376,"column":5}},"type":"if","locations":[{"start":{"line":371,"column":4},"end":{"line":376,"column":5}},{"start":{},"end":{}}],"line":371},"43":{"loc":{"start":{"line":373,"column":6},"end":{"line":375,"column":7}},"type":"if","locations":[{"start":{"line":373,"column":6},"end":{"line":375,"column":7}},{"start":{},"end":{}}],"line":373},"44":{"loc":{"start":{"line":373,"column":10},"end":{"line":373,"column":62}},"type":"binary-expr","locations":[{"start":{"line":373,"column":10},"end":{"line":373,"column":20}},{"start":{"line":373,"column":24},"end":{"line":373,"column":62}}],"line":373},"45":{"loc":{"start":{"line":381,"column":4},"end":{"line":383,"column":5}},"type":"if","locations":[{"start":{"line":381,"column":4},"end":{"line":383,"column":5}},{"start":{},"end":{}}],"line":381},"46":{"loc":{"start":{"line":381,"column":8},"end":{"line":381,"column":60}},"type":"binary-expr","locations":[{"start":{"line":381,"column":8},"end":{"line":381,"column":17}},{"start":{"line":381,"column":21},"end":{"line":381,"column":60}}],"line":381},"47":{"loc":{"start":{"line":386,"column":4},"end":{"line":388,"column":5}},"type":"if","locations":[{"start":{"line":386,"column":4},"end":{"line":388,"column":5}},{"start":{},"end":{}}],"line":386},"48":{"loc":{"start":{"line":386,"column":8},"end":{"line":386,"column":87}},"type":"binary-expr","locations":[{"start":{"line":386,"column":8},"end":{"line":386,"column":32}},{"start":{"line":386,"column":36},"end":{"line":386,"column":59}},{"start":{"line":386,"column":63},"end":{"line":386,"column":87}}],"line":386},"49":{"loc":{"start":{"line":409,"column":4},"end":{"line":412,"column":5}},"type":"if","locations":[{"start":{"line":409,"column":4},"end":{"line":412,"column":5}},{"start":{},"end":{}}],"line":409},"50":{"loc":{"start":{"line":415,"column":4},"end":{"line":422,"column":5}},"type":"if","locations":[{"start":{"line":415,"column":4},"end":{"line":422,"column":5}},{"start":{"line":417,"column":11},"end":{"line":422,"column":5}}],"line":415},"51":{"loc":{"start":{"line":417,"column":11},"end":{"line":422,"column":5}},"type":"if","locations":[{"start":{"line":417,"column":11},"end":{"line":422,"column":5}},{"start":{"line":419,"column":11},"end":{"line":422,"column":5}}],"line":417},"52":{"loc":{"start":{"line":425,"column":4},"end":{"line":426,"column":50}},"type":"if","locations":[{"start":{"line":425,"column":4},"end":{"line":426,"column":50}},{"start":{"line":426,"column":9},"end":{"line":426,"column":50}}],"line":425},"53":{"loc":{"start":{"line":428,"column":4},"end":{"line":429,"column":50}},"type":"if","locations":[{"start":{"line":428,"column":4},"end":{"line":429,"column":50}},{"start":{"line":429,"column":9},"end":{"line":429,"column":50}}],"line":428},"54":{"loc":{"start":{"line":431,"column":4},"end":{"line":432,"column":40}},"type":"if","locations":[{"start":{"line":431,"column":4},"end":{"line":432,"column":40}},{"start":{"line":432,"column":9},"end":{"line":432,"column":40}}],"line":431},"55":{"loc":{"start":{"line":434,"column":4},"end":{"line":435,"column":51}},"type":"if","locations":[{"start":{"line":434,"column":4},"end":{"line":435,"column":51}},{"start":{"line":435,"column":9},"end":{"line":435,"column":51}}],"line":434},"56":{"loc":{"start":{"line":448,"column":6},"end":{"line":451,"column":7}},"type":"if","locations":[{"start":{"line":448,"column":6},"end":{"line":451,"column":7}},{"start":{},"end":{}}],"line":448},"57":{"loc":{"start":{"line":455,"column":15},"end":{"line":455,"column":48}},"type":"binary-expr","locations":[{"start":{"line":455,"column":15},"end":{"line":455,"column":34}},{"start":{"line":455,"column":38},"end":{"line":455,"column":48}}],"line":455},"58":{"loc":{"start":{"line":466,"column":4},"end":{"line":468,"column":5}},"type":"if","locations":[{"start":{"line":466,"column":4},"end":{"line":468,"column":5}},{"start":{},"end":{}}],"line":466},"59":{"loc":{"start":{"line":466,"column":8},"end":{"line":466,"column":43}},"type":"binary-expr","locations":[{"start":{"line":466,"column":8},"end":{"line":466,"column":14}},{"start":{"line":466,"column":18},"end":{"line":466,"column":43}}],"line":466},"60":{"loc":{"start":{"line":470,"column":4},"end":{"line":507,"column":5}},"type":"switch","locations":[{"start":{"line":471,"column":6},"end":{"line":472,"column":37}},{"start":{"line":473,"column":6},"end":{"line":484,"column":10}},{"start":{"line":485,"column":6},"end":{"line":498,"column":10}},{"start":{"line":499,"column":6},"end":{"line":502,"column":10}},{"start":{"line":503,"column":6},"end":{"line":504,"column":40}},{"start":{"line":505,"column":6},"end":{"line":506,"column":37}}],"line":470},"61":{"loc":{"start":{"line":483,"column":17},"end":{"line":483,"column":34}},"type":"binary-expr","locations":[{"start":{"line":483,"column":17},"end":{"line":483,"column":26}},{"start":{"line":483,"column":30},"end":{"line":483,"column":34}}],"line":483},"62":{"loc":{"start":{"line":497,"column":17},"end":{"line":497,"column":34}},"type":"binary-expr","locations":[{"start":{"line":497,"column":17},"end":{"line":497,"column":26}},{"start":{"line":497,"column":30},"end":{"line":497,"column":34}}],"line":497},"63":{"loc":{"start":{"line":514,"column":4},"end":{"line":516,"column":5}},"type":"if","locations":[{"start":{"line":514,"column":4},"end":{"line":516,"column":5}},{"start":{},"end":{}}],"line":514},"64":{"loc":{"start":{"line":514,"column":8},"end":{"line":514,"column":43}},"type":"binary-expr","locations":[{"start":{"line":514,"column":8},"end":{"line":514,"column":14}},{"start":{"line":514,"column":18},"end":{"line":514,"column":43}}],"line":514}},"s":{"0":0,"1":0,"2":0,"3":0,"4":0,"5":0,"6":0,"7":0,"8":0,"9":0,"10":0,"11":0,"12":0,"13":0,"14":0,"15":0,"16":0,"17":0,"18":0,"19":0,"20":0,"21":0,"22":0,"23":0,"24":0,"25":0,"26":0,"27":0,"28":0,"29":0,"30":0,"31":0,"32":0,"33":0,"34":0,"35":0,"36":0,"37":0,"38":0,"39":0,"40":0,"41":0,"42":0,"43":0,"44":0,"45":0,"46":0,"47":0,"48":0,"49":0,"50":0,"51":0,"52":0,"53":0,"54":0,"55":0,"56":0,"57":0,"58":0,"59":0,"60":0,"61":0,"62":0,"63":0,"64":0,"65":0,"66":0,"67":0,"68":0,"69":0,"70":0,"71":0,"72":0,"73":0,"74":0,"75":0,"76":0,"77":0,"78":0,"79":0,"80":0,"81":0,"82":0,"83":0,"84":0,"85":0,"86":0,"87":0,"88":0,"89":0,"90":0,"91":0,"92":0,"93":0,"94":0,"95":0,"96":0,"97":0,"98":0,"99":0,"100":0,"101":0,"102":0,"103":0,"104":0,"105":0,"106":0,"107":0,"108":0,"109":0,"110":0,"111":0,"112":0,"113":0,"114":0,"115":0,"116":0,"117":0,"118":0,"119":0,"120":0,"121":0,"122":0,"123":0,"124":0,"125":0,"126":0,"127":0,"128":0,"129":0,"130":0,"131":0,"132":0,"133":0,"134":0,"135":0,"136":0,"137":0,"138":0,"139":0,"140":0,"141":0,"142":0,"143":0,"144":0,"145":0,"146":0,"147":0,"148":0,"149":0,"150":0,"151":0,"152":0,"153":0,"154":0,"155":0,"156":0,"157":0,"158":0,"159":0,"160":0,"161":0,"162":0,"163":0,"164":0,"165":0,"166":0,"167":0,"168":0,"169":0,"170":0,"171":0,"172":0,"173":0},"f":{"0":0,"1":0,"2":0,"3":0,"4":0,"5":0,"6":0,"7":0,"8":0,"9":0,"10":0,"11":0,"12":0,"13":0,"14":0,"15":0,"16":0,"17":0,"18":0,"19":0,"20":0,"21":0,"22":0,"23":0,"24":0,"25":0},"b":{"0":[0,0],"1":[0,0],"2":[0,0],"3":[0,0],"4":[0,0],"5":[0,0],"6":[0,0],"7":[0,0],"8":[0,0],"9":[0,0],"10":[0,0,0,0],"11":[0,0],"12":[0,0,0,0],"13":[0,0],"14":[0,0],"15":[0,0],"16":[0],"17":[0,0],"18":[0,0],"19":[0,0],"20":[0,0],"21":[0,0],"22":[0,0],"23":[0],"24":[0,0],"25":[0,0],"26":[0,0],"27":[0,0],"28":[0,0],"29":[0,0],"30":[0,0],"31":[0,0],"32":[0,0],"33":[0,0],"34":[0,0],"35":[0],"36":[0],"37":[0],"38":[0],"39":[0,0],"40":[0,0],"41":[0,0],"42":[0,0],"43":[0,0],"44":[0,0],"45":[0,0],"46":[0,0],"47":[0,0],"48":[0,0,0],"49":[0,0],"50":[0,0],"51":[0,0],"52":[0,0],"53":[0,0],"54":[0,0],"55":[0,0],"56":[0,0],"57":[0,0],"58":[0,0],"59":[0,0],"60":[0,0,0,0,0,0],"61":[0,0],"62":[0,0],"63":[0,0],"64":[0,0]}}
}
