TN:
SF:src\setupTests.ts
FN:7,(anonymous_0)
FN:8,(anonymous_1)
FN:11,(anonymous_2)
FN:14,(anonymous_3)
FN:22,(anonymous_4)
FN:26,(anonymous_5)
FN:27,(anonymous_6)
FN:28,(anonymous_7)
FN:29,(anonymous_8)
FN:30,(anonymous_9)
FNF:10
FNH:0
FNDA:0,(anonymous_0)
FNDA:0,(anonymous_1)
FNDA:0,(anonymous_2)
FNDA:0,(anonymous_3)
FNDA:0,(anonymous_4)
FNDA:0,(anonymous_5)
FNDA:0,(anonymous_6)
FNDA:0,(anonymous_7)
FNDA:0,(anonymous_8)
FNDA:0,(anonymous_9)
DA:5,0
DA:7,0
DA:9,0
DA:12,0
DA:15,0
DA:19,0
DA:22,0
LF:7
LH:0
BRDA:7,0,0,0
BRDA:7,0,1,0
BRDA:22,1,0,0
BRDA:22,1,1,0
BRF:4
BRH:0
end_of_record
TN:
SF:src\components\auth\ForgotPasswordForm.tsx
FN:10,(anonymous_0)
FN:23,(anonymous_1)
FNF:2
FNH:0
FNDA:0,(anonymous_0)
FNDA:0,(anonymous_1)
DA:10,0
DA:11,0
DA:12,0
DA:13,0
DA:19,0
DA:23,0
DA:24,0
DA:25,0
DA:26,0
DA:28,0
DA:29,0
DA:31,0
DA:32,0
DA:34,0
DA:38,0
DA:39,0
DA:57,0
LF:17
LH:0
BRDA:38,0,0,0
BRDA:38,0,1,0
BRDA:59,1,0,0
BRDA:59,1,1,0
BRF:4
BRH:0
end_of_record
TN:
SF:src\components\auth\LoginForm.tsx
FN:36,(anonymous_0)
FN:50,(anonymous_1)
FN:130,(anonymous_2)
FNF:3
FNH:0
FNDA:0,(anonymous_0)
FNDA:0,(anonymous_1)
FNDA:0,(anonymous_2)
DA:36,0
DA:37,0
DA:38,0
DA:39,0
DA:40,0
DA:48,0
DA:50,0
DA:51,0
DA:52,0
DA:54,0
DA:56,0
DA:57,0
DA:60,0
DA:62,0
DA:69,0
DA:74,0
DA:76,0
DA:85,0
DA:86,0
DA:87,0
DA:88,0
DA:91,0
DA:95,0
DA:130,0
LF:24
LH:0
BRDA:56,0,0,0
BRDA:56,0,1,0
BRDA:85,1,0,0
BRDA:85,1,1,0
BRDA:87,2,0,0
BRDA:87,2,1,0
BRDA:120,3,0,0
BRDA:120,3,1,0
BRDA:131,4,0,0
BRDA:131,4,1,0
BRDA:133,5,0,0
BRDA:133,5,1,0
BRDA:152,6,0,0
BRDA:152,6,1,0
BRF:14
BRH:0
end_of_record
TN:
SF:src\components\auth\SignInForm.tsx
FN:10,(anonymous_0)
FN:22,(anonymous_1)
FNF:2
FNH:0
FNDA:0,(anonymous_0)
FNDA:0,(anonymous_1)
DA:10,0
DA:11,0
DA:12,0
DA:18,0
DA:22,0
DA:23,0
DA:24,0
DA:25,0
DA:27,0
DA:29,0
DA:31,0
DA:35,0
LF:12
LH:0
BRDA:37,0,0,0
BRDA:37,0,1,0
BRF:2
BRH:0
end_of_record
TN:
SF:src\components\auth\SignUpForm.tsx
FN:10,(anonymous_0)
FN:25,(anonymous_1)
FN:80,(anonymous_2)
FNF:3
FNH:0
FNDA:0,(anonymous_0)
FNDA:0,(anonymous_1)
FNDA:0,(anonymous_2)
DA:10,0
DA:11,0
DA:12,0
DA:19,0
DA:23,0
DA:25,0
DA:26,0
DA:27,0
DA:28,0
DA:30,0
DA:32,0
DA:34,0
DA:38,0
DA:80,0
LF:14
LH:0
BRDA:40,0,0,0
BRDA:40,0,1,0
BRDA:80,1,0,0
BRDA:80,1,1,0
BRDA:115,2,0,0
BRDA:115,2,1,0
BRF:6
BRH:0
end_of_record
TN:
SF:src\components\auth\index.ts
FNF:0
FNH:0
LF:0
LH:0
BRF:0
BRH:0
end_of_record
TN:
SF:src\components\auth\__tests__\Wrapper.tsx
FN:12,(anonymous_0)
FNF:1
FNH:0
FNDA:0,(anonymous_0)
DA:5,0
DA:12,0
DA:13,0
LF:3
LH:0
BRF:0
BRH:0
end_of_record
TN:
SF:src\components\auth\__tests__\setup.ts
FN:4,(anonymous_0)
FNF:1
FNH:0
FNDA:0,(anonymous_0)
DA:4,0
LF:1
LH:0
BRDA:4,0,0,0
BRF:1
BRH:0
end_of_record
TN:
SF:src\components\auth\__tests__\setup.tsx
FN:17,(anonymous_0)
FN:25,(anonymous_1)
FNF:2
FNH:0
FNDA:0,(anonymous_0)
FNDA:0,(anonymous_1)
DA:6,0
DA:17,0
DA:18,0
DA:25,0
DA:26,0
LF:5
LH:0
BRDA:25,0,0,0
BRF:1
BRH:0
end_of_record
TN:
SF:src\components\auth\__tests__\setupTestEnv.ts
FN:3,(anonymous_0)
FNF:1
FNH:0
FNDA:0,(anonymous_0)
DA:3,0
DA:4,0
DA:5,0
LF:3
LH:0
BRF:0
BRH:0
end_of_record
TN:
SF:src\components\chat\ChatErrorBoundary.tsx
FN:15,(anonymous_0)
FN:20,(anonymous_1)
FN:27,(anonymous_2)
FN:31,(anonymous_3)
FN:36,(anonymous_4)
FNF:5
FNH:0
FNDA:0,(anonymous_0)
FNDA:0,(anonymous_1)
FNDA:0,(anonymous_2)
FNDA:0,(anonymous_3)
FNDA:0,(anonymous_4)
DA:16,0
DA:17,0
DA:21,0
DA:28,0
DA:31,0
DA:32,0
DA:33,0
DA:37,0
DA:38,0
DA:65,0
LF:10
LH:0
BRDA:37,0,0,0
BRDA:37,0,1,0
BRDA:55,1,0,0
BRDA:55,1,1,0
BRF:4
BRH:0
end_of_record
TN:
SF:src\components\chat\ChatInterface.tsx
FN:19,ChatInterface
FN:49,(anonymous_1)
FN:62,(anonymous_2)
FN:107,(anonymous_3)
FN:110,(anonymous_4)
FN:113,(anonymous_5)
FN:116,(anonymous_6)
FNF:7
FNH:0
FNDA:0,ChatInterface
FNDA:0,(anonymous_1)
FNDA:0,(anonymous_2)
FNDA:0,(anonymous_3)
FNDA:0,(anonymous_4)
FNDA:0,(anonymous_5)
FNDA:0,(anonymous_6)
DA:29,0
DA:31,0
DA:32,0
DA:33,0
DA:47,0
DA:49,0
DA:50,0
DA:51,0
DA:52,0
DA:54,0
DA:55,0
DA:56,0
DA:57,0
DA:62,0
DA:63,0
DA:66,0
DA:108,0
DA:111,0
DA:114,0
DA:117,0
LF:20
LH:0
BRDA:22,0,0,0
BRDA:23,1,0,0
BRDA:26,2,0,0
BRDA:27,3,0,0
BRDA:28,4,0,0
BRDA:50,5,0,0
BRDA:50,5,1,0
BRDA:51,6,0,0
BRDA:51,6,1,0
BRDA:56,7,0,0
BRDA:56,7,1,0
BRDA:74,8,0,0
BRDA:74,8,1,0
BRDA:74,8,2,0
BRDA:74,8,3,0
BRDA:76,9,0,0
BRDA:76,9,1,0
BRDA:80,10,0,0
BRDA:80,10,1,0
BRDA:97,11,0,0
BRDA:97,11,1,0
BRDA:100,12,0,0
BRDA:100,12,1,0
BRDA:100,13,0,0
BRDA:100,13,1,0
BRDA:102,14,0,0
BRDA:102,14,1,0
BRDA:105,15,0,0
BRDA:105,15,1,0
BRDA:106,16,0,0
BRDA:106,16,1,0
BRDA:119,17,0,0
BRDA:119,17,1,0
BRF:33
BRH:0
end_of_record
TN:
SF:src\components\chat\ChatRoomList.tsx
FN:23,ChatRoomList
FN:36,(anonymous_1)
FN:38,(anonymous_2)
FN:43,(anonymous_3)
FN:47,(anonymous_4)
FN:56,(anonymous_5)
FN:58,(anonymous_6)
FN:74,(anonymous_7)
FN:87,(anonymous_8)
FN:101,(anonymous_9)
FN:154,(anonymous_10)
FNF:11
FNH:0
FNDA:0,ChatRoomList
FNDA:0,(anonymous_1)
FNDA:0,(anonymous_2)
FNDA:0,(anonymous_3)
FNDA:0,(anonymous_4)
FNDA:0,(anonymous_5)
FNDA:0,(anonymous_6)
FNDA:0,(anonymous_7)
FNDA:0,(anonymous_8)
FNDA:0,(anonymous_9)
FNDA:0,(anonymous_10)
DA:29,0
DA:30,0
DA:31,0
DA:32,0
DA:33,0
DA:34,0
DA:36,0
DA:37,0
DA:39,0
DA:43,0
DA:44,0
DA:46,0
DA:47,0
DA:48,0
DA:50,0
DA:53,0
DA:56,0
DA:57,0
DA:58,0
DA:59,0
DA:61,0
DA:63,0
DA:66,0
DA:74,0
DA:88,0
DA:89,0
DA:90,0
DA:91,0
DA:92,0
DA:94,0
DA:101,0
DA:154,0
LF:32
LH:0
BRDA:37,0,0,0
BRDA:37,0,1,0
BRDA:44,1,0,0
BRDA:44,1,1,0
BRDA:46,2,0,0
BRDA:46,2,1,0
BRDA:50,3,0,0
BRDA:50,3,1,0
BRDA:57,4,0,0
BRDA:57,4,1,0
BRDA:61,5,0,0
BRDA:61,5,1,0
BRDA:92,6,0,0
BRDA:92,6,1,0
BRDA:99,7,0,0
BRDA:99,7,1,0
BRDA:100,8,0,0
BRDA:100,8,1,0
BRDA:114,9,0,0
BRDA:114,9,1,0
BRDA:120,10,0,0
BRDA:120,10,1,0
BRDA:138,11,0,0
BRDA:138,11,1,0
BRDA:140,12,0,0
BRDA:140,12,1,0
BRDA:154,13,0,0
BRDA:154,13,1,0
BRDA:154,13,2,0
BRF:29
BRH:0
end_of_record
TN:
SF:src\components\chat\EmojiPicker.tsx
FN:23,EmojiPicker
FN:38,(anonymous_1)
FN:46,(anonymous_2)
FN:49,(anonymous_3)
FN:58,(anonymous_4)
FNF:5
FNH:0
FNDA:0,EmojiPicker
FNDA:0,(anonymous_1)
FNDA:0,(anonymous_2)
FNDA:0,(anonymous_3)
FNDA:0,(anonymous_4)
DA:16,0
DA:24,0
DA:25,0
DA:27,0
DA:39,0
DA:47,0
DA:50,0
DA:58,0
LF:8
LH:0
BRF:0
BRH:0
end_of_record
TN:
SF:src\components\chat\LoadingStates.tsx
FN:14,LoadingStates
FN:18,(anonymous_1)
FN:20,(anonymous_2)
FN:34,(anonymous_3)
FN:41,(anonymous_4)
FN:73,(anonymous_5)
FNF:6
FNH:0
FNDA:0,LoadingStates
FNDA:0,(anonymous_1)
FNDA:0,(anonymous_2)
FNDA:0,(anonymous_3)
FNDA:0,(anonymous_4)
FNDA:0,(anonymous_5)
DA:15,0
DA:16,0
DA:18,0
DA:19,0
DA:21,0
DA:34,0
DA:35,0
DA:42,0
DA:43,0
DA:73,0
DA:74,0
DA:89,0
DA:91,0
DA:93,0
DA:95,0
DA:97,0
LF:16
LH:0
BRDA:46,0,0,0
BRDA:46,0,1,0
BRDA:49,1,0,0
BRDA:49,1,1,0
BRDA:89,2,0,0
BRDA:89,2,1,0
BRDA:89,2,2,0
BRDA:89,2,3,0
BRF:8
BRH:0
end_of_record
TN:
SF:src\components\chat\MessageInput.tsx
FN:17,MessageInput
FN:25,(anonymous_1)
FN:35,(anonymous_2)
FN:42,(anonymous_3)
FN:54,(anonymous_4)
FN:60,(anonymous_5)
FN:61,(anonymous_6)
FN:65,(anonymous_7)
FN:66,(anonymous_8)
FN:91,(anonymous_9)
FN:97,(anonymous_10)
FNF:11
FNH:0
FNDA:0,MessageInput
FNDA:0,(anonymous_1)
FNDA:0,(anonymous_2)
FNDA:0,(anonymous_3)
FNDA:0,(anonymous_4)
FNDA:0,(anonymous_5)
FNDA:0,(anonymous_6)
FNDA:0,(anonymous_7)
FNDA:0,(anonymous_8)
FNDA:0,(anonymous_9)
FNDA:0,(anonymous_10)
DA:18,0
DA:19,0
DA:20,0
DA:21,0
DA:22,0
DA:23,0
DA:25,0
DA:26,0
DA:27,0
DA:28,0
DA:29,0
DA:30,0
DA:31,0
DA:35,0
DA:36,0
DA:37,0
DA:38,0
DA:42,0
DA:43,0
DA:45,0
DA:46,0
DA:47,0
DA:50,0
DA:51,0
DA:54,0
DA:55,0
DA:56,0
DA:60,0
DA:61,0
DA:62,0
DA:65,0
DA:66,0
DA:67,0
DA:68,0
DA:73,0
DA:97,0
LF:36
LH:0
BRDA:27,0,0,0
BRDA:27,0,1,0
BRDA:36,1,0,0
BRDA:36,1,1,0
BRDA:36,2,0,0
BRDA:36,2,1,0
BRDA:45,3,0,0
BRDA:45,3,1,0
BRDA:50,4,0,0
BRDA:50,4,1,0
BRDA:67,5,0,0
BRDA:67,5,1,0
BRDA:75,6,0,0
BRDA:75,6,1,0
BRF:14
BRH:0
end_of_record
TN:
SF:src\components\chat\MessageThread.tsx
FN:29,MessageThread
FN:51,(anonymous_1)
FN:57,(anonymous_2)
FN:59,(anonymous_3)
FN:61,(anonymous_4)
FN:63,(anonymous_5)
FN:70,(anonymous_6)
FN:76,(anonymous_7)
FN:87,(anonymous_8)
FN:96,(anonymous_9)
FN:99,(anonymous_10)
FN:141,(anonymous_11)
FN:212,(anonymous_12)
FN:239,(anonymous_13)
FN:250,(anonymous_14)
FNF:15
FNH:0
FNDA:0,MessageThread
FNDA:0,(anonymous_1)
FNDA:0,(anonymous_2)
FNDA:0,(anonymous_3)
FNDA:0,(anonymous_4)
FNDA:0,(anonymous_5)
FNDA:0,(anonymous_6)
FNDA:0,(anonymous_7)
FNDA:0,(anonymous_8)
FNDA:0,(anonymous_9)
FNDA:0,(anonymous_10)
FNDA:0,(anonymous_11)
FNDA:0,(anonymous_12)
FNDA:0,(anonymous_13)
FNDA:0,(anonymous_14)
DA:40,0
DA:41,0
DA:42,0
DA:43,0
DA:48,0
DA:49,0
DA:51,0
DA:52,0
DA:53,0
DA:57,0
DA:58,0
DA:60,0
DA:61,0
DA:63,0
DA:65,0
DA:66,0
DA:70,0
DA:71,0
DA:72,0
DA:76,0
DA:77,0
DA:78,0
DA:80,0
DA:87,0
DA:96,0
DA:99,0
DA:142,0
DA:160,0
DA:212,0
DA:239,0
DA:251,0
DA:254,0
LF:32
LH:0
BRDA:52,0,0,0
BRDA:52,0,1,0
BRDA:60,1,0,0
BRDA:60,1,1,0
BRDA:61,2,0,0
BRDA:61,2,1,0
BRDA:65,3,0,0
BRDA:65,3,1,0
BRDA:71,4,0,0
BRDA:71,4,1,0
BRDA:84,5,0,0
BRDA:84,5,1,0
BRDA:87,6,0,0
BRDA:87,6,1,0
BRDA:87,6,2,0
BRDA:105,7,0,0
BRDA:105,7,1,0
BRDA:106,8,0,0
BRDA:106,8,1,0
BRDA:111,9,0,0
BRDA:111,9,1,0
BRDA:122,10,0,0
BRDA:122,10,1,0
BRDA:128,11,0,0
BRDA:128,11,1,0
BRDA:130,12,0,0
BRDA:130,12,1,0
BRDA:131,13,0,0
BRDA:131,13,1,0
BRDA:132,14,0,0
BRDA:132,14,1,0
BRDA:133,15,0,0
BRDA:133,15,1,0
BRDA:134,16,0,0
BRDA:134,16,1,0
BRDA:139,17,0,0
BRDA:139,17,1,0
BRDA:139,17,2,0
BRDA:175,18,0,0
BRDA:175,18,1,0
BRDA:203,19,0,0
BRDA:203,19,1,0
BRDA:215,20,0,0
BRDA:215,20,1,0
BRDA:224,21,0,0
BRDA:224,21,1,0
BRF:46
BRH:0
end_of_record
TN:
SF:src\components\chat\PresenceIndicator.tsx
FN:39,(anonymous_0)
FN:59,(anonymous_1)
FN:64,(anonymous_2)
FN:132,(anonymous_3)
FN:136,(anonymous_4)
FN:162,(anonymous_5)
FN:182,(anonymous_6)
FN:189,(anonymous_7)
FN:198,(anonymous_8)
FN:203,(anonymous_9)
FN:215,(anonymous_10)
FN:236,(anonymous_11)
FN:240,(anonymous_12)
FN:289,(anonymous_13)
FN:290,(anonymous_14)
FN:291,(anonymous_15)
FN:293,(anonymous_16)
FN:295,(anonymous_17)
FN:296,(anonymous_18)
FN:303,(anonymous_19)
FN:304,(anonymous_20)
FNF:21
FNH:0
FNDA:0,(anonymous_0)
FNDA:0,(anonymous_1)
FNDA:0,(anonymous_2)
FNDA:0,(anonymous_3)
FNDA:0,(anonymous_4)
FNDA:0,(anonymous_5)
FNDA:0,(anonymous_6)
FNDA:0,(anonymous_7)
FNDA:0,(anonymous_8)
FNDA:0,(anonymous_9)
FNDA:0,(anonymous_10)
FNDA:0,(anonymous_11)
FNDA:0,(anonymous_12)
FNDA:0,(anonymous_13)
FNDA:0,(anonymous_14)
FNDA:0,(anonymous_15)
FNDA:0,(anonymous_16)
FNDA:0,(anonymous_17)
FNDA:0,(anonymous_18)
FNDA:0,(anonymous_19)
FNDA:0,(anonymous_20)
DA:39,0
DA:45,0
DA:52,0
DA:59,0
DA:60,0
DA:61,0
DA:64,0
DA:65,0
DA:66,0
DA:68,0
DA:69,0
DA:70,0
DA:72,0
DA:73,0
DA:74,0
DA:75,0
DA:76,0
DA:79,0
DA:80,0
DA:110,0
DA:132,0
DA:136,0
DA:137,0
DA:138,0
DA:140,0
DA:141,0
DA:150,0
DA:163,0
DA:182,0
DA:189,0
DA:191,0
DA:192,0
DA:195,0
DA:196,0
DA:198,0
DA:199,0
DA:200,0
DA:203,0
DA:204,0
DA:205,0
DA:208,0
DA:211,0
DA:216,0
DA:236,0
DA:240,0
DA:241,0
DA:242,0
DA:244,0
DA:245,0
DA:246,0
DA:248,0
DA:249,0
DA:250,0
DA:251,0
DA:252,0
DA:254,0
DA:255,0
DA:256,0
DA:259,0
DA:262,0
DA:263,0
DA:265,0
DA:289,0
DA:290,0
DA:291,0
DA:293,0
DA:295,0
DA:296,0
DA:297,0
DA:303,0
DA:304,0
DA:306,0
DA:307,0
DA:310,0
DA:311,0
DA:315,0
DA:316,0
DA:319,0
DA:323,0
LF:79
LH:0
BRDA:41,0,0,0
BRDA:42,1,0,0
BRDA:43,2,0,0
BRDA:60,3,0,0
BRDA:60,3,1,0
BRDA:65,4,0,0
BRDA:65,4,1,0
BRDA:66,5,0,0
BRDA:66,5,1,0
BRDA:72,6,0,0
BRDA:72,6,1,0
BRDA:73,7,0,0
BRDA:73,7,1,0
BRDA:74,8,0,0
BRDA:74,8,1,0
BRDA:75,9,0,0
BRDA:75,9,1,0
BRDA:79,10,0,0
BRDA:79,10,1,0
BRDA:84,11,0,0
BRDA:84,11,1,0
BRDA:114,12,0,0
BRDA:114,12,1,0
BRDA:134,13,0,0
BRDA:140,14,0,0
BRDA:140,14,1,0
BRDA:172,15,0,0
BRDA:172,15,1,0
BRDA:185,16,0,0
BRDA:186,17,0,0
BRDA:191,18,0,0
BRDA:191,18,1,0
BRDA:199,19,0,0
BRDA:199,19,1,0
BRDA:204,20,0,0
BRDA:204,20,1,0
BRDA:226,21,0,0
BRDA:226,21,1,0
BRDA:238,22,0,0
BRDA:241,23,0,0
BRDA:241,23,1,0
BRDA:242,24,0,0
BRDA:242,24,1,0
BRDA:248,25,0,0
BRDA:248,25,1,0
BRDA:249,26,0,0
BRDA:249,26,1,0
BRDA:249,27,0,0
BRDA:249,27,1,0
BRDA:250,28,0,0
BRDA:250,28,1,0
BRDA:252,29,0,0
BRDA:252,29,1,0
BRDA:254,30,0,0
BRDA:254,30,1,0
BRDA:256,31,0,0
BRDA:256,31,1,0
BRDA:262,32,0,0
BRDA:262,32,1,0
BRDA:263,33,0,0
BRDA:263,33,1,0
BRDA:279,34,0,0
BRDA:279,34,1,0
BRDA:297,35,0,0
BRDA:297,35,1,0
BRDA:306,36,0,0
BRDA:306,36,1,0
BRDA:306,37,0,0
BRDA:306,37,1,0
BRDA:307,38,0,0
BRDA:307,38,1,0
BRDA:307,39,0,0
BRDA:307,39,1,0
BRDA:310,40,0,0
BRDA:310,40,1,0
BRDA:310,41,0,0
BRDA:310,41,1,0
BRDA:315,42,0,0
BRDA:315,42,1,0
BRDA:315,43,0,0
BRDA:315,43,1,0
BRDA:316,44,0,0
BRDA:316,44,1,0
BRDA:316,45,0,0
BRDA:316,45,1,0
BRF:85
BRH:0
end_of_record
TN:
SF:src\components\chat\index.ts
FNF:0
FNH:0
LF:0
LH:0
BRF:0
BRH:0
end_of_record
TN:
SF:src\components\citations\__tests__\setup.tsx
FN:8,(anonymous_0)
FN:26,(anonymous_1)
FN:38,(anonymous_2)
FNF:3
FNH:0
FNDA:0,(anonymous_0)
FNDA:0,(anonymous_1)
FNDA:0,(anonymous_2)
DA:8,0
DA:9,0
DA:26,0
DA:27,0
DA:29,0
DA:38,0
DA:39,0
LF:7
LH:0
BRDA:38,0,0,0
BRF:1
BRH:0
end_of_record
TN:
SF:src\components\m0\AnimatedTransitions.tsx
FN:11,(anonymous_0)
FN:14,(anonymous_1)
FN:15,(anonymous_2)
FN:19,(anonymous_3)
FN:51,(anonymous_4)
FN:61,(anonymous_5)
FN:62,(anonymous_6)
FN:66,(anonymous_7)
FN:69,(anonymous_8)
FN:112,(anonymous_9)
FN:115,(anonymous_10)
FN:116,(anonymous_11)
FN:120,(anonymous_12)
FN:150,(anonymous_13)
FN:153,(anonymous_14)
FN:177,(anonymous_15)
FN:182,(anonymous_16)
FN:183,(anonymous_17)
FN:187,(anonymous_18)
FN:190,(anonymous_19)
FN:198,(anonymous_20)
FN:203,(anonymous_21)
FN:226,(anonymous_22)
FN:258,(anonymous_23)
FN:262,(anonymous_24)
FN:263,(anonymous_25)
FN:267,(anonymous_26)
FN:270,(anonymous_27)
FN:278,(anonymous_28)
FN:287,(anonymous_29)
FN:308,(anonymous_30)
FN:309,(anonymous_31)
FN:344,(anonymous_32)
FNF:33
FNH:0
FNDA:0,(anonymous_0)
FNDA:0,(anonymous_1)
FNDA:0,(anonymous_2)
FNDA:0,(anonymous_3)
FNDA:0,(anonymous_4)
FNDA:0,(anonymous_5)
FNDA:0,(anonymous_6)
FNDA:0,(anonymous_7)
FNDA:0,(anonymous_8)
FNDA:0,(anonymous_9)
FNDA:0,(anonymous_10)
FNDA:0,(anonymous_11)
FNDA:0,(anonymous_12)
FNDA:0,(anonymous_13)
FNDA:0,(anonymous_14)
FNDA:0,(anonymous_15)
FNDA:0,(anonymous_16)
FNDA:0,(anonymous_17)
FNDA:0,(anonymous_18)
FNDA:0,(anonymous_19)
FNDA:0,(anonymous_20)
FNDA:0,(anonymous_21)
FNDA:0,(anonymous_22)
FNDA:0,(anonymous_23)
FNDA:0,(anonymous_24)
FNDA:0,(anonymous_25)
FNDA:0,(anonymous_26)
FNDA:0,(anonymous_27)
FNDA:0,(anonymous_28)
FNDA:0,(anonymous_29)
FNDA:0,(anonymous_30)
FNDA:0,(anonymous_31)
FNDA:0,(anonymous_32)
DA:10,0
DA:12,0
DA:14,0
DA:15,0
DA:16,0
DA:19,0
DA:22,0
DA:39,0
DA:50,0
DA:59,0
DA:61,0
DA:62,0
DA:63,0
DA:66,0
DA:69,0
DA:70,0
DA:72,0
DA:74,0
DA:76,0
DA:78,0
DA:80,0
DA:84,0
DA:101,0
DA:111,0
DA:113,0
DA:115,0
DA:116,0
DA:117,0
DA:120,0
DA:123,0
DA:140,0
DA:149,0
DA:151,0
DA:154,0
DA:166,0
DA:176,0
DA:178,0
DA:179,0
DA:180,0
DA:182,0
DA:183,0
DA:184,0
DA:187,0
DA:190,0
DA:191,0
DA:192,0
DA:193,0
DA:195,0
DA:198,0
DA:199,0
DA:200,0
DA:203,0
DA:206,0
DA:215,0
DA:225,0
DA:227,0
DA:245,0
DA:257,0
DA:259,0
DA:260,0
DA:262,0
DA:263,0
DA:264,0
DA:267,0
DA:270,0
DA:271,0
DA:273,0
DA:274,0
DA:275,0
DA:277,0
DA:278,0
DA:279,0
DA:280,0
DA:282,0
DA:283,0
DA:287,0
DA:290,0
DA:298,0
DA:307,0
DA:309,0
DA:310,0
DA:312,0
DA:314,0
DA:316,0
DA:320,0
DA:335,0
DA:343,0
DA:345,0
DA:372,0
LF:89
LH:0
BRDA:11,0,0,0
BRDA:11,1,0,0
BRDA:11,2,0,0
BRDA:27,3,0,0
BRDA:27,3,1,0
BRDA:28,4,0,0
BRDA:28,4,1,0
BRDA:53,5,0,0
BRDA:54,6,0,0
BRDA:55,7,0,0
BRDA:56,8,0,0
BRDA:57,9,0,0
BRDA:70,10,0,0
BRDA:70,10,1,0
BRDA:72,11,0,0
BRDA:72,11,1,0
BRDA:72,11,2,0
BRDA:72,11,3,0
BRDA:89,12,0,0
BRDA:89,12,1,0
BRDA:112,13,0,0
BRDA:112,14,0,0
BRDA:112,15,0,0
BRDA:112,16,0,0
BRDA:128,17,0,0
BRDA:128,17,1,0
BRDA:129,18,0,0
BRDA:129,18,1,0
BRDA:150,19,0,0
BRDA:150,20,0,0
BRDA:150,21,0,0
BRDA:177,22,0,0
BRDA:177,23,0,0
BRDA:177,24,0,0
BRDA:191,25,0,0
BRDA:191,25,1,0
BRDA:191,26,0,0
BRDA:191,26,1,0
BRDA:192,27,0,0
BRDA:192,27,1,0
BRDA:192,28,0,0
BRDA:192,28,1,0
BRDA:226,29,0,0
BRDA:226,30,0,0
BRDA:226,31,0,0
BRDA:232,32,0,0
BRDA:232,32,1,0
BRDA:237,33,0,0
BRDA:237,33,1,0
BRDA:258,34,0,0
BRDA:258,35,0,0
BRDA:258,36,0,0
BRDA:258,37,0,0
BRDA:258,38,0,0
BRDA:258,39,0,0
BRDA:271,40,0,0
BRDA:271,40,1,0
BRDA:275,41,0,0
BRDA:275,41,1,0
BRDA:282,42,0,0
BRDA:282,42,1,0
BRDA:308,43,0,0
BRDA:308,44,0,0
BRDA:308,45,0,0
BRDA:310,46,0,0
BRDA:310,46,1,0
BRDA:310,46,2,0
BRDA:344,47,0,0
BRDA:344,48,0,0
BRDA:344,49,0,0
BRF:70
BRH:0
end_of_record
TN:
SF:src\components\m0\ErrorStates.tsx
FN:12,(anonymous_0)
FN:36,(anonymous_1)
FN:45,(anonymous_2)
FN:74,(anonymous_3)
FN:85,(anonymous_4)
FN:163,(anonymous_5)
FN:188,(anonymous_6)
FN:189,(anonymous_7)
FN:190,(anonymous_8)
FN:221,(anonymous_9)
FN:320,(anonymous_10)
FNF:11
FNH:0
FNDA:0,(anonymous_0)
FNDA:0,(anonymous_1)
FNDA:0,(anonymous_2)
FNDA:0,(anonymous_3)
FNDA:0,(anonymous_4)
FNDA:0,(anonymous_5)
FNDA:0,(anonymous_6)
FNDA:0,(anonymous_7)
FNDA:0,(anonymous_8)
FNDA:0,(anonymous_9)
FNDA:0,(anonymous_10)
DA:11,0
DA:15,0
DA:23,0
DA:35,0
DA:45,0
DA:46,0
DA:48,0
DA:56,0
DA:64,0
DA:74,0
DA:75,0
DA:77,0
DA:79,0
DA:81,0
DA:85,0
DA:86,0
DA:88,0
DA:90,0
DA:92,0
DA:96,0
DA:154,0
DA:162,0
DA:164,0
DA:179,0
DA:187,0
DA:189,0
DA:190,0
DA:193,0
DA:195,0
DA:209,0
DA:220,0
DA:229,0
DA:306,0
DA:319,0
DA:322,0
DA:329,0
DA:355,0
LF:37
LH:0
BRDA:12,0,0,0
BRDA:17,1,0,0
BRDA:17,1,1,0
BRDA:37,2,0,0
BRDA:39,3,0,0
BRDA:42,4,0,0
BRDA:43,5,0,0
BRDA:46,6,0,0
BRDA:46,6,1,0
BRDA:46,6,2,0
BRDA:75,7,0,0
BRDA:75,7,1,0
BRDA:75,7,2,0
BRDA:86,8,0,0
BRDA:86,8,1,0
BRDA:86,8,2,0
BRDA:112,9,0,0
BRDA:112,9,1,0
BRDA:115,10,0,0
BRDA:115,10,1,0
BRDA:123,11,0,0
BRDA:123,11,1,0
BRDA:137,12,0,0
BRDA:137,12,1,0
BRDA:163,13,0,0
BRDA:188,14,0,0
BRDA:193,15,0,0
BRDA:193,15,1,0
BRDA:227,16,0,0
BRDA:243,17,0,0
BRDA:243,17,1,0
BRDA:247,18,0,0
BRDA:247,18,1,0
BRDA:277,19,0,0
BRDA:277,19,1,0
BRDA:320,20,0,0
BRDA:332,21,0,0
BRDA:332,21,1,0
BRDA:335,22,0,0
BRDA:335,22,1,0
BRDA:345,23,0,0
BRDA:345,23,1,0
BRF:42
BRH:0
end_of_record
TN:
SF:src\components\m0\FeasibilityReport.tsx
FN:51,(anonymous_0)
FN:62,(anonymous_1)
FN:68,(anonymous_2)
FN:74,(anonymous_3)
FN:80,(anonymous_4)
FN:109,(anonymous_5)
FN:197,(anonymous_6)
FN:240,(anonymous_7)
FN:259,(anonymous_8)
FN:268,(anonymous_9)
FN:303,(anonymous_10)
FN:320,(anonymous_11)
FN:321,(anonymous_12)
FN:361,(anonymous_13)
FNF:14
FNH:0
FNDA:0,(anonymous_0)
FNDA:0,(anonymous_1)
FNDA:0,(anonymous_2)
FNDA:0,(anonymous_3)
FNDA:0,(anonymous_4)
FNDA:0,(anonymous_5)
FNDA:0,(anonymous_6)
FNDA:0,(anonymous_7)
FNDA:0,(anonymous_8)
FNDA:0,(anonymous_9)
FNDA:0,(anonymous_10)
FNDA:0,(anonymous_11)
FNDA:0,(anonymous_12)
FNDA:0,(anonymous_13)
DA:50,0
DA:60,0
DA:62,0
DA:63,0
DA:64,0
DA:65,0
DA:68,0
DA:69,0
DA:70,0
DA:71,0
DA:74,0
DA:75,0
DA:76,0
DA:77,0
DA:80,0
DA:81,0
DA:83,0
DA:91,0
DA:99,0
DA:109,0
DA:110,0
DA:113,0
DA:198,0
DA:240,0
DA:260,0
DA:269,0
DA:303,0
DA:320,0
DA:322,0
DA:361,0
DA:457,0
LF:31
LH:0
BRDA:58,0,0,0
BRDA:63,1,0,0
BRDA:63,1,1,0
BRDA:64,2,0,0
BRDA:64,2,1,0
BRDA:69,3,0,0
BRDA:69,3,1,0
BRDA:70,4,0,0
BRDA:70,4,1,0
BRDA:75,5,0,0
BRDA:75,5,1,0
BRDA:76,6,0,0
BRDA:76,6,1,0
BRDA:81,7,0,0
BRDA:81,7,1,0
BRDA:81,7,2,0
BRDA:110,8,0,0
BRDA:110,8,1,0
BRDA:129,9,0,0
BRDA:129,9,1,0
BRDA:134,10,0,0
BRDA:134,10,1,0
BRDA:229,11,0,0
BRDA:229,11,1,0
BRDA:230,12,0,0
BRDA:230,12,1,0
BRDA:247,13,0,0
BRDA:247,13,1,0
BRDA:257,14,0,0
BRDA:257,14,1,0
BRDA:272,15,0,0
BRDA:272,15,1,0
BRDA:325,16,0,0
BRDA:325,16,1,0
BRDA:334,17,0,0
BRDA:334,17,1,0
BRDA:341,18,0,0
BRDA:341,18,1,0
BRDA:345,19,0,0
BRDA:345,19,1,0
BRDA:352,20,0,0
BRDA:352,20,1,0
BRDA:359,21,0,0
BRDA:359,21,1,0
BRF:44
BRH:0
end_of_record
TN:
SF:src\components\m0\LoadingStates.tsx
FN:9,(anonymous_0)
FN:41,(anonymous_1)
FN:50,(anonymous_2)
FN:51,(anonymous_3)
FN:54,(anonymous_4)
FN:102,(anonymous_5)
FN:130,(anonymous_6)
FN:133,(anonymous_7)
FN:154,(anonymous_8)
FN:173,(anonymous_9)
FNF:10
FNH:10
FNDA:34,(anonymous_0)
FNDA:91,(anonymous_1)
FNDA:83,(anonymous_2)
FNDA:53,(anonymous_3)
FNDA:83,(anonymous_4)
FNDA:22,(anonymous_5)
FNDA:13,(anonymous_6)
FNDA:18,(anonymous_7)
FNDA:8,(anonymous_8)
FNDA:71,(anonymous_9)
DA:8,2
DA:10,34
DA:16,34
DA:30,2
DA:40,2
DA:48,91
DA:50,91
DA:51,83
DA:52,53
DA:54,83
DA:57,91
DA:63,91
DA:70,91
DA:94,2
DA:101,2
DA:103,22
DA:109,22
DA:111,22
DA:121,2
DA:129,2
DA:131,13
DA:134,18
DA:147,2
DA:153,2
DA:155,8
DA:164,2
DA:172,2
DA:174,71
DA:180,71
DA:186,71
DA:195,2
LF:31
LH:31
BRDA:9,0,0,17
BRDA:9,1,0,18
BRDA:43,2,0,40
BRDA:44,3,0,39
BRDA:45,4,0,88
BRDA:46,5,0,88
BRDA:72,6,0,91
BRDA:72,6,1,90
BRDA:102,7,0,21
BRDA:102,8,0,10
BRDA:130,9,0,12
BRDA:130,10,0,7
BRDA:130,11,0,11
BRDA:137,12,0,4
BRDA:137,12,1,14
BRDA:137,13,0,18
BRDA:137,13,1,11
BRDA:154,14,0,7
BRDA:173,15,0,20
BRDA:173,16,0,17
BRDA:173,17,0,17
BRF:21
BRH:21
end_of_record
TN:
SF:src\components\m0\M0Container.tsx
FN:27,(anonymous_0)
FN:37,(anonymous_1)
FN:86,(anonymous_2)
FN:98,(anonymous_3)
FN:109,(anonymous_4)
FN:208,(anonymous_5)
FN:227,(anonymous_6)
FN:236,(anonymous_7)
FN:246,(anonymous_8)
FN:251,(anonymous_9)
FN:260,(anonymous_10)
FN:268,(anonymous_11)
FN:283,(anonymous_12)
FN:287,(anonymous_13)
FN:292,(anonymous_14)
FN:352,(anonymous_15)
FN:353,(anonymous_16)
FN:354,(anonymous_17)
FNF:18
FNH:0
FNDA:0,(anonymous_0)
FNDA:0,(anonymous_1)
FNDA:0,(anonymous_2)
FNDA:0,(anonymous_3)
FNDA:0,(anonymous_4)
FNDA:0,(anonymous_5)
FNDA:0,(anonymous_6)
FNDA:0,(anonymous_7)
FNDA:0,(anonymous_8)
FNDA:0,(anonymous_9)
FNDA:0,(anonymous_10)
FNDA:0,(anonymous_11)
FNDA:0,(anonymous_12)
FNDA:0,(anonymous_13)
FNDA:0,(anonymous_14)
FNDA:0,(anonymous_15)
FNDA:0,(anonymous_16)
FNDA:0,(anonymous_17)
DA:26,0
DA:28,0
DA:29,0
DA:30,0
DA:31,0
DA:32,0
DA:33,0
DA:34,0
DA:37,0
DA:38,0
DA:82,0
DA:86,0
DA:87,0
DA:89,0
DA:90,0
DA:93,0
DA:94,0
DA:97,0
DA:98,0
DA:101,0
DA:102,0
DA:105,0
DA:106,0
DA:109,0
DA:113,0
DA:199,0
DA:200,0
DA:202,0
DA:203,0
DA:208,0
DA:209,0
DA:210,0
DA:211,0
DA:212,0
DA:213,0
DA:214,0
DA:215,0
DA:218,0
DA:220,0
DA:221,0
DA:222,0
DA:227,0
DA:228,0
DA:229,0
DA:231,0
DA:236,0
DA:237,0
DA:238,0
DA:239,0
DA:240,0
DA:241,0
DA:242,0
DA:246,0
DA:247,0
DA:251,0
DA:252,0
DA:253,0
DA:254,0
DA:256,0
DA:260,0
DA:261,0
DA:263,0
DA:268,0
DA:269,0
DA:270,0
DA:271,0
DA:273,0
DA:275,0
DA:276,0
DA:277,0
DA:278,0
DA:283,0
DA:286,0
DA:287,0
DA:288,0
DA:292,0
DA:293,0
DA:294,0
DA:299,0
DA:354,0
DA:385,0
LF:81
LH:0
BRDA:27,0,0,0
BRDA:97,1,0,0
BRDA:97,1,1,0
BRDA:202,2,0,0
BRDA:202,2,1,0
BRDA:221,3,0,0
BRDA:221,3,1,0
BRDA:228,4,0,0
BRDA:228,4,1,0
BRDA:252,5,0,0
BRDA:252,5,1,0
BRDA:261,6,0,0
BRDA:261,6,1,0
BRDA:269,7,0,0
BRDA:269,7,1,0
BRDA:286,8,0,0
BRDA:286,8,1,0
BRDA:293,9,0,0
BRDA:293,9,1,0
BRDA:302,10,0,0
BRDA:302,10,1,0
BRDA:336,11,0,0
BRDA:336,11,1,0
BRDA:348,12,0,0
BRDA:348,12,1,0
BRDA:348,12,2,0
BRDA:352,13,0,0
BRDA:352,13,1,0
BRDA:353,14,0,0
BRDA:353,14,1,0
BRDA:354,15,0,0
BRDA:354,15,1,0
BRDA:361,16,0,0
BRDA:361,16,1,0
BRDA:367,17,0,0
BRDA:367,17,1,0
BRDA:372,18,0,0
BRDA:372,18,1,0
BRF:38
BRH:0
end_of_record
TN:
SF:src\components\m0\ProcessingView.tsx
FN:22,(anonymous_0)
FN:33,(anonymous_1)
FN:34,(anonymous_2)
FN:35,(anonymous_3)
FN:38,(anonymous_4)
FN:41,(anonymous_5)
FN:47,(anonymous_6)
FN:139,(anonymous_7)
FNF:8
FNH:8
FNDA:50,(anonymous_0)
FNDA:34,(anonymous_1)
FNDA:163,(anonymous_2)
FNDA:160,(anonymous_3)
FNDA:34,(anonymous_4)
FNDA:50,(anonymous_5)
FNDA:183,(anonymous_6)
FNDA:134,(anonymous_7)
DA:21,1
DA:30,50
DA:31,50
DA:33,50
DA:34,34
DA:35,163
DA:38,34
DA:41,50
DA:42,50
DA:43,50
DA:44,50
DA:47,50
DA:48,183
DA:50,7
DA:58,14
DA:60,3
DA:68,159
DA:78,50
DA:140,134
DA:222,1
LF:20
LH:20
BRDA:28,0,0,49
BRDA:31,1,0,50
BRDA:31,1,1,3
BRDA:48,2,0,7
BRDA:48,2,1,14
BRDA:48,2,2,3
BRDA:48,2,3,159
BRDA:91,3,0,1
BRDA:91,3,1,49
BRDA:116,4,0,50
BRDA:116,4,1,49
BRDA:127,5,0,49
BRDA:127,5,1,7
BRDA:127,5,2,2
BRDA:143,6,0,47
BRDA:143,6,1,87
BRDA:145,7,0,15
BRDA:145,7,1,72
BRDA:156,8,0,5
BRDA:156,8,1,129
BRDA:158,9,0,7
BRDA:158,9,1,122
BRDA:160,10,0,2
BRDA:160,10,1,120
BRDA:167,11,0,134
BRDA:167,11,1,7
BRDA:173,12,0,134
BRDA:173,12,1,5
BRDA:181,13,0,5
BRDA:181,13,1,129
BRDA:183,14,0,7
BRDA:183,14,1,122
BRDA:185,15,0,2
BRDA:185,15,1,120
BRDA:198,16,0,50
BRDA:198,16,1,3
BRF:36
BRH:36
end_of_record
TN:
SF:src\components\m0\ProductIdeaForm.tsx
FN:24,(anonymous_0)
FN:41,(anonymous_1)
FN:45,(anonymous_2)
FN:51,(anonymous_3)
FN:121,(anonymous_4)
FN:125,(anonymous_5)
FN:149,(anonymous_6)
FNF:7
FNH:0
FNDA:0,(anonymous_0)
FNDA:0,(anonymous_1)
FNDA:0,(anonymous_2)
FNDA:0,(anonymous_3)
FNDA:0,(anonymous_4)
FNDA:0,(anonymous_5)
FNDA:0,(anonymous_6)
DA:8,0
DA:23,0
DA:25,0
DA:34,0
DA:39,0
DA:41,0
DA:42,0
DA:45,0
DA:46,0
DA:47,0
DA:51,0
DA:52,0
DA:53,0
DA:54,0
DA:55,0
DA:60,0
DA:122,0
DA:125,0
DA:149,0
DA:173,0
LF:20
LH:0
BRDA:24,0,0,0
BRDA:24,1,0,0
BRDA:42,2,0,0
BRDA:42,2,1,0
BRDA:46,3,0,0
BRDA:46,3,1,0
BRDA:52,4,0,0
BRDA:52,4,1,0
BRDA:52,5,0,0
BRDA:52,5,1,0
BRDA:54,6,0,0
BRDA:54,6,1,0
BRDA:54,7,0,0
BRDA:54,7,1,0
BRDA:81,8,0,0
BRDA:81,8,1,0
BRDA:89,9,0,0
BRDA:89,9,1,0
BRDA:104,10,0,0
BRDA:104,10,1,0
BRDA:150,11,0,0
BRDA:150,11,1,0
BRDA:160,12,0,0
BRDA:160,12,1,0
BRDA:164,13,0,0
BRDA:164,13,1,0
BRF:26
BRH:0
end_of_record
TN:
SF:src\components\m0\ShareComponents.tsx
FN:22,(anonymous_0)
FN:25,(anonymous_1)
FN:29,(anonymous_2)
FN:44,(anonymous_3)
FN:58,(anonymous_4)
FN:72,(anonymous_5)
FN:85,(anonymous_6)
FN:100,(anonymous_7)
FN:117,(anonymous_8)
FN:124,(anonymous_9)
FN:183,(anonymous_10)
FN:199,(anonymous_11)
FN:200,(anonymous_12)
FN:203,(anonymous_13)
FN:232,(anonymous_14)
FN:239,(anonymous_15)
FN:253,(anonymous_16)
FN:276,(anonymous_17)
FN:291,(anonymous_18)
FN:321,(anonymous_19)
FN:345,(anonymous_20)
FN:350,(anonymous_21)
FN:353,(anonymous_22)
FNF:23
FNH:0
FNDA:0,(anonymous_0)
FNDA:0,(anonymous_1)
FNDA:0,(anonymous_2)
FNDA:0,(anonymous_3)
FNDA:0,(anonymous_4)
FNDA:0,(anonymous_5)
FNDA:0,(anonymous_6)
FNDA:0,(anonymous_7)
FNDA:0,(anonymous_8)
FNDA:0,(anonymous_9)
FNDA:0,(anonymous_10)
FNDA:0,(anonymous_11)
FNDA:0,(anonymous_12)
FNDA:0,(anonymous_13)
FNDA:0,(anonymous_14)
FNDA:0,(anonymous_15)
FNDA:0,(anonymous_16)
FNDA:0,(anonymous_17)
FNDA:0,(anonymous_18)
FNDA:0,(anonymous_19)
FNDA:0,(anonymous_20)
FNDA:0,(anonymous_21)
FNDA:0,(anonymous_22)
DA:21,0
DA:23,0
DA:25,0
DA:26,0
DA:27,0
DA:28,0
DA:29,0
DA:31,0
DA:35,0
DA:45,0
DA:46,0
DA:59,0
DA:60,0
DA:73,0
DA:86,0
DA:87,0
DA:88,0
DA:101,0
DA:102,0
DA:103,0
DA:109,0
DA:117,0
DA:118,0
DA:119,0
DA:121,0
DA:124,0
DA:125,0
DA:129,0
DA:131,0
DA:183,0
DA:199,0
DA:201,0
DA:203,0
DA:220,0
DA:231,0
DA:233,0
DA:235,0
DA:239,0
DA:253,0
DA:263,0
DA:275,0
DA:285,0
DA:287,0
DA:291,0
DA:293,0
DA:295,0
DA:317,0
DA:321,0
DA:345,0
DA:351,0
DA:354,0
DA:355,0
DA:373,0
LF:53
LH:0
BRDA:22,0,0,0
BRDA:101,1,0,0
BRDA:101,1,1,0
BRDA:113,2,0,0
BRDA:113,2,1,0
BRDA:118,3,0,0
BRDA:118,3,1,0
BRDA:129,4,0,0
BRDA:129,4,1,0
BRDA:164,5,0,0
BRDA:164,5,1,0
BRDA:185,6,0,0
BRDA:185,6,1,0
BRDA:191,7,0,0
BRDA:191,7,1,0
BRDA:232,8,0,0
BRDA:232,9,0,0
BRDA:232,10,0,0
BRDA:280,11,0,0
BRDA:281,12,0,0
BRDA:282,13,0,0
BRDA:283,14,0,0
BRDA:293,15,0,0
BRDA:293,15,1,0
BRDA:341,16,0,0
BRDA:341,16,1,0
BRF:26
BRH:0
end_of_record
TN:
SF:src\components\m0\index.ts
FNF:0
FNH:0
LF:0
LH:0
BRF:0
BRH:0
end_of_record
TN:
SF:src\components\m0\__tests__\setup.tsx
FN:15,(anonymous_0)
FN:31,(anonymous_1)
FN:40,(anonymous_2)
FN:41,(anonymous_3)
FN:54,(anonymous_4)
FN:66,(anonymous_5)
FN:83,(anonymous_6)
FN:86,(anonymous_7)
FN:91,(anonymous_8)
FN:94,(anonymous_9)
FNF:10
FNH:0
FNDA:0,(anonymous_0)
FNDA:0,(anonymous_1)
FNDA:0,(anonymous_2)
FNDA:0,(anonymous_3)
FNDA:0,(anonymous_4)
FNDA:0,(anonymous_5)
FNDA:0,(anonymous_6)
FNDA:0,(anonymous_7)
FNDA:0,(anonymous_8)
FNDA:0,(anonymous_9)
DA:6,0
DA:12,0
DA:15,0
DA:17,0
DA:20,0
DA:23,0
DA:24,0
DA:28,0
DA:31,0
DA:33,0
DA:37,0
DA:38,0
DA:40,0
DA:41,0
DA:43,0
DA:44,0
DA:49,0
DA:51,0
DA:54,0
DA:55,0
DA:56,0
DA:60,0
DA:62,0
DA:66,0
DA:67,0
DA:68,0
DA:82,0
DA:84,0
DA:85,0
DA:86,0
DA:92,0
DA:93,0
DA:94,0
LF:33
LH:0
BRDA:23,0,0,0
BRDA:23,0,1,0
BRDA:44,1,0,0
BRDA:44,1,1,0
BRDA:45,2,0,0
BRDA:45,2,1,0
BRDA:45,2,2,0
BRDA:56,3,0,0
BRDA:56,3,1,0
BRDA:57,4,0,0
BRDA:57,4,1,0
BRDA:84,5,0,0
BRDA:84,5,1,0
BRDA:92,6,0,0
BRDA:92,6,1,0
BRF:15
BRH:0
end_of_record
TN:
SF:src\components\m0\__tests__\testUtils.tsx
FN:11,(anonymous_0)
FN:29,(anonymous_1)
FN:40,(anonymous_2)
FN:49,(anonymous_3)
FN:50,(anonymous_4)
FN:59,(anonymous_5)
FN:68,(anonymous_6)
FN:74,(anonymous_7)
FN:84,(anonymous_8)
FN:110,(anonymous_9)
FN:118,(anonymous_10)
FN:119,(anonymous_11)
FN:121,(anonymous_12)
FN:146,(anonymous_13)
FN:171,(anonymous_14)
FN:184,(anonymous_15)
FN:190,(anonymous_16)
FN:212,(anonymous_17)
FN:221,(anonymous_18)
FN:222,(anonymous_19)
FN:229,(anonymous_20)
FN:231,(anonymous_21)
FN:235,(anonymous_22)
FN:248,(anonymous_23)
FN:252,(anonymous_24)
FN:255,(anonymous_25)
FN:256,(anonymous_26)
FN:260,(anonymous_27)
FN:262,(anonymous_28)
FN:262,(anonymous_29)
FN:263,(anonymous_30)
FN:265,(anonymous_31)
FN:266,(anonymous_32)
FNF:33
FNH:8
FNDA:144,(anonymous_0)
FNDA:110,(anonymous_1)
FNDA:11,(anonymous_2)
FNDA:3,(anonymous_3)
FNDA:11,(anonymous_4)
FNDA:0,(anonymous_5)
FNDA:0,(anonymous_6)
FNDA:0,(anonymous_7)
FNDA:0,(anonymous_8)
FNDA:0,(anonymous_9)
FNDA:0,(anonymous_10)
FNDA:0,(anonymous_11)
FNDA:0,(anonymous_12)
FNDA:1,(anonymous_13)
FNDA:93,(anonymous_14)
FNDA:93,(anonymous_15)
FNDA:0,(anonymous_16)
FNDA:0,(anonymous_17)
FNDA:0,(anonymous_18)
FNDA:0,(anonymous_19)
FNDA:0,(anonymous_20)
FNDA:0,(anonymous_21)
FNDA:0,(anonymous_22)
FNDA:0,(anonymous_23)
FNDA:0,(anonymous_24)
FNDA:0,(anonymous_25)
FNDA:0,(anonymous_26)
FNDA:0,(anonymous_27)
FNDA:0,(anonymous_28)
FNDA:0,(anonymous_29)
FNDA:0,(anonymous_30)
FNDA:0,(anonymous_31)
FNDA:0,(anonymous_32)
DA:11,2
DA:12,144
DA:20,144
DA:29,2
DA:32,110
DA:40,11
DA:49,2
DA:50,3
DA:51,11
DA:59,2
DA:68,2
DA:74,2
DA:84,2
DA:110,2
DA:118,2
DA:119,0
DA:120,0
DA:121,0
DA:122,0
DA:123,0
DA:124,0
DA:125,0
DA:126,0
DA:127,0
DA:129,0
DA:132,0
DA:133,0
DA:135,0
DA:139,0
DA:146,2
DA:164,2
DA:171,2
DA:172,93
DA:173,93
DA:183,93
DA:184,93
DA:190,2
DA:191,0
DA:197,0
DA:203,0
DA:210,0
DA:213,0
DA:216,0
DA:217,0
DA:218,0
DA:222,0
DA:229,2
DA:230,0
DA:231,0
DA:235,2
DA:236,0
DA:237,0
DA:238,0
DA:239,0
DA:240,0
DA:248,2
DA:249,0
DA:252,2
DA:253,0
DA:255,0
DA:256,0
DA:260,2
DA:261,0
DA:262,0
DA:263,0
DA:265,0
DA:266,0
LF:67
LH:28
BRDA:40,0,0,0
BRDA:49,1,0,1
BRDA:59,2,0,0
BRDA:68,3,0,0
BRDA:74,4,0,0
BRDA:84,5,0,0
BRDA:110,6,0,0
BRDA:118,7,0,0
BRDA:124,8,0,0
BRDA:124,8,1,0
BRDA:126,9,0,0
BRDA:126,9,1,0
BRDA:132,10,0,0
BRDA:132,10,1,0
BRDA:221,11,0,0
BRDA:238,12,0,0
BRDA:238,12,1,0
BRDA:252,13,0,0
BRDA:260,14,0,0
BRF:19
BRH:1
end_of_record
TN:
SF:src\components\security\SecureForm.tsx
FN:46,(anonymous_0)
FN:70,(anonymous_1)
FN:81,(anonymous_2)
FN:91,(anonymous_3)
FN:98,(anonymous_4)
FN:101,(anonymous_5)
FN:102,(anonymous_6)
FN:138,(anonymous_7)
FN:144,(anonymous_8)
FN:149,(anonymous_9)
FN:162,(anonymous_10)
FN:163,(anonymous_11)
FN:176,(anonymous_12)
FN:220,(anonymous_13)
FN:243,(anonymous_14)
FN:243,(anonymous_15)
FN:254,(anonymous_16)
FNF:17
FNH:0
FNDA:0,(anonymous_0)
FNDA:0,(anonymous_1)
FNDA:0,(anonymous_2)
FNDA:0,(anonymous_3)
FNDA:0,(anonymous_4)
FNDA:0,(anonymous_5)
FNDA:0,(anonymous_6)
FNDA:0,(anonymous_7)
FNDA:0,(anonymous_8)
FNDA:0,(anonymous_9)
FNDA:0,(anonymous_10)
FNDA:0,(anonymous_11)
FNDA:0,(anonymous_12)
FNDA:0,(anonymous_13)
FNDA:0,(anonymous_14)
FNDA:0,(anonymous_15)
FNDA:0,(anonymous_16)
DA:46,0
DA:58,0
DA:59,0
DA:60,0
DA:61,0
DA:62,0
DA:63,0
DA:64,0
DA:65,0
DA:66,0
DA:67,0
DA:70,0
DA:72,0
DA:75,0
DA:76,0
DA:80,0
DA:81,0
DA:82,0
DA:84,0
DA:85,0
DA:87,0
DA:91,0
DA:92,0
DA:93,0
DA:94,0
DA:95,0
DA:98,0
DA:99,0
DA:102,0
DA:107,0
DA:109,0
DA:123,0
DA:138,0
DA:139,0
DA:141,0
DA:143,0
DA:144,0
DA:146,0
DA:148,0
DA:149,0
DA:150,0
DA:157,0
DA:159,0
DA:160,0
DA:161,0
DA:162,0
DA:164,0
DA:166,0
DA:167,0
DA:168,0
DA:172,0
DA:175,0
DA:176,0
DA:177,0
DA:179,0
DA:180,0
DA:181,0
DA:184,0
DA:187,0
DA:189,0
DA:190,0
DA:192,0
DA:195,0
DA:199,0
DA:221,0
DA:243,0
DA:255,0
LF:67
LH:0
BRDA:50,0,0,0
BRDA:53,1,0,0
BRDA:54,2,0,0
BRDA:55,3,0,0
BRDA:75,4,0,0
BRDA:75,4,1,0
BRDA:84,5,0,0
BRDA:84,5,1,0
BRDA:92,6,0,0
BRDA:92,6,1,0
BRDA:93,7,0,0
BRDA:93,7,1,0
BRDA:94,8,0,0
BRDA:94,8,1,0
BRDA:100,9,0,0
BRDA:100,9,1,0
BRDA:104,10,0,0
BRDA:104,10,1,0
BRDA:107,11,0,0
BRDA:107,11,1,0
BRDA:141,12,0,0
BRDA:141,12,1,0
BRDA:141,13,0,0
BRDA:141,13,1,0
BRDA:159,14,0,0
BRDA:159,14,1,0
BRDA:189,15,0,0
BRDA:189,15,1,0
BRDA:201,16,0,0
BRDA:201,16,1,0
BRDA:207,17,0,0
BRDA:207,17,1,0
BRDA:214,18,0,0
BRDA:214,18,1,0
BRDA:229,19,0,0
BRDA:229,19,1,0
BRDA:238,20,0,0
BRDA:238,20,1,0
BRDA:242,21,0,0
BRDA:242,21,1,0
BRDA:267,22,0,0
BRDA:267,22,1,0
BRF:42
BRH:0
end_of_record
TN:
SF:src\components\ui\Alert.tsx
FN:26,(anonymous_0)
FNF:1
FNH:0
FNDA:0,(anonymous_0)
DA:4,0
DA:26,0
DA:27,0
LF:3
LH:0
BRF:0
BRH:0
end_of_record
TN:
SF:src\components\ui\Button.tsx
FN:37,(anonymous_0)
FNF:1
FNH:0
FNDA:0,(anonymous_0)
DA:4,0
DA:36,0
DA:38,0
LF:3
LH:0
BRDA:42,0,0,0
BRDA:42,0,1,0
BRDA:45,1,0,0
BRDA:45,1,1,0
BRF:4
BRH:0
end_of_record
TN:
SF:src\components\ui\Input.tsx
FN:9,(anonymous_0)
FNF:1
FNH:0
FNDA:0,(anonymous_0)
DA:8,0
DA:10,0
DA:12,0
LF:3
LH:0
BRDA:9,0,0,0
BRDA:10,1,0,0
BRDA:10,1,1,0
BRDA:14,2,0,0
BRDA:14,2,1,0
BRDA:29,3,0,0
BRDA:29,3,1,0
BRDA:32,4,0,0
BRDA:32,4,1,0
BRDA:33,5,0,0
BRDA:33,5,1,0
BRDA:36,6,0,0
BRDA:36,6,1,0
BRF:13
BRH:0
end_of_record
TN:
SF:src\components\ui\index.ts
FNF:0
FNH:0
LF:0
LH:0
BRF:0
BRH:0
end_of_record
TN:
SF:src\contexts\AuthContext.tsx
FN:19,(anonymous_0)
FN:20,(anonymous_1)
FN:21,(anonymous_2)
FN:24,(anonymous_3)
FN:30,(anonymous_4)
FN:31,(anonymous_5)
FN:35,(anonymous_6)
FN:41,(anonymous_7)
FN:47,(anonymous_8)
FNF:9
FNH:0
FNDA:0,(anonymous_0)
FNDA:0,(anonymous_1)
FNDA:0,(anonymous_2)
FNDA:0,(anonymous_3)
FNDA:0,(anonymous_4)
FNDA:0,(anonymous_5)
FNDA:0,(anonymous_6)
FNDA:0,(anonymous_7)
FNDA:0,(anonymous_8)
DA:16,0
DA:24,0
DA:30,0
DA:31,0
DA:32,0
DA:33,0
DA:35,0
DA:36,0
DA:37,0
DA:38,0
DA:41,0
DA:42,0
DA:43,0
DA:44,0
DA:47,0
DA:48,0
DA:49,0
DA:52,0
LF:18
LH:0
BRF:0
BRH:0
end_of_record
TN:
SF:src\hooks\index.ts
FNF:0
FNH:0
LF:0
LH:0
BRF:0
BRH:0
end_of_record
TN:
SF:src\hooks\useChat.ts
FN:15,useChat
FN:29,(anonymous_1)
FN:30,(anonymous_2)
FN:32,(anonymous_3)
FN:33,(anonymous_4)
FN:35,(anonymous_5)
FN:36,(anonymous_6)
FN:40,handleWebSocketMessage
FN:61,(anonymous_8)
FN:62,(anonymous_9)
FN:68,(anonymous_10)
FN:87,(anonymous_11)
FN:90,(anonymous_12)
FN:92,(anonymous_13)
FN:114,(anonymous_14)
FN:117,(anonymous_15)
FN:119,(anonymous_16)
FN:146,(anonymous_17)
FN:149,(anonymous_18)
FN:164,(anonymous_19)
FN:167,(anonymous_20)
FN:176,(anonymous_21)
FN:188,(anonymous_22)
FN:194,(anonymous_23)
FN:203,(anonymous_24)
FN:225,(anonymous_25)
FN:243,(anonymous_26)
FN:255,(anonymous_27)
FN:265,(anonymous_28)
FN:273,(anonymous_29)
FN:281,(anonymous_30)
FN:282,(anonymous_31)
FNF:32
FNH:0
FNDA:0,useChat
FNDA:0,(anonymous_1)
FNDA:0,(anonymous_2)
FNDA:0,(anonymous_3)
FNDA:0,(anonymous_4)
FNDA:0,(anonymous_5)
FNDA:0,(anonymous_6)
FNDA:0,handleWebSocketMessage
FNDA:0,(anonymous_8)
FNDA:0,(anonymous_9)
FNDA:0,(anonymous_10)
FNDA:0,(anonymous_11)
FNDA:0,(anonymous_12)
FNDA:0,(anonymous_13)
FNDA:0,(anonymous_14)
FNDA:0,(anonymous_15)
FNDA:0,(anonymous_16)
FNDA:0,(anonymous_17)
FNDA:0,(anonymous_18)
FNDA:0,(anonymous_19)
FNDA:0,(anonymous_20)
FNDA:0,(anonymous_21)
FNDA:0,(anonymous_22)
FNDA:0,(anonymous_23)
FNDA:0,(anonymous_24)
FNDA:0,(anonymous_25)
FNDA:0,(anonymous_26)
FNDA:0,(anonymous_27)
FNDA:0,(anonymous_28)
FNDA:0,(anonymous_29)
FNDA:0,(anonymous_30)
FNDA:0,(anonymous_31)
DA:13,0
DA:16,0
DA:24,0
DA:26,0
DA:30,0
DA:33,0
DA:36,0
DA:41,0
DA:43,0
DA:44,0
DA:46,0
DA:47,0
DA:49,0
DA:50,0
DA:53,0
DA:54,0
DA:56,0
DA:57,0
DA:61,0
DA:62,0
DA:63,0
DA:64,0
DA:67,0
DA:68,0
DA:71,0
DA:72,0
DA:74,0
DA:77,0
DA:87,0
DA:88,0
DA:90,0
DA:91,0
DA:92,0
DA:94,0
DA:95,0
DA:100,0
DA:101,0
DA:104,0
DA:114,0
DA:115,0
DA:117,0
DA:118,0
DA:119,0
DA:120,0
DA:121,0
DA:133,0
DA:136,0
DA:146,0
DA:147,0
DA:149,0
DA:150,0
DA:151,0
DA:152,0
DA:154,0
DA:157,0
DA:164,0
DA:165,0
DA:167,0
DA:176,0
DA:177,0
DA:182,0
DA:188,0
DA:189,0
DA:194,0
DA:195,0
DA:196,0
DA:203,0
DA:208,0
DA:209,0
DA:225,0
DA:233,0
DA:243,0
DA:244,0
DA:250,0
DA:251,0
DA:252,0
DA:255,0
DA:256,0
DA:265,0
DA:266,0
DA:273,0
DA:274,0
DA:281,0
DA:282,0
DA:283,0
DA:287,0
LF:86
LH:0
BRDA:41,0,0,0
BRDA:41,0,1,0
BRDA:41,0,2,0
BRDA:41,0,3,0
BRDA:41,0,4,0
BRDA:41,0,5,0
BRDA:63,1,0,0
BRDA:63,1,1,0
BRDA:71,2,0,0
BRDA:71,2,1,0
BRDA:91,3,0,0
BRDA:91,3,1,0
BRDA:94,4,0,0
BRDA:94,4,1,0
BRDA:94,5,0,0
BRDA:94,5,1,0
BRDA:100,6,0,0
BRDA:100,6,1,0
BRDA:100,7,0,0
BRDA:100,7,1,0
BRDA:118,8,0,0
BRDA:118,8,1,0
BRDA:120,9,0,0
BRDA:120,9,1,0
BRDA:124,10,0,0
BRDA:124,10,1,0
BRDA:151,11,0,0
BRDA:151,11,1,0
BRDA:171,12,0,0
BRDA:171,12,1,0
BRDA:206,13,0,0
BRDA:214,14,0,0
BRDA:214,14,1,0
BRDA:229,15,0,0
BRDA:229,15,1,0
BRDA:250,16,0,0
BRDA:250,16,1,0
BRDA:251,17,0,0
BRDA:251,17,1,0
BRF:39
BRH:0
end_of_record
TN:
SF:src\hooks\useWebSocket.ts
FN:14,useWebSocket
FN:28,(anonymous_1)
FN:32,(anonymous_2)
FN:38,(anonymous_3)
FN:44,(anonymous_4)
FN:51,(anonymous_5)
FN:55,(anonymous_6)
FN:68,(anonymous_7)
FN:82,(anonymous_8)
FN:90,(anonymous_9)
FN:92,(anonymous_10)
FNF:11
FNH:0
FNDA:0,useWebSocket
FNDA:0,(anonymous_1)
FNDA:0,(anonymous_2)
FNDA:0,(anonymous_3)
FNDA:0,(anonymous_4)
FNDA:0,(anonymous_5)
FNDA:0,(anonymous_6)
FNDA:0,(anonymous_7)
FNDA:0,(anonymous_8)
FNDA:0,(anonymous_9)
FNDA:0,(anonymous_10)
DA:23,0
DA:24,0
DA:25,0
DA:26,0
DA:28,0
DA:29,0
DA:30,0
DA:32,0
DA:33,0
DA:34,0
DA:35,0
DA:38,0
DA:39,0
DA:40,0
DA:42,0
DA:43,0
DA:44,0
DA:45,0
DA:46,0
DA:51,0
DA:52,0
DA:55,0
DA:56,0
DA:57,0
DA:58,0
DA:60,0
DA:64,0
DA:68,0
DA:69,0
DA:70,0
DA:73,0
DA:74,0
DA:75,0
DA:78,0
DA:79,0
DA:82,0
DA:83,0
DA:84,0
DA:85,0
DA:87,0
DA:90,0
DA:91,0
DA:92,0
DA:93,0
DA:97,0
LF:45
LH:0
BRDA:20,0,0,0
BRDA:21,1,0,0
BRDA:42,2,0,0
BRDA:42,2,1,0
BRDA:69,3,0,0
BRDA:69,3,1,0
BRDA:73,4,0,0
BRDA:73,4,1,0
BRDA:83,5,0,0
BRDA:83,5,1,0
BRF:10
BRH:0
end_of_record
TN:
SF:src\lib\auth\auth-api.ts
FN:12,(anonymous_0)
FN:51,(anonymous_1)
FN:77,(anonymous_2)
FN:85,(anonymous_3)
FN:108,(anonymous_4)
FNF:5
FNH:0
FNDA:0,(anonymous_0)
FNDA:0,(anonymous_1)
FNDA:0,(anonymous_2)
FNDA:0,(anonymous_3)
FNDA:0,(anonymous_4)
DA:8,0
DA:13,0
DA:15,0
DA:16,0
DA:30,0
DA:31,0
DA:34,0
DA:35,0
DA:38,0
DA:39,0
DA:42,0
DA:44,0
DA:52,0
DA:53,0
DA:54,0
DA:58,0
DA:70,0
DA:79,0
DA:86,0
DA:87,0
DA:88,0
DA:91,0
DA:92,0
DA:96,0
DA:101,0
DA:109,0
DA:110,0
DA:111,0
DA:114,0
DA:116,0
LF:30
LH:0
BRDA:15,0,0,0
BRDA:15,0,1,0
BRDA:15,1,0,0
BRDA:15,1,1,0
BRDA:30,2,0,0
BRDA:30,2,1,0
BRDA:34,3,0,0
BRDA:34,3,1,0
BRDA:38,4,0,0
BRDA:38,4,1,0
BRDA:53,5,0,0
BRDA:53,5,1,0
BRDA:87,6,0,0
BRDA:87,6,1,0
BRDA:91,7,0,0
BRDA:91,7,1,0
BRDA:110,8,0,0
BRDA:110,8,1,0
BRF:18
BRH:0
end_of_record
TN:
SF:src\lib\auth\auth-errors.ts
FN:8,(anonymous_0)
FNF:1
FNH:0
FNDA:0,(anonymous_0)
DA:9,0
DA:10,0
DA:11,0
DA:12,0
DA:15,0
LF:5
LH:0
BRF:0
BRH:0
end_of_record
TN:
SF:src\lib\auth\auth-service.ts
FN:18,(anonymous_0)
FN:28,(anonymous_1)
FN:54,(anonymous_2)
FN:68,(anonymous_3)
FN:69,(anonymous_4)
FN:116,(anonymous_5)
FN:147,(anonymous_6)
FN:155,(anonymous_7)
FN:163,(anonymous_8)
FN:194,(anonymous_9)
FN:211,(anonymous_10)
FN:230,(anonymous_11)
FN:240,(anonymous_12)
FN:247,(anonymous_13)
FN:254,(anonymous_14)
FN:264,(anonymous_15)
FN:271,(anonymous_16)
FN:281,(anonymous_17)
FN:295,(anonymous_18)
FN:305,(anonymous_19)
FN:318,(anonymous_20)
FN:340,(anonymous_21)
FN:354,(anonymous_22)
FN:356,(anonymous_23)
FN:372,(anonymous_24)
FN:386,(anonymous_25)
FN:393,(anonymous_26)
FNF:27
FNH:0
FNDA:0,(anonymous_0)
FNDA:0,(anonymous_1)
FNDA:0,(anonymous_2)
FNDA:0,(anonymous_3)
FNDA:0,(anonymous_4)
FNDA:0,(anonymous_5)
FNDA:0,(anonymous_6)
FNDA:0,(anonymous_7)
FNDA:0,(anonymous_8)
FNDA:0,(anonymous_9)
FNDA:0,(anonymous_10)
FNDA:0,(anonymous_11)
FNDA:0,(anonymous_12)
FNDA:0,(anonymous_13)
FNDA:0,(anonymous_14)
FNDA:0,(anonymous_15)
FNDA:0,(anonymous_16)
FNDA:0,(anonymous_17)
FNDA:0,(anonymous_18)
FNDA:0,(anonymous_19)
FNDA:0,(anonymous_20)
FNDA:0,(anonymous_21)
FNDA:0,(anonymous_22)
FNDA:0,(anonymous_23)
FNDA:0,(anonymous_24)
FNDA:0,(anonymous_25)
FNDA:0,(anonymous_26)
DA:14,0
DA:15,0
DA:16,0
DA:19,0
DA:22,0
DA:29,0
DA:32,0
DA:33,0
DA:34,0
DA:38,0
DA:43,0
DA:44,0
DA:48,0
DA:54,0
DA:66,0
DA:67,0
DA:68,0
DA:69,0
DA:71,0
DA:74,0
DA:76,0
DA:81,0
DA:83,0
DA:86,0
DA:89,0
DA:90,0
DA:93,0
DA:95,0
DA:97,0
DA:102,0
DA:103,0
DA:105,0
DA:106,0
DA:109,0
DA:117,0
DA:118,0
DA:121,0
DA:124,0
DA:132,0
DA:134,0
DA:135,0
DA:137,0
DA:138,0
DA:141,0
DA:148,0
DA:149,0
DA:156,0
DA:164,0
DA:166,0
DA:167,0
DA:171,0
DA:172,0
DA:173,0
DA:177,0
DA:178,0
DA:179,0
DA:180,0
DA:182,0
DA:183,0
DA:184,0
DA:188,0
DA:195,0
DA:196,0
DA:197,0
DA:199,0
DA:201,0
DA:203,0
DA:204,0
DA:212,0
DA:213,0
DA:214,0
DA:217,0
DA:218,0
DA:219,0
DA:220,0
DA:222,0
DA:223,0
DA:231,0
DA:232,0
DA:234,0
DA:241,0
DA:248,0
DA:255,0
DA:256,0
DA:265,0
DA:272,0
DA:273,0
DA:274,0
DA:275,0
DA:282,0
DA:283,0
DA:284,0
DA:285,0
DA:287,0
DA:288,0
DA:297,0
DA:298,0
DA:299,0
DA:306,0
DA:307,0
DA:308,0
DA:310,0
DA:311,0
DA:319,0
DA:321,0
DA:322,0
DA:325,0
DA:326,0
DA:333,0
DA:334,0
DA:341,0
DA:342,0
DA:344,0
DA:345,0
DA:348,0
DA:356,0
DA:357,0
DA:358,0
DA:359,0
DA:362,0
DA:364,0
DA:373,0
DA:374,0
DA:377,0
DA:387,0
DA:395,0
LF:126
LH:0
BRDA:18,0,0,0
BRDA:33,1,0,0
BRDA:33,1,1,0
BRDA:43,2,0,0
BRDA:43,2,1,0
BRDA:66,3,0,0
BRDA:66,3,1,0
BRDA:81,4,0,0
BRDA:81,4,1,0
BRDA:97,5,0,0
BRDA:97,5,1,0
BRDA:105,6,0,0
BRDA:105,6,1,0
BRDA:117,7,0,0
BRDA:117,7,1,0
BRDA:127,8,0,0
BRDA:127,8,1,0
BRDA:128,9,0,0
BRDA:128,9,1,0
BRDA:129,10,0,0
BRDA:129,10,1,0
BRDA:134,11,0,0
BRDA:134,11,1,0
BRDA:166,12,0,0
BRDA:166,12,1,0
BRDA:166,13,0,0
BRDA:166,13,1,0
BRDA:172,14,0,0
BRDA:172,14,1,0
BRDA:178,15,0,0
BRDA:178,15,1,0
BRDA:182,16,0,0
BRDA:182,16,1,0
BRDA:197,17,0,0
BRDA:197,17,1,0
BRDA:213,18,0,0
BRDA:213,18,1,0
BRDA:231,19,0,0
BRDA:231,19,1,0
BRDA:255,20,0,0
BRDA:255,20,1,0
BRDA:273,21,0,0
BRDA:273,21,1,0
BRDA:321,22,0,0
BRDA:321,22,1,0
BRDA:321,23,0,0
BRDA:321,23,1,0
BRDA:325,24,0,0
BRDA:325,24,1,0
BRDA:325,25,0,0
BRDA:325,25,1,0
BRDA:341,26,0,0
BRDA:341,26,1,0
BRDA:344,27,0,0
BRDA:344,27,1,0
BRDA:358,28,0,0
BRDA:358,28,1,0
BRDA:358,29,0,0
BRDA:358,29,1,0
BRDA:372,30,0,0
BRDA:373,31,0,0
BRDA:373,31,1,0
BRDA:395,32,0,0
BRDA:395,32,1,0
BRDA:395,32,2,0
BRF:65
BRH:0
end_of_record
TN:
SF:src\lib\auth\index.ts
FNF:0
FNH:0
LF:0
LH:0
BRF:0
BRH:0
end_of_record
TN:
SF:src\lib\auth\token-manager.ts
FN:28,(anonymous_0)
FN:38,(anonymous_1)
FN:91,(anonymous_2)
FN:121,(anonymous_3)
FN:144,(anonymous_4)
FN:157,(anonymous_5)
FN:167,(anonymous_6)
FN:179,(anonymous_7)
FN:199,(anonymous_8)
FN:217,(anonymous_9)
FN:236,(anonymous_10)
FN:245,(anonymous_11)
FN:260,(anonymous_12)
FN:273,(anonymous_13)
FN:294,(anonymous_14)
FN:307,(anonymous_15)
FN:325,(anonymous_16)
FN:327,(anonymous_17)
FN:335,(anonymous_18)
FN:364,(anonymous_19)
FNF:20
FNH:0
FNDA:0,(anonymous_0)
FNDA:0,(anonymous_1)
FNDA:0,(anonymous_2)
FNDA:0,(anonymous_3)
FNDA:0,(anonymous_4)
FNDA:0,(anonymous_5)
FNDA:0,(anonymous_6)
FNDA:0,(anonymous_7)
FNDA:0,(anonymous_8)
FNDA:0,(anonymous_9)
FNDA:0,(anonymous_10)
FNDA:0,(anonymous_11)
FNDA:0,(anonymous_12)
FNDA:0,(anonymous_13)
FNDA:0,(anonymous_14)
FNDA:0,(anonymous_15)
FNDA:0,(anonymous_16)
FNDA:0,(anonymous_17)
FNDA:0,(anonymous_18)
FNDA:0,(anonymous_19)
DA:19,0
DA:20,0
DA:21,0
DA:22,0
DA:25,0
DA:26,0
DA:29,0
DA:32,0
DA:39,0
DA:40,0
DA:41,0
DA:44,0
DA:45,0
DA:47,0
DA:48,0
DA:53,0
DA:60,0
DA:65,0
DA:71,0
DA:72,0
DA:73,0
DA:74,0
DA:76,0
DA:78,0
DA:79,0
DA:80,0
DA:82,0
DA:92,0
DA:93,0
DA:95,0
DA:98,0
DA:103,0
DA:108,0
DA:109,0
DA:111,0
DA:112,0
DA:115,0
DA:122,0
DA:123,0
DA:124,0
DA:127,0
DA:128,0
DA:129,0
DA:132,0
DA:134,0
DA:136,0
DA:137,0
DA:145,0
DA:146,0
DA:149,0
DA:157,0
DA:158,0
DA:159,0
DA:168,0
DA:169,0
DA:171,0
DA:172,0
DA:180,0
DA:182,0
DA:183,0
DA:185,0
DA:186,0
DA:187,0
DA:188,0
DA:190,0
DA:192,0
DA:200,0
DA:202,0
DA:203,0
DA:204,0
DA:206,0
DA:208,0
DA:210,0
DA:218,0
DA:219,0
DA:221,0
DA:222,0
DA:223,0
DA:224,0
DA:226,0
DA:227,0
DA:229,0
DA:237,0
DA:238,0
DA:239,0
DA:246,0
DA:249,0
DA:250,0
DA:252,0
DA:253,0
DA:261,0
DA:262,0
DA:263,0
DA:265,0
DA:266,0
DA:275,0
DA:276,0
DA:277,0
DA:278,0
DA:281,0
DA:282,0
DA:283,0
DA:284,0
DA:285,0
DA:288,0
DA:295,0
DA:296,0
DA:297,0
DA:301,0
DA:308,0
DA:309,0
DA:310,0
DA:311,0
DA:312,0
DA:316,0
DA:318,0
DA:327,0
DA:328,0
DA:336,0
DA:338,0
DA:339,0
DA:340,0
DA:341,0
DA:346,0
DA:347,0
DA:349,0
DA:350,0
DA:353,0
DA:354,0
DA:356,0
DA:365,0
DA:366,0
DA:367,0
DA:368,0
DA:370,0
LF:135
LH:0
BRDA:28,0,0,0
BRDA:29,1,0,0
BRDA:29,1,1,0
BRDA:40,2,0,0
BRDA:40,2,1,0
BRDA:47,3,0,0
BRDA:47,3,1,0
BRDA:98,4,0,0
BRDA:98,4,1,0
BRDA:98,5,0,0
BRDA:98,5,1,0
BRDA:103,6,0,0
BRDA:103,6,1,0
BRDA:103,7,0,0
BRDA:103,7,1,0
BRDA:108,8,0,0
BRDA:108,8,1,0
BRDA:108,9,0,0
BRDA:108,9,1,0
BRDA:111,10,0,0
BRDA:111,10,1,0
BRDA:111,11,0,0
BRDA:111,11,1,0
BRDA:123,12,0,0
BRDA:123,12,1,0
BRDA:124,13,0,0
BRDA:124,13,1,0
BRDA:128,14,0,0
BRDA:128,14,1,0
BRDA:132,15,0,0
BRDA:132,15,1,0
BRDA:145,16,0,0
BRDA:145,16,1,0
BRDA:168,17,0,0
BRDA:168,17,1,0
BRDA:180,18,0,0
BRDA:180,18,1,0
BRDA:183,19,0,0
BRDA:183,19,1,0
BRDA:187,20,0,0
BRDA:187,20,1,0
BRDA:200,21,0,0
BRDA:200,21,1,0
BRDA:206,22,0,0
BRDA:206,22,1,0
BRDA:219,23,0,0
BRDA:219,23,1,0
BRDA:224,24,0,0
BRDA:224,24,1,0
BRDA:237,25,0,0
BRDA:237,25,1,0
BRDA:239,26,0,0
BRDA:239,26,1,0
BRDA:338,27,0,0
BRDA:338,27,1,0
BRDA:340,28,0,0
BRDA:340,28,1,0
BRDA:349,29,0,0
BRDA:349,29,1,0
BRDA:349,30,0,0
BRDA:349,30,1,0
BRDA:353,31,0,0
BRDA:353,31,1,0
BRDA:353,32,0,0
BRDA:353,32,1,0
BRF:65
BRH:0
end_of_record
TN:
SF:src\lib\auth\types.ts
FNF:0
FNH:0
LF:0
LH:0
BRF:0
BRH:0
end_of_record
TN:
SF:src\lib\security\form-security.ts
FN:53,(anonymous_0)
FN:71,(anonymous_1)
FN:81,(anonymous_2)
FN:204,(anonymous_3)
FN:213,(anonymous_4)
FN:231,(anonymous_5)
FN:238,(anonymous_6)
FN:261,(anonymous_7)
FN:266,(anonymous_8)
FN:283,(anonymous_9)
FN:292,(anonymous_10)
FN:304,(anonymous_11)
FN:329,(anonymous_12)
FN:353,(anonymous_13)
FN:366,(anonymous_14)
FNF:15
FNH:0
FNDA:0,(anonymous_0)
FNDA:0,(anonymous_1)
FNDA:0,(anonymous_2)
FNDA:0,(anonymous_3)
FNDA:0,(anonymous_4)
FNDA:0,(anonymous_5)
FNDA:0,(anonymous_6)
FNDA:0,(anonymous_7)
FNDA:0,(anonymous_8)
FNDA:0,(anonymous_9)
FNDA:0,(anonymous_10)
FNDA:0,(anonymous_11)
FNDA:0,(anonymous_12)
FNDA:0,(anonymous_13)
FNDA:0,(anonymous_14)
DA:37,0
DA:57,0
DA:58,0
DA:59,0
DA:61,0
DA:62,0
DA:63,0
DA:65,0
DA:66,0
DA:67,0
DA:70,0
DA:71,0
DA:90,0
DA:91,0
DA:92,0
DA:95,0
DA:96,0
DA:97,0
DA:103,0
DA:107,0
DA:110,0
DA:111,0
DA:116,0
DA:120,0
DA:121,0
DA:128,0
DA:129,0
DA:135,0
DA:139,0
DA:140,0
DA:148,0
DA:149,0
DA:150,0
DA:155,0
DA:159,0
DA:160,0
DA:165,0
DA:169,0
DA:170,0
DA:172,0
DA:175,0
DA:179,0
DA:180,0
DA:185,0
DA:186,0
DA:187,0
DA:188,0
DA:189,0
DA:198,0
DA:205,0
DA:206,0
DA:209,0
DA:212,0
DA:213,0
DA:214,0
DA:215,0
DA:216,0
DA:220,0
DA:223,0
DA:225,0
DA:232,0
DA:239,0
DA:240,0
DA:244,0
DA:245,0
DA:249,0
DA:250,0
DA:253,0
DA:259,0
DA:262,0
DA:263,0
DA:266,0
DA:269,0
DA:270,0
DA:274,0
DA:275,0
DA:277,0
DA:284,0
DA:292,0
DA:305,0
DA:306,0
DA:330,0
DA:331,0
DA:354,0
DA:355,0
DA:357,0
DA:367,0
DA:368,0
DA:373,0
LF:89
LH:0
BRDA:55,0,0,0
BRDA:62,1,0,0
BRDA:62,1,1,0
BRDA:95,2,0,0
BRDA:95,2,1,0
BRDA:95,3,0,0
BRDA:95,3,1,0
BRDA:96,4,0,0
BRDA:96,4,1,0
BRDA:110,5,0,0
BRDA:110,5,1,0
BRDA:110,6,0,0
BRDA:110,6,1,0
BRDA:110,6,2,0
BRDA:120,7,0,0
BRDA:120,7,1,0
BRDA:120,8,0,0
BRDA:120,8,1,0
BRDA:128,9,0,0
BRDA:128,9,1,0
BRDA:128,10,0,0
BRDA:128,10,1,0
BRDA:139,11,0,0
BRDA:139,11,1,0
BRDA:139,12,0,0
BRDA:139,12,1,0
BRDA:149,13,0,0
BRDA:149,13,1,0
BRDA:159,14,0,0
BRDA:159,14,1,0
BRDA:169,15,0,0
BRDA:169,15,1,0
BRDA:170,16,0,0
BRDA:170,16,1,0
BRDA:179,17,0,0
BRDA:179,17,1,0
BRDA:185,18,0,0
BRDA:185,18,1,0
BRDA:188,19,0,0
BRDA:188,19,1,0
BRDA:239,20,0,0
BRDA:239,20,1,0
BRDA:239,21,0,0
BRDA:239,21,1,0
BRDA:244,22,0,0
BRDA:244,22,1,0
BRDA:244,23,0,0
BRDA:244,23,1,0
BRDA:249,24,0,0
BRDA:249,24,1,0
BRDA:261,25,0,0
BRDA:261,26,0,0
BRDA:263,27,0,0
BRDA:263,27,1,0
BRDA:269,28,0,0
BRDA:269,28,1,0
BRDA:330,29,0,0
BRDA:330,29,1,0
BRDA:368,30,0,0
BRDA:368,30,1,0
BRF:60
BRH:0
end_of_record
TN:
SF:src\lib\security\rate-limiter.ts
FN:39,(anonymous_0)
FN:94,(anonymous_1)
FN:107,(anonymous_2)
FN:119,(anonymous_3)
FN:128,(anonymous_4)
FN:132,(anonymous_5)
FN:133,(anonymous_6)
FN:160,(anonymous_7)
FN:166,(anonymous_8)
FN:167,(anonymous_9)
FN:172,(anonymous_10)
FN:183,(anonymous_11)
FN:187,(anonymous_12)
FN:200,(anonymous_13)
FN:207,(anonymous_14)
FN:208,(anonymous_15)
FN:209,(anonymous_16)
FN:220,(anonymous_17)
FN:221,(anonymous_18)
FN:230,(anonymous_19)
FN:244,(anonymous_20)
FN:273,(anonymous_21)
FN:281,(anonymous_22)
FN:288,(anonymous_23)
FN:297,(anonymous_24)
FN:309,rateLimit
FN:310,(anonymous_26)
FN:313,(anonymous_27)
FNF:28
FNH:0
FNDA:0,(anonymous_0)
FNDA:0,(anonymous_1)
FNDA:0,(anonymous_2)
FNDA:0,(anonymous_3)
FNDA:0,(anonymous_4)
FNDA:0,(anonymous_5)
FNDA:0,(anonymous_6)
FNDA:0,(anonymous_7)
FNDA:0,(anonymous_8)
FNDA:0,(anonymous_9)
FNDA:0,(anonymous_10)
FNDA:0,(anonymous_11)
FNDA:0,(anonymous_12)
FNDA:0,(anonymous_13)
FNDA:0,(anonymous_14)
FNDA:0,(anonymous_15)
FNDA:0,(anonymous_16)
FNDA:0,(anonymous_17)
FNDA:0,(anonymous_18)
FNDA:0,(anonymous_19)
FNDA:0,(anonymous_20)
FNDA:0,(anonymous_21)
FNDA:0,(anonymous_22)
FNDA:0,(anonymous_23)
FNDA:0,(anonymous_24)
FNDA:0,rateLimit
FNDA:0,(anonymous_26)
FNDA:0,(anonymous_27)
DA:27,0
DA:28,0
DA:43,0
DA:44,0
DA:45,0
DA:47,0
DA:50,0
DA:51,0
DA:59,0
DA:60,0
DA:65,0
DA:69,0
DA:70,0
DA:71,0
DA:72,0
DA:76,0
DA:81,0
DA:82,0
DA:84,0
DA:95,0
DA:96,0
DA:98,0
DA:100,0
DA:108,0
DA:109,0
DA:111,0
DA:112,0
DA:124,0
DA:125,0
DA:126,0
DA:128,0
DA:129,0
DA:130,0
DA:132,0
DA:133,0
DA:134,0
DA:135,0
DA:136,0
DA:139,0
DA:140,0
DA:141,0
DA:143,0
DA:145,0
DA:146,0
DA:147,0
DA:149,0
DA:151,0
DA:164,0
DA:166,0
DA:167,0
DA:168,0
DA:169,0
DA:172,0
DA:173,0
DA:174,0
DA:184,0
DA:185,0
DA:187,0
DA:188,0
DA:189,0
DA:192,0
DA:193,0
DA:195,0
DA:196,0
DA:198,0
DA:200,0
DA:201,0
DA:206,0
DA:208,0
DA:209,0
DA:210,0
DA:211,0
DA:212,0
DA:214,0
DA:217,0
DA:220,0
DA:222,0
DA:231,0
DA:233,0
DA:235,0
DA:236,0
DA:250,0
DA:251,0
DA:252,0
DA:254,0
DA:255,0
DA:262,0
DA:274,0
DA:275,0
DA:282,0
DA:290,0
DA:291,0
DA:299,0
DA:304,0
DA:310,0
DA:311,0
DA:313,0
DA:314,0
DA:315,0
DA:317,0
DA:318,0
DA:319,0
DA:320,0
DA:323,0
DA:324,0
DA:325,0
DA:326,0
DA:328,0
DA:329,0
DA:333,0
LF:110
LH:0
BRDA:41,0,0,0
BRDA:50,1,0,0
BRDA:50,1,1,0
BRDA:50,2,0,0
BRDA:50,2,1,0
BRDA:59,3,0,0
BRDA:59,3,1,0
BRDA:59,4,0,0
BRDA:59,4,1,0
BRDA:69,5,0,0
BRDA:69,5,1,0
BRDA:98,6,0,0
BRDA:98,6,1,0
BRDA:111,7,0,0
BRDA:111,7,1,0
BRDA:122,8,0,0
BRDA:126,9,0,0
BRDA:126,10,0,0
BRDA:139,11,0,0
BRDA:139,11,1,0
BRDA:140,12,0,0
BRDA:140,12,1,0
BRDA:145,13,0,0
BRDA:145,13,1,0
BRDA:146,14,0,0
BRDA:146,14,1,0
BRDA:168,15,0,0
BRDA:168,15,1,0
BRDA:183,16,0,0
BRDA:183,17,0,0
BRDA:188,18,0,0
BRDA:188,18,1,0
BRDA:188,19,0,0
BRDA:188,19,1,0
BRDA:235,20,0,0
BRDA:235,20,1,0
BRDA:254,21,0,0
BRDA:254,21,1,0
BRDA:266,22,0,0
BRDA:266,22,1,0
BRDA:309,23,0,0
BRDA:317,24,0,0
BRDA:317,24,1,0
BRF:43
BRH:0
end_of_record
TN:
SF:src\lib\security\secure-http-client.ts
FN:36,(anonymous_0)
FN:45,(anonymous_1)
FN:98,(anonymous_2)
FN:105,(anonymous_3)
FN:126,(anonymous_4)
FN:147,(anonymous_5)
FN:154,(anonymous_6)
FN:169,(anonymous_7)
FN:201,(anonymous_8)
FN:206,(anonymous_9)
FN:226,(anonymous_10)
FN:257,(anonymous_11)
FN:290,(anonymous_12)
FN:305,(anonymous_13)
FN:311,(anonymous_14)
FN:328,(anonymous_15)
FN:342,(anonymous_16)
FN:349,(anonymous_17)
FN:368,(anonymous_18)
FN:369,(anonymous_19)
FN:378,(anonymous_20)
FNF:21
FNH:0
FNDA:0,(anonymous_0)
FNDA:0,(anonymous_1)
FNDA:0,(anonymous_2)
FNDA:0,(anonymous_3)
FNDA:0,(anonymous_4)
FNDA:0,(anonymous_5)
FNDA:0,(anonymous_6)
FNDA:0,(anonymous_7)
FNDA:0,(anonymous_8)
FNDA:0,(anonymous_9)
FNDA:0,(anonymous_10)
FNDA:0,(anonymous_11)
FNDA:0,(anonymous_12)
FNDA:0,(anonymous_13)
FNDA:0,(anonymous_14)
FNDA:0,(anonymous_15)
FNDA:0,(anonymous_16)
FNDA:0,(anonymous_17)
FNDA:0,(anonymous_18)
FNDA:0,(anonymous_19)
FNDA:0,(anonymous_20)
DA:33,0
DA:34,0
DA:37,0
DA:38,0
DA:39,0
DA:49,0
DA:50,0
DA:53,0
DA:59,0
DA:61,0
DA:63,0
DA:64,0
DA:65,0
DA:66,0
DA:67,0
DA:71,0
DA:72,0
DA:74,0
DA:75,0
DA:76,0
DA:79,0
DA:81,0
DA:83,0
DA:84,0
DA:87,0
DA:88,0
DA:91,0
DA:99,0
DA:110,0
DA:112,0
DA:131,0
DA:133,0
DA:148,0
DA:159,0
DA:160,0
DA:164,0
DA:165,0
DA:167,0
DA:168,0
DA:169,0
DA:170,0
DA:173,0
DA:176,0
DA:177,0
DA:180,0
DA:182,0
DA:185,0
DA:190,0
DA:195,0
DA:202,0
DA:203,0
DA:206,0
DA:208,0
DA:209,0
DA:211,0
DA:217,0
DA:219,0
DA:227,0
DA:236,0
DA:237,0
DA:238,0
DA:239,0
DA:244,0
DA:247,0
DA:248,0
DA:249,0
DA:251,0
DA:259,0
DA:261,0
DA:262,0
DA:263,0
DA:266,0
DA:267,0
DA:271,0
DA:272,0
DA:273,0
DA:276,0
DA:278,0
DA:279,0
DA:281,0
DA:284,0
DA:291,0
DA:292,0
DA:295,0
DA:296,0
DA:299,0
DA:306,0
DA:307,0
DA:310,0
DA:311,0
DA:314,0
DA:315,0
DA:316,0
DA:317,0
DA:319,0
DA:322,0
DA:329,0
DA:330,0
DA:333,0
DA:334,0
DA:336,0
DA:343,0
DA:350,0
DA:353,0
DA:362,0
DA:369,0
DA:379,0
DA:381,0
DA:382,0
DA:383,0
DA:390,0
LF:111
LH:0
BRDA:36,0,0,0
BRDA:38,1,0,0
BRDA:38,1,1,0
BRDA:47,2,0,0
BRDA:63,3,0,0
BRDA:63,3,1,0
BRDA:65,4,0,0
BRDA:65,4,1,0
BRDA:87,5,0,0
BRDA:87,5,1,0
BRDA:98,6,0,0
BRDA:108,7,0,0
BRDA:110,8,0,0
BRDA:110,8,1,0
BRDA:115,9,0,0
BRDA:115,9,1,0
BRDA:129,10,0,0
BRDA:131,11,0,0
BRDA:131,11,1,0
BRDA:136,12,0,0
BRDA:136,12,1,0
BRDA:147,13,0,0
BRDA:159,14,0,0
BRDA:159,14,1,0
BRDA:160,15,0,0
BRDA:160,15,1,0
BRDA:167,16,0,0
BRDA:167,16,1,0
BRDA:176,17,0,0
BRDA:176,17,1,0
BRDA:176,18,0,0
BRDA:176,18,1,0
BRDA:185,19,0,0
BRDA:185,19,1,0
BRDA:185,20,0,0
BRDA:185,20,1,0
BRDA:185,20,2,0
BRDA:185,20,3,0
BRDA:203,21,0,0
BRDA:203,21,1,0
BRDA:236,22,0,0
BRDA:236,22,1,0
BRDA:238,23,0,0
BRDA:238,23,1,0
BRDA:259,24,0,0
BRDA:259,24,1,0
BRDA:271,25,0,0
BRDA:271,25,1,0
BRDA:278,26,0,0
BRDA:278,26,1,0
BRDA:278,27,0,0
BRDA:278,27,1,0
BRDA:291,28,0,0
BRDA:291,28,1,0
BRDA:295,29,0,0
BRDA:295,29,1,0
BRDA:295,30,0,0
BRDA:295,30,1,0
BRDA:306,31,0,0
BRDA:306,31,1,0
BRDA:310,32,0,0
BRDA:310,32,1,0
BRDA:314,33,0,0
BRDA:314,33,1,0
BRDA:314,34,0,0
BRDA:314,34,1,0
BRDA:329,35,0,0
BRDA:329,35,1,0
BRDA:333,36,0,0
BRDA:333,36,1,0
BRDA:334,37,0,0
BRDA:334,37,1,0
BRDA:350,38,0,0
BRDA:350,38,1,0
BRDA:378,39,0,0
BRDA:382,40,0,0
BRDA:382,40,1,0
BRF:77
BRH:0
end_of_record
TN:
SF:src\lib\security\security-middleware.ts
FN:35,(anonymous_0)
FN:64,(anonymous_1)
FN:70,(anonymous_2)
FN:150,(anonymous_3)
FN:168,(anonymous_4)
FN:169,(anonymous_5)
FN:175,(anonymous_6)
FN:198,(anonymous_7)
FN:207,(anonymous_8)
FN:217,(anonymous_9)
FN:231,(anonymous_10)
FN:279,(anonymous_11)
FN:311,(anonymous_12)
FN:330,(anonymous_13)
FN:352,(anonymous_14)
FN:357,(anonymous_15)
FN:366,(anonymous_16)
FN:386,(anonymous_17)
FN:401,(anonymous_18)
FN:408,(anonymous_19)
FN:415,(anonymous_20)
FNF:21
FNH:0
FNDA:0,(anonymous_0)
FNDA:0,(anonymous_1)
FNDA:0,(anonymous_2)
FNDA:0,(anonymous_3)
FNDA:0,(anonymous_4)
FNDA:0,(anonymous_5)
FNDA:0,(anonymous_6)
FNDA:0,(anonymous_7)
FNDA:0,(anonymous_8)
FNDA:0,(anonymous_9)
FNDA:0,(anonymous_10)
FNDA:0,(anonymous_11)
FNDA:0,(anonymous_12)
FNDA:0,(anonymous_13)
FNDA:0,(anonymous_14)
FNDA:0,(anonymous_15)
FNDA:0,(anonymous_16)
FNDA:0,(anonymous_17)
FNDA:0,(anonymous_18)
FNDA:0,(anonymous_19)
FNDA:0,(anonymous_20)
DA:32,0
DA:33,0
DA:36,0
DA:53,0
DA:64,0
DA:71,0
DA:73,0
DA:74,0
DA:76,0
DA:78,0
DA:79,0
DA:80,0
DA:84,0
DA:85,0
DA:86,0
DA:87,0
DA:91,0
DA:92,0
DA:93,0
DA:97,0
DA:98,0
DA:99,0
DA:100,0
DA:104,0
DA:105,0
DA:106,0
DA:110,0
DA:111,0
DA:112,0
DA:113,0
DA:114,0
DA:115,0
DA:120,0
DA:121,0
DA:122,0
DA:123,0
DA:124,0
DA:125,0
DA:130,0
DA:131,0
DA:132,0
DA:133,0
DA:134,0
DA:139,0
DA:142,0
DA:143,0
DA:151,0
DA:152,0
DA:154,0
DA:155,0
DA:158,0
DA:159,0
DA:162,0
DA:169,0
DA:176,0
DA:177,0
DA:178,0
DA:180,0
DA:182,0
DA:183,0
DA:184,0
DA:187,0
DA:188,0
DA:191,0
DA:192,0
DA:199,0
DA:201,0
DA:203,0
DA:206,0
DA:207,0
DA:208,0
DA:211,0
DA:218,0
DA:220,0
DA:221,0
DA:222,0
DA:225,0
DA:232,0
DA:235,0
DA:236,0
DA:237,0
DA:238,0
DA:239,0
DA:244,0
DA:245,0
DA:246,0
DA:247,0
DA:248,0
DA:249,0
DA:250,0
DA:256,0
DA:257,0
DA:258,0
DA:259,0
DA:260,0
DA:261,0
DA:262,0
DA:270,0
DA:280,0
DA:283,0
DA:284,0
DA:285,0
DA:286,0
DA:291,0
DA:292,0
DA:293,0
DA:294,0
DA:295,0
DA:302,0
DA:312,0
DA:314,0
DA:315,0
DA:319,0
DA:320,0
DA:324,0
DA:331,0
DA:334,0
DA:337,0
DA:338,0
DA:339,0
DA:340,0
DA:341,0
DA:344,0
DA:346,0
DA:353,0
DA:354,0
DA:357,0
DA:358,0
DA:359,0
DA:367,0
DA:387,0
DA:402,0
DA:409,0
DA:416,0
DA:421,0
LF:135
LH:0
BRDA:35,0,0,0
BRDA:74,1,0,0
BRDA:74,1,1,0
BRDA:78,2,0,0
BRDA:78,2,1,0
BRDA:84,3,0,0
BRDA:84,3,1,0
BRDA:91,4,0,0
BRDA:91,4,1,0
BRDA:91,5,0,0
BRDA:91,5,1,0
BRDA:98,6,0,0
BRDA:98,6,1,0
BRDA:104,7,0,0
BRDA:104,7,1,0
BRDA:110,8,0,0
BRDA:110,8,1,0
BRDA:112,9,0,0
BRDA:112,9,1,0
BRDA:120,10,0,0
BRDA:120,10,1,0
BRDA:122,11,0,0
BRDA:122,11,1,0
BRDA:130,12,0,0
BRDA:130,12,1,0
BRDA:130,13,0,0
BRDA:130,13,1,0
BRDA:132,14,0,0
BRDA:132,14,1,0
BRDA:154,15,0,0
BRDA:154,15,1,0
BRDA:158,16,0,0
BRDA:158,16,1,0
BRDA:162,17,0,0
BRDA:162,17,1,0
BRDA:182,18,0,0
BRDA:182,18,1,0
BRDA:182,19,0,0
BRDA:182,19,1,0
BRDA:187,20,0,0
BRDA:187,20,1,0
BRDA:201,21,0,0
BRDA:201,21,1,0
BRDA:208,22,0,0
BRDA:208,22,1,0
BRDA:220,23,0,0
BRDA:220,23,1,0
BRDA:238,24,0,0
BRDA:238,24,1,0
BRDA:247,25,0,0
BRDA:247,25,1,0
BRDA:249,26,0,0
BRDA:249,26,1,0
BRDA:256,27,0,0
BRDA:256,27,1,0
BRDA:259,28,0,0
BRDA:259,28,1,0
BRDA:261,29,0,0
BRDA:261,29,1,0
BRDA:285,30,0,0
BRDA:285,30,1,0
BRDA:291,31,0,0
BRDA:291,31,1,0
BRDA:294,32,0,0
BRDA:294,32,1,0
BRDA:294,33,0,0
BRDA:294,33,1,0
BRDA:314,34,0,0
BRDA:314,34,1,0
BRDA:319,35,0,0
BRDA:319,35,1,0
BRDA:319,36,0,0
BRDA:319,36,1,0
BRF:73
BRH:0
end_of_record
TN:
SF:src\lib\validation\auth-schemas.ts
FN:34,(anonymous_0)
FN:36,(anonymous_1)
FNF:2
FNH:0
FNDA:0,(anonymous_0)
FNDA:0,(anonymous_1)
DA:3,0
DA:9,0
DA:18,0
DA:24,0
DA:34,0
DA:36,0
DA:41,0
LF:7
LH:0
BRF:0
BRH:0
end_of_record
TN:
SF:src\pages\_app.tsx
FN:4,App
FNF:1
FNH:0
FNDA:0,App
DA:5,0
LF:1
LH:0
BRF:0
BRH:0
end_of_record
TN:
SF:src\pages\_document.tsx
FN:3,Document
FNF:1
FNH:0
FNDA:0,Document
DA:4,0
LF:1
LH:0
BRF:0
BRH:0
end_of_record
TN:
SF:src\pages\index.tsx
FN:1,HomePage
FNF:1
FNH:0
FNDA:0,HomePage
DA:2,0
LF:1
LH:0
BRF:0
BRH:0
end_of_record
TN:
SF:src\pages\m0-demo.tsx
FN:5,M0Demo
FN:9,(anonymous_1)
FN:12,(anonymous_2)
FN:15,(anonymous_3)
FN:18,(anonymous_4)
FN:21,(anonymous_5)
FNF:6
FNH:0
FNDA:0,M0Demo
FNDA:0,(anonymous_1)
FNDA:0,(anonymous_2)
FNDA:0,(anonymous_3)
FNDA:0,(anonymous_4)
FNDA:0,(anonymous_5)
DA:6,0
DA:7,0
DA:9,0
DA:10,0
DA:11,0
DA:12,0
DA:15,0
DA:16,0
DA:17,0
DA:18,0
DA:21,0
DA:22,0
DA:25,0
LF:13
LH:0
BRDA:36,0,0,0
BRDA:36,0,1,0
BRDA:36,0,2,0
BRDA:38,1,0,0
BRDA:38,1,1,0
BRDA:41,2,0,0
BRDA:41,2,1,0
BRF:7
BRH:0
end_of_record
TN:
SF:src\pages\auth\forgot-password.tsx
FN:3,ForgotPasswordPage
FNF:1
FNH:0
FNDA:0,ForgotPasswordPage
DA:4,0
LF:1
LH:0
BRF:0
BRH:0
end_of_record
TN:
SF:src\pages\auth\signin.tsx
FN:3,SignInPage
FNF:1
FNH:0
FNDA:0,SignInPage
DA:4,0
LF:1
LH:0
BRF:0
BRH:0
end_of_record
TN:
SF:src\pages\auth\signup.tsx
FN:3,SignUpPage
FNF:1
FNH:0
FNDA:0,SignUpPage
DA:4,0
LF:1
LH:0
BRF:0
BRH:0
end_of_record
TN:
SF:src\pages\chat\demo.tsx
FN:14,DemoPage
FN:37,(anonymous_1)
FNF:2
FNH:0
FNDA:0,DemoPage
FNDA:0,(anonymous_1)
DA:19,0
DA:37,0
DA:38,0
DA:40,0
DA:159,0
DA:167,0
DA:168,0
LF:7
LH:0
BRF:0
BRH:0
end_of_record
TN:
SF:src\types\auth.ts
FNF:0
FNH:0
LF:0
LH:0
BRF:0
BRH:0
end_of_record
TN:
SF:src\types\chat.ts
FNF:0
FNH:0
LF:0
LH:0
BRF:0
BRH:0
end_of_record
TN:
SF:src\utils\security.ts
FN:21,(anonymous_0)
FN:34,(anonymous_1)
FN:87,(anonymous_2)
FN:104,(anonymous_3)
FN:112,(anonymous_4)
FN:151,(anonymous_5)
FN:169,(anonymous_6)
FN:175,(anonymous_7)
FN:196,(anonymous_8)
FN:221,(anonymous_9)
FN:241,(anonymous_10)
FN:247,(anonymous_11)
FN:266,(anonymous_12)
FN:281,(anonymous_13)
FN:300,(anonymous_14)
FN:322,(anonymous_15)
FN:337,(anonymous_16)
FN:352,(anonymous_17)
FN:399,(anonymous_18)
FN:447,(anonymous_19)
FN:465,(anonymous_20)
FN:474,(anonymous_21)
FN:486,(anonymous_22)
FN:500,(anonymous_23)
FN:513,(anonymous_24)
FN:529,(anonymous_25)
FNF:26
FNH:0
FNDA:0,(anonymous_0)
FNDA:0,(anonymous_1)
FNDA:0,(anonymous_2)
FNDA:0,(anonymous_3)
FNDA:0,(anonymous_4)
FNDA:0,(anonymous_5)
FNDA:0,(anonymous_6)
FNDA:0,(anonymous_7)
FNDA:0,(anonymous_8)
FNDA:0,(anonymous_9)
FNDA:0,(anonymous_10)
FNDA:0,(anonymous_11)
FNDA:0,(anonymous_12)
FNDA:0,(anonymous_13)
FNDA:0,(anonymous_14)
FNDA:0,(anonymous_15)
FNDA:0,(anonymous_16)
FNDA:0,(anonymous_17)
FNDA:0,(anonymous_18)
FNDA:0,(anonymous_19)
FNDA:0,(anonymous_20)
FNDA:0,(anonymous_21)
FNDA:0,(anonymous_22)
FNDA:0,(anonymous_23)
FNDA:0,(anonymous_24)
FNDA:0,(anonymous_25)
DA:22,0
DA:23,0
DA:27,0
DA:30,0
DA:33,0
DA:34,0
DA:35,0
DA:36,0
DA:40,0
DA:43,0
DA:46,0
DA:49,0
DA:52,0
DA:55,0
DA:58,0
DA:61,0
DA:62,0
DA:63,0
DA:64,0
DA:65,0
DA:66,0
DA:69,0
DA:72,0
DA:75,0
DA:79,0
DA:81,0
DA:88,0
DA:104,0
DA:105,0
DA:113,0
DA:114,0
DA:118,0
DA:119,0
DA:123,0
DA:124,0
DA:127,0
DA:128,0
DA:130,0
DA:133,0
DA:134,0
DA:138,0
DA:139,0
DA:143,0
DA:145,0
DA:152,0
DA:169,0
DA:176,0
DA:178,0
DA:179,0
DA:181,0
DA:182,0
DA:183,0
DA:184,0
DA:186,0
DA:190,0
DA:197,0
DA:198,0
DA:201,0
DA:202,0
DA:203,0
DA:205,0
DA:206,0
DA:210,0
DA:211,0
DA:215,0
DA:222,0
DA:223,0
DA:226,0
DA:241,0
DA:248,0
DA:249,0
DA:253,0
DA:260,0
DA:267,0
DA:268,0
DA:271,0
DA:272,0
DA:275,0
DA:276,0
DA:280,0
DA:281,0
DA:282,0
DA:286,0
DA:287,0
DA:291,0
DA:293,0
DA:301,0
DA:302,0
DA:305,0
DA:306,0
DA:322,0
DA:323,0
DA:324,0
DA:328,0
DA:338,0
DA:339,0
DA:340,0
DA:342,0
DA:343,0
DA:346,0
DA:357,0
DA:358,0
DA:361,0
DA:362,0
DA:366,0
DA:367,0
DA:371,0
DA:372,0
DA:373,0
DA:374,0
DA:379,0
DA:380,0
DA:381,0
DA:382,0
DA:386,0
DA:387,0
DA:390,0
DA:405,0
DA:406,0
DA:407,0
DA:409,0
DA:410,0
DA:411,0
DA:415,0
DA:416,0
DA:417,0
DA:418,0
DA:420,0
DA:421,0
DA:425,0
DA:426,0
DA:428,0
DA:429,0
DA:431,0
DA:432,0
DA:434,0
DA:435,0
DA:438,0
DA:447,0
DA:448,0
DA:449,0
DA:450,0
DA:454,0
DA:466,0
DA:467,0
DA:470,0
DA:472,0
DA:474,0
DA:475,0
DA:483,0
DA:486,0
DA:487,0
DA:497,0
DA:500,0
DA:501,0
DA:504,0
DA:506,0
DA:514,0
DA:515,0
DA:518,0
DA:529,0
LF:161
LH:0
BRDA:22,0,0,0
BRDA:22,0,1,0
BRDA:22,1,0,0
BRDA:22,1,1,0
BRDA:105,2,0,0
BRDA:105,2,1,0
BRDA:113,3,0,0
BRDA:113,3,1,0
BRDA:113,4,0,0
BRDA:113,4,1,0
BRDA:118,5,0,0
BRDA:118,5,1,0
BRDA:123,6,0,0
BRDA:123,6,1,0
BRDA:124,7,0,0
BRDA:124,7,1,0
BRDA:128,8,0,0
BRDA:128,8,1,0
BRDA:133,9,0,0
BRDA:133,9,1,0
BRDA:133,10,0,0
BRDA:133,10,1,0
BRDA:133,10,2,0
BRDA:133,10,3,0
BRDA:138,11,0,0
BRDA:138,11,1,0
BRDA:138,12,0,0
BRDA:138,12,1,0
BRDA:138,12,2,0
BRDA:138,12,3,0
BRDA:181,13,0,0
BRDA:181,13,1,0
BRDA:183,14,0,0
BRDA:183,14,1,0
BRDA:183,15,0,0
BRDA:183,15,1,0
BRDA:196,16,0,0
BRDA:201,17,0,0
BRDA:201,17,1,0
BRDA:201,18,0,0
BRDA:201,18,1,0
BRDA:222,19,0,0
BRDA:222,19,1,0
BRDA:222,20,0,0
BRDA:222,20,1,0
BRDA:248,21,0,0
BRDA:248,21,1,0
BRDA:248,22,0,0
BRDA:248,22,1,0
BRDA:266,23,0,0
BRDA:267,24,0,0
BRDA:267,24,1,0
BRDA:267,25,0,0
BRDA:267,25,1,0
BRDA:275,26,0,0
BRDA:275,26,1,0
BRDA:280,27,0,0
BRDA:280,27,1,0
BRDA:282,28,0,0
BRDA:282,28,1,0
BRDA:286,29,0,0
BRDA:286,29,1,0
BRDA:301,30,0,0
BRDA:301,30,1,0
BRDA:301,31,0,0
BRDA:301,31,1,0
BRDA:323,32,0,0
BRDA:323,32,1,0
BRDA:339,33,0,0
BRDA:339,33,1,0
BRDA:339,34,0,0
BRDA:339,34,1,0
BRDA:352,35,0,0
BRDA:358,36,0,0
BRDA:358,37,0,0
BRDA:358,38,0,0
BRDA:361,39,0,0
BRDA:361,39,1,0
BRDA:366,40,0,0
BRDA:366,40,1,0
BRDA:366,41,0,0
BRDA:366,41,1,0
BRDA:371,42,0,0
BRDA:371,42,1,0
BRDA:373,43,0,0
BRDA:373,43,1,0
BRDA:373,44,0,0
BRDA:373,44,1,0
BRDA:381,45,0,0
BRDA:381,45,1,0
BRDA:381,46,0,0
BRDA:381,46,1,0
BRDA:386,47,0,0
BRDA:386,47,1,0
BRDA:386,48,0,0
BRDA:386,48,1,0
BRDA:386,48,2,0
BRDA:409,49,0,0
BRDA:409,49,1,0
BRDA:415,50,0,0
BRDA:415,50,1,0
BRDA:417,51,0,0
BRDA:417,51,1,0
BRDA:425,52,0,0
BRDA:425,52,1,0
BRDA:428,53,0,0
BRDA:428,53,1,0
BRDA:431,54,0,0
BRDA:431,54,1,0
BRDA:434,55,0,0
BRDA:434,55,1,0
BRDA:448,56,0,0
BRDA:448,56,1,0
BRDA:455,57,0,0
BRDA:455,57,1,0
BRDA:466,58,0,0
BRDA:466,58,1,0
BRDA:466,59,0,0
BRDA:466,59,1,0
BRDA:470,60,0,0
BRDA:470,60,1,0
BRDA:470,60,2,0
BRDA:470,60,3,0
BRDA:470,60,4,0
BRDA:470,60,5,0
BRDA:483,61,0,0
BRDA:483,61,1,0
BRDA:497,62,0,0
BRDA:497,62,1,0
BRDA:514,63,0,0
BRDA:514,63,1,0
BRDA:514,64,0,0
BRDA:514,64,1,0
BRF:133
BRH:0
end_of_record
